<?xml version="1.0" encoding="UTF-8"?>
<coverage generated="1766203622985" clover="3.2.0">
  <project timestamp="1766203622985" name="All files">
    <metrics statements="420" coveredstatements="204" conditionals="268" coveredconditionals="103" methods="62" coveredmethods="20" elements="750" coveredelements="327" complexity="0" loc="420" ncloc="420" packages="3" files="10" classes="10"/>
    <package name="Models">
      <metrics statements="109" coveredstatements="98" conditionals="100" coveredconditionals="82" methods="7" coveredmethods="7"/>
      <file name="carModel.js" path="D:\UNI\3. YEAR 3\Fall\CSCI313 Software Engineering\Project\E-Commerce_Website\backend\Models\carModel.js">
        <metrics statements="57" coveredstatements="48" conditionals="69" coveredconditionals="53" methods="3" coveredmethods="3"/>
        <line num="1" count="2" type="stmt"/>
        <line num="4" count="2" type="stmt"/>
        <line num="7" count="2" type="stmt"/>
        <line num="63" count="2" type="cond" truecount="1" falsecount="0"/>
        <line num="66" count="48" type="cond" truecount="14" falsecount="0"/>
        <line num="67" count="3" type="stmt"/>
        <line num="70" count="45" type="cond" truecount="4" falsecount="0"/>
        <line num="71" count="2" type="stmt"/>
        <line num="74" count="43" type="cond" truecount="4" falsecount="0"/>
        <line num="75" count="1" type="stmt"/>
        <line num="78" count="42" type="cond" truecount="2" falsecount="0"/>
        <line num="79" count="1" type="stmt"/>
        <line num="82" count="41" type="stmt"/>
        <line num="83" count="41" type="cond" truecount="5" falsecount="0"/>
        <line num="84" count="2" type="stmt"/>
        <line num="87" count="39" type="stmt"/>
        <line num="89" count="39" type="stmt"/>
        <line num="94" count="2" type="stmt"/>
        <line num="96" count="6" type="cond" truecount="2" falsecount="0"/>
        <line num="97" count="1" type="stmt"/>
        <line num="101" count="5" type="cond" truecount="2" falsecount="0"/>
        <line num="102" count="1" type="stmt"/>
        <line num="106" count="4" type="stmt"/>
        <line num="109" count="4" type="cond" truecount="2" falsecount="0"/>
        <line num="111" count="2" type="stmt"/>
        <line num="115" count="2" type="stmt"/>
        <line num="118" count="2" type="stmt"/>
        <line num="120" count="5" type="cond" truecount="1" falsecount="1"/>
        <line num="122" count="0" type="stmt"/>
        <line num="128" count="5" type="cond" truecount="2" falsecount="0"/>
        <line num="130" count="1" type="stmt"/>
        <line num="136" count="4" type="stmt"/>
        <line num="138" count="4" type="stmt"/>
        <line num="144" count="4" type="stmt"/>
        <line num="146" count="44" type="cond" truecount="2" falsecount="0"/>
        <line num="148" count="6" type="stmt"/>
        <line num="156" count="4" type="cond" truecount="1" falsecount="1"/>
        <line num="158" count="0" type="stmt"/>
        <line num="166" count="4" type="cond" truecount="1" falsecount="1"/>
        <line num="168" count="4" type="cond" truecount="3" falsecount="1"/>
        <line num="170" count="0" type="stmt"/>
        <line num="177" count="4" type="cond" truecount="1" falsecount="1"/>
        <line num="178" count="0" type="cond" truecount="0" falsecount="4"/>
        <line num="179" count="0" type="stmt"/>
        <line num="184" count="4" type="cond" truecount="2" falsecount="0"/>
        <line num="185" count="2" type="cond" truecount="1" falsecount="1"/>
        <line num="186" count="0" type="stmt"/>
        <line num="188" count="2" type="stmt"/>
        <line num="195" count="4" type="cond" truecount="1" falsecount="1"/>
        <line num="197" count="0" type="stmt"/>
        <line num="199" count="0" type="cond" truecount="0" falsecount="5"/>
        <line num="205" count="0" type="stmt"/>
        <line num="213" count="4" type="stmt"/>
        <line num="217" count="4" type="cond" truecount="2" falsecount="0"/>
        <line num="219" count="2" type="stmt"/>
        <line num="225" count="2" type="stmt"/>
        <line num="232" count="2" type="stmt"/>
      </file>
      <file name="orderModel.js" path="D:\UNI\3. YEAR 3\Fall\CSCI313 Software Engineering\Project\E-Commerce_Website\backend\Models\orderModel.js">
        <metrics statements="17" coveredstatements="17" conditionals="8" coveredconditionals="8" methods="2" coveredmethods="2"/>
        <line num="1" count="2" type="stmt"/>
        <line num="4" count="2" type="stmt"/>
        <line num="7" count="2" type="stmt"/>
        <line num="66" count="2" type="stmt"/>
        <line num="67" count="8" type="stmt"/>
        <line num="68" count="8" type="stmt"/>
        <line num="71" count="2" type="stmt"/>
        <line num="72" count="33" type="stmt"/>
        <line num="75" count="33" type="cond" truecount="4" falsecount="0"/>
        <line num="76" count="2" type="stmt"/>
        <line num="78" count="31" type="cond" truecount="2" falsecount="0"/>
        <line num="79" count="2" type="stmt"/>
        <line num="81" count="29" type="cond" truecount="2" falsecount="0"/>
        <line num="82" count="2" type="stmt"/>
        <line num="86" count="27" type="stmt"/>
        <line num="94" count="26" type="stmt"/>
        <line num="97" count="2" type="stmt"/>
      </file>
      <file name="userModel.js" path="D:\UNI\3. YEAR 3\Fall\CSCI313 Software Engineering\Project\E-Commerce_Website\backend\Models\userModel.js">
        <metrics statements="35" coveredstatements="33" conditionals="23" coveredconditionals="21" methods="2" coveredmethods="2"/>
        <line num="1" count="4" type="stmt"/>
        <line num="2" count="4" type="stmt"/>
        <line num="3" count="4" type="stmt"/>
        <line num="5" count="4" type="stmt"/>
        <line num="8" count="4" type="stmt"/>
        <line num="33" count="4" type="stmt"/>
        <line num="37" count="98" type="cond" truecount="5" falsecount="0"/>
        <line num="38" count="6" type="stmt"/>
        <line num="40" count="92" type="cond" truecount="2" falsecount="0"/>
        <line num="41" count="2" type="stmt"/>
        <line num="43" count="90" type="cond" truecount="2" falsecount="0"/>
        <line num="44" count="2" type="stmt"/>
        <line num="47" count="88" type="stmt"/>
        <line num="48" count="88" type="cond" truecount="2" falsecount="0"/>
        <line num="49" count="2" type="stmt"/>
        <line num="51" count="86" type="stmt"/>
        <line num="52" count="86" type="cond" truecount="1" falsecount="1"/>
        <line num="53" count="0" type="stmt"/>
        <line num="56" count="86" type="stmt"/>
        <line num="57" count="86" type="stmt"/>
        <line num="59" count="86" type="stmt"/>
        <line num="61" count="86" type="stmt"/>
        <line num="66" count="4" type="stmt"/>
        <line num="67" count="13" type="cond" truecount="4" falsecount="0"/>
        <line num="68" count="4" type="stmt"/>
        <line num="70" count="9" type="cond" truecount="1" falsecount="1"/>
        <line num="71" count="0" type="stmt"/>
        <line num="73" count="9" type="stmt"/>
        <line num="74" count="9" type="cond" truecount="2" falsecount="0"/>
        <line num="75" count="2" type="stmt"/>
        <line num="78" count="7" type="stmt"/>
        <line num="79" count="7" type="cond" truecount="2" falsecount="0"/>
        <line num="80" count="2" type="stmt"/>
        <line num="83" count="5" type="stmt"/>
        <line num="90" count="4" type="stmt"/>
      </file>
    </package>
    <package name="controllers">
      <metrics statements="293" coveredstatements="90" conditionals="164" coveredconditionals="17" methods="53" coveredmethods="11"/>
      <file name="carController.js" path="D:\UNI\3. YEAR 3\Fall\CSCI313 Software Engineering\Project\E-Commerce_Website\backend\controllers\carController.js">
        <metrics statements="56" coveredstatements="49" conditionals="18" coveredconditionals="15" methods="8" coveredmethods="6"/>
        <line num="1" count="1" type="stmt"/>
        <line num="2" count="1" type="stmt"/>
        <line num="4" count="1" type="stmt"/>
        <line num="5" count="2" type="stmt"/>
        <line num="7" count="2" type="stmt"/>
        <line num="8" count="2" type="stmt"/>
        <line num="10" count="2" type="cond" truecount="2" falsecount="0"/>
        <line num="11" count="1" type="stmt"/>
        <line num="13" count="1" type="stmt"/>
        <line num="16" count="0" type="stmt"/>
        <line num="20" count="1" type="stmt"/>
        <line num="21" count="4" type="stmt"/>
        <line num="23" count="4" type="stmt"/>
        <line num="25" count="4" type="cond" truecount="2" falsecount="0"/>
        <line num="26" count="1" type="stmt"/>
        <line num="29" count="3" type="stmt"/>
        <line num="31" count="3" type="cond" truecount="2" falsecount="0"/>
        <line num="32" count="2" type="stmt"/>
        <line num="35" count="1" type="stmt"/>
        <line num="37" count="0" type="stmt"/>
        <line num="41" count="1" type="stmt"/>
        <line num="42" count="33" type="stmt"/>
        <line num="44" count="33" type="stmt"/>
        <line num="46" count="33" type="cond" truecount="1" falsecount="1"/>
        <line num="48" count="33" type="stmt"/>
        <line num="62" count="32" type="stmt"/>
        <line num="64" count="1" type="stmt"/>
        <line num="68" count="1" type="stmt"/>
        <line num="69" count="2" type="stmt"/>
        <line num="70" count="2" type="stmt"/>
        <line num="72" count="2" type="stmt"/>
        <line num="73" count="2" type="stmt"/>
        <line num="76" count="2" type="cond" truecount="2" falsecount="2"/>
        <line num="77" count="0" type="stmt"/>
        <line num="78" count="0" type="stmt"/>
        <line num="81" count="2" type="stmt"/>
        <line num="83" count="2" type="cond" truecount="2" falsecount="0"/>
        <line num="84" count="1" type="stmt"/>
        <line num="86" count="1" type="stmt"/>
        <line num="89" count="0" type="stmt"/>
        <line num="93" count="1" type="stmt"/>
        <line num="94" count="3" type="stmt"/>
        <line num="95" count="3" type="stmt"/>
        <line num="96" count="3" type="stmt"/>
        <line num="98" count="0" type="stmt"/>
        <line num="102" count="1" type="stmt"/>
        <line num="103" count="6" type="stmt"/>
        <line num="105" count="6" type="stmt"/>
        <line num="107" count="6" type="cond" truecount="4" falsecount="0"/>
        <line num="108" count="1" type="stmt"/>
        <line num="109" count="1" type="stmt"/>
        <line num="113" count="5" type="stmt"/>
        <line num="116" count="5" type="stmt"/>
        <line num="128" count="5" type="stmt"/>
        <line num="130" count="0" type="stmt"/>
        <line num="134" count="1" type="stmt"/>
      </file>
      <file name="chatbot.js" path="D:\UNI\3. YEAR 3\Fall\CSCI313 Software Engineering\Project\E-Commerce_Website\backend\controllers\chatbot.js">
        <metrics statements="6" coveredstatements="0" conditionals="0" coveredconditionals="0" methods="0" coveredmethods="0"/>
        <line num="1" count="0" type="stmt"/>
        <line num="2" count="0" type="stmt"/>
        <line num="4" count="0" type="stmt"/>
        <line num="7" count="0" type="stmt"/>
        <line num="10" count="0" type="stmt"/>
        <line num="12" count="0" type="stmt"/>
      </file>
      <file name="chatbotController.js" path="D:\UNI\3. YEAR 3\Fall\CSCI313 Software Engineering\Project\E-Commerce_Website\backend\controllers\chatbotController.js">
        <metrics statements="122" coveredstatements="0" conditionals="107" coveredconditionals="0" methods="28" coveredmethods="0"/>
        <line num="1" count="0" type="stmt"/>
        <line num="4" count="0" type="stmt"/>
        <line num="21" count="0" type="stmt"/>
        <line num="22" count="0" type="stmt"/>
        <line num="23" count="0" type="stmt"/>
        <line num="26" count="0" type="cond" truecount="0" falsecount="2"/>
        <line num="28" count="0" type="stmt"/>
        <line num="29" count="0" type="stmt"/>
        <line num="34" count="0" type="stmt"/>
        <line num="35" count="0" type="stmt"/>
        <line num="38" count="0" type="stmt"/>
        <line num="47" count="0" type="stmt"/>
        <line num="54" count="0" type="stmt"/>
        <line num="55" count="0" type="stmt"/>
        <line num="58" count="0" type="stmt"/>
        <line num="59" count="0" type="stmt"/>
        <line num="61" count="0" type="cond" truecount="0" falsecount="3"/>
        <line num="65" count="0" type="stmt"/>
        <line num="66" count="0" type="stmt"/>
        <line num="67" count="0" type="cond" truecount="0" falsecount="4"/>
        <line num="68" count="0" type="stmt"/>
        <line num="69" count="0" type="stmt"/>
        <line num="72" count="0" type="stmt"/>
        <line num="73" count="0" type="stmt"/>
        <line num="75" count="0" type="stmt"/>
        <line num="76" count="0" type="cond" truecount="0" falsecount="2"/>
        <line num="77" count="0" type="stmt"/>
        <line num="80" count="0" type="stmt"/>
        <line num="82" count="0" type="cond" truecount="0" falsecount="4"/>
        <line num="83" count="0" type="stmt"/>
        <line num="89" count="0" type="stmt"/>
        <line num="92" count="0" type="stmt"/>
        <line num="94" count="0" type="stmt"/>
        <line num="95" count="0" type="stmt"/>
        <line num="100" count="0" type="cond" truecount="0" falsecount="1"/>
        <line num="101" count="0" type="stmt"/>
        <line num="102" count="0" type="stmt"/>
        <line num="105" count="0" type="stmt"/>
        <line num="106" count="0" type="cond" truecount="0" falsecount="2"/>
        <line num="107" count="0" type="stmt"/>
        <line num="109" count="0" type="stmt"/>
        <line num="113" count="0" type="stmt"/>
        <line num="153" count="0" type="cond" truecount="0" falsecount="2"/>
        <line num="157" count="0" type="stmt"/>
        <line num="158" count="0" type="stmt"/>
        <line num="159" count="0" type="cond" truecount="0" falsecount="2"/>
        <line num="161" count="0" type="cond" truecount="0" falsecount="2"/>
        <line num="162" count="0" type="stmt"/>
        <line num="166" count="0" type="stmt"/>
        <line num="167" count="0" type="cond" truecount="0" falsecount="2"/>
        <line num="170" count="0" type="stmt"/>
        <line num="173" count="0" type="stmt"/>
        <line num="174" count="0" type="stmt"/>
        <line num="175" count="0" type="stmt"/>
        <line num="177" count="0" type="cond" truecount="0" falsecount="2"/>
        <line num="178" count="0" type="stmt"/>
        <line num="179" count="0" type="cond" truecount="0" falsecount="2"/>
        <line num="180" count="0" type="stmt"/>
        <line num="185" count="0" type="stmt"/>
        <line num="186" count="0" type="stmt"/>
        <line num="198" count="0" type="cond" truecount="0" falsecount="2"/>
        <line num="199" count="0" type="stmt"/>
        <line num="214" count="0" type="cond" truecount="0" falsecount="2"/>
        <line num="215" count="0" type="stmt"/>
        <line num="218" count="0" type="stmt"/>
        <line num="219" count="0" type="stmt"/>
        <line num="222" count="0" type="stmt"/>
        <line num="223" count="0" type="stmt"/>
        <line num="225" count="0" type="cond" truecount="0" falsecount="4"/>
        <line num="226" count="0" type="cond" truecount="0" falsecount="2"/>
        <line num="227" count="0" type="stmt"/>
        <line num="228" count="0" type="cond" truecount="0" falsecount="2"/>
        <line num="232" count="0" type="cond" truecount="0" falsecount="2"/>
        <line num="236" count="0" type="cond" truecount="0" falsecount="5"/>
        <line num="237" count="0" type="stmt"/>
        <line num="238" count="0" type="cond" truecount="0" falsecount="2"/>
        <line num="239" count="0" type="cond" truecount="0" falsecount="2"/>
        <line num="240" count="0" type="stmt"/>
        <line num="241" count="0" type="stmt"/>
        <line num="243" count="0" type="cond" truecount="0" falsecount="2"/>
        <line num="247" count="0" type="cond" truecount="0" falsecount="5"/>
        <line num="248" count="0" type="stmt"/>
        <line num="249" count="0" type="cond" truecount="0" falsecount="2"/>
        <line num="250" count="0" type="cond" truecount="0" falsecount="2"/>
        <line num="251" count="0" type="stmt"/>
        <line num="252" count="0" type="stmt"/>
        <line num="254" count="0" type="cond" truecount="0" falsecount="2"/>
        <line num="258" count="0" type="cond" truecount="0" falsecount="5"/>
        <line num="259" count="0" type="stmt"/>
        <line num="260" count="0" type="cond" truecount="0" falsecount="2"/>
        <line num="261" count="0" type="cond" truecount="0" falsecount="2"/>
        <line num="262" count="0" type="stmt"/>
        <line num="263" count="0" type="stmt"/>
        <line num="265" count="0" type="cond" truecount="0" falsecount="2"/>
        <line num="269" count="0" type="cond" truecount="0" falsecount="5"/>
        <line num="270" count="0" type="cond" truecount="0" falsecount="2"/>
        <line num="273" count="0" type="cond" truecount="0" falsecount="5"/>
        <line num="274" count="0" type="stmt"/>
        <line num="275" count="0" type="cond" truecount="0" falsecount="2"/>
        <line num="276" count="0" type="cond" truecount="0" falsecount="2"/>
        <line num="277" count="0" type="stmt"/>
        <line num="278" count="0" type="stmt"/>
        <line num="280" count="0" type="cond" truecount="0" falsecount="2"/>
        <line num="284" count="0" type="cond" truecount="0" falsecount="6"/>
        <line num="285" count="0" type="cond" truecount="0" falsecount="2"/>
        <line num="290" count="0" type="cond" truecount="0" falsecount="2"/>
        <line num="301" count="0" type="stmt"/>
        <line num="304" count="0" type="stmt"/>
        <line num="308" count="0" type="stmt"/>
        <line num="309" count="0" type="stmt"/>
        <line num="310" count="0" type="stmt"/>
        <line num="313" count="0" type="stmt"/>
        <line num="315" count="0" type="stmt"/>
        <line num="328" count="0" type="stmt"/>
        <line num="329" count="0" type="stmt"/>
        <line num="337" count="0" type="stmt"/>
        <line num="338" count="0" type="stmt"/>
        <line num="339" count="0" type="stmt"/>
        <line num="340" count="0" type="stmt"/>
        <line num="342" count="0" type="stmt"/>
        <line num="343" count="0" type="stmt"/>
        <line num="347" count="0" type="stmt"/>
      </file>
      <file name="chatbotCotroller.js" path="D:\UNI\3. YEAR 3\Fall\CSCI313 Software Engineering\Project\E-Commerce_Website\backend\controllers\chatbotCotroller.js">
        <metrics statements="67" coveredstatements="0" conditionals="37" coveredconditionals="0" methods="12" coveredmethods="0"/>
        <line num="1" count="0" type="stmt"/>
        <line num="4" count="0" type="stmt"/>
        <line num="5" count="0" type="stmt"/>
        <line num="6" count="0" type="stmt"/>
        <line num="7" count="0" type="stmt"/>
        <line num="8" count="0" type="stmt"/>
        <line num="10" count="0" type="stmt"/>
        <line num="13" count="0" type="cond" truecount="0" falsecount="2"/>
        <line num="14" count="0" type="stmt"/>
        <line num="18" count="0" type="cond" truecount="0" falsecount="2"/>
        <line num="19" count="0" type="stmt"/>
        <line num="23" count="0" type="cond" truecount="0" falsecount="4"/>
        <line num="24" count="0" type="stmt"/>
        <line num="25" count="0" type="stmt"/>
        <line num="26" count="0" type="cond" truecount="0" falsecount="2"/>
        <line num="27" count="0" type="stmt"/>
        <line num="32" count="0" type="cond" truecount="0" falsecount="2"/>
        <line num="34" count="0" type="stmt"/>
        <line num="35" count="0" type="stmt"/>
        <line num="40" count="0" type="stmt"/>
        <line num="41" count="0" type="stmt"/>
        <line num="42" count="0" type="stmt"/>
        <line num="45" count="0" type="stmt"/>
        <line num="48" count="0" type="stmt"/>
        <line num="49" count="0" type="cond" truecount="0" falsecount="2"/>
        <line num="53" count="0" type="cond" truecount="0" falsecount="2"/>
        <line num="56" count="0" type="cond" truecount="0" falsecount="1"/>
        <line num="57" count="0" type="stmt"/>
        <line num="58" count="0" type="stmt"/>
        <line num="61" count="0" type="stmt"/>
        <line num="123" count="0" type="cond" truecount="0" falsecount="2"/>
        <line num="127" count="0" type="stmt"/>
        <line num="128" count="0" type="stmt"/>
        <line num="129" count="0" type="cond" truecount="0" falsecount="2"/>
        <line num="131" count="0" type="cond" truecount="0" falsecount="2"/>
        <line num="132" count="0" type="stmt"/>
        <line num="136" count="0" type="stmt"/>
        <line num="137" count="0" type="cond" truecount="0" falsecount="2"/>
        <line num="140" count="0" type="stmt"/>
        <line num="145" count="0" type="stmt"/>
        <line num="146" count="0" type="stmt"/>
        <line num="148" count="0" type="stmt"/>
        <line num="149" count="0" type="stmt"/>
        <line num="152" count="0" type="cond" truecount="0" falsecount="2"/>
        <line num="153" count="0" type="stmt"/>
        <line num="154" count="0" type="stmt"/>
        <line num="158" count="0" type="stmt"/>
        <line num="159" count="0" type="stmt"/>
        <line num="170" count="0" type="stmt"/>
        <line num="185" count="0" type="cond" truecount="0" falsecount="2"/>
        <line num="186" count="0" type="stmt"/>
        <line num="189" count="0" type="stmt"/>
        <line num="190" count="0" type="stmt"/>
        <line num="193" count="0" type="cond" truecount="0" falsecount="2"/>
        <line num="194" count="0" type="stmt"/>
        <line num="195" count="0" type="stmt"/>
        <line num="198" count="0" type="stmt"/>
        <line num="200" count="0" type="stmt"/>
        <line num="213" count="0" type="stmt"/>
        <line num="214" count="0" type="stmt"/>
        <line num="222" count="0" type="stmt"/>
        <line num="223" count="0" type="stmt"/>
        <line num="224" count="0" type="stmt"/>
        <line num="228" count="0" type="stmt"/>
        <line num="230" count="0" type="stmt"/>
        <line num="231" count="0" type="stmt"/>
        <line num="235" count="0" type="stmt"/>
      </file>
      <file name="orderController.js" path="D:\UNI\3. YEAR 3\Fall\CSCI313 Software Engineering\Project\E-Commerce_Website\backend\controllers\orderController.js">
        <metrics statements="22" coveredstatements="21" conditionals="2" coveredconditionals="2" methods="2" coveredmethods="2"/>
        <line num="1" count="1" type="stmt"/>
        <line num="2" count="1" type="stmt"/>
        <line num="5" count="1" type="stmt"/>
        <line num="6" count="5" type="stmt"/>
        <line num="7" count="5" type="stmt"/>
        <line num="8" count="5" type="stmt"/>
        <line num="13" count="0" type="stmt"/>
        <line num="20" count="1" type="stmt"/>
        <line num="21" count="20" type="stmt"/>
        <line num="22" count="20" type="stmt"/>
        <line num="25" count="20" type="stmt"/>
        <line num="26" count="20" type="stmt"/>
        <line num="28" count="20" type="cond" truecount="2" falsecount="0"/>
        <line num="29" count="6" type="stmt"/>
        <line num="30" count="6" type="stmt"/>
        <line num="31" count="6" type="stmt"/>
        <line num="32" count="5" type="stmt"/>
        <line num="34" count="1" type="stmt"/>
        <line num="38" count="20" type="stmt"/>
        <line num="45" count="16" type="stmt"/>
        <line num="51" count="4" type="stmt"/>
        <line num="58" count="1" type="stmt"/>
      </file>
      <file name="userController.js" path="D:\UNI\3. YEAR 3\Fall\CSCI313 Software Engineering\Project\E-Commerce_Website\backend\controllers\userController.js">
        <metrics statements="20" coveredstatements="20" conditionals="0" coveredconditionals="0" methods="3" coveredmethods="3"/>
        <line num="1" count="1" type="stmt"/>
        <line num="2" count="1" type="stmt"/>
        <line num="3" count="1" type="stmt"/>
        <line num="7" count="1" type="stmt"/>
        <line num="8" count="16" type="stmt"/>
        <line num="12" count="1" type="stmt"/>
        <line num="13" count="8" type="stmt"/>
        <line num="14" count="8" type="stmt"/>
        <line num="15" count="8" type="stmt"/>
        <line num="18" count="4" type="stmt"/>
        <line num="19" count="4" type="stmt"/>
        <line num="21" count="4" type="stmt"/>
        <line num="30" count="1" type="stmt"/>
        <line num="31" count="18" type="stmt"/>
        <line num="33" count="18" type="stmt"/>
        <line num="34" count="18" type="stmt"/>
        <line num="37" count="12" type="stmt"/>
        <line num="40" count="12" type="stmt"/>
        <line num="42" count="6" type="stmt"/>
        <line num="52" count="1" type="stmt"/>
      </file>
    </package>
    <package name="middleware">
      <metrics statements="18" coveredstatements="16" conditionals="4" coveredconditionals="4" methods="2" coveredmethods="2"/>
      <file name="requireAuth.js" path="D:\UNI\3. YEAR 3\Fall\CSCI313 Software Engineering\Project\E-Commerce_Website\backend\middleware\requireAuth.js">
        <metrics statements="18" coveredstatements="16" conditionals="4" coveredconditionals="4" methods="2" coveredmethods="2"/>
        <line num="1" count="1" type="stmt"/>
        <line num="2" count="1" type="stmt"/>
        <line num="3" count="1" type="stmt"/>
        <line num="5" count="43" type="stmt"/>
        <line num="7" count="43" type="cond" truecount="2" falsecount="0"/>
        <line num="8" count="3" type="stmt"/>
        <line num="11" count="40" type="stmt"/>
        <line num="13" count="40" type="stmt"/>
        <line num="14" count="40" type="stmt"/>
        <line num="16" count="40" type="stmt"/>
        <line num="17" count="40" type="stmt"/>
        <line num="20" count="0" type="stmt"/>
        <line num="21" count="0" type="stmt"/>
        <line num="27" count="1" type="stmt"/>
        <line num="28" count="40" type="cond" truecount="2" falsecount="0"/>
        <line num="29" count="3" type="stmt"/>
        <line num="31" count="37" type="stmt"/>
        <line num="34" count="1" type="stmt"/>
      </file>
    </package>
  </project>
</coverage>
