{"D:\\UNI\\3. YEAR 3\\Fall\\CSCI313 Software Engineering\\Project\\E-Commerce_Website\\backend\\Models\\carModel.js": {"path":"D:\\UNI\\3. YEAR 3\\Fall\\CSCI313 Software Engineering\\Project\\E-Commerce_Website\\backend\\Models\\carModel.js","statementMap":{"0":{"start":{"line":1,"column":17},"end":{"line":1,"column":36}},"1":{"start":{"line":4,"column":15},"end":{"line":4,"column":30}},"2":{"start":{"line":7,"column":18},"end":{"line":61,"column":2}},"3":{"start":{"line":63,"column":0},"end":{"line":90,"column":1}},"4":{"start":{"line":66,"column":4},"end":{"line":68,"column":5}},"5":{"start":{"line":67,"column":8},"end":{"line":67,"column":169}},"6":{"start":{"line":70,"column":4},"end":{"line":72,"column":5}},"7":{"start":{"line":71,"column":8},"end":{"line":71,"column":59}},"8":{"start":{"line":74,"column":4},"end":{"line":76,"column":5}},"9":{"start":{"line":75,"column":8},"end":{"line":75,"column":69}},"10":{"start":{"line":78,"column":4},"end":{"line":80,"column":5}},"11":{"start":{"line":79,"column":8},"end":{"line":79,"column":68}},"12":{"start":{"line":82,"column":24},"end":{"line":82,"column":48}},"13":{"start":{"line":83,"column":4},"end":{"line":85,"column":5}},"14":{"start":{"line":84,"column":8},"end":{"line":84,"column":97}},"15":{"start":{"line":87,"column":16},"end":{"line":87,"column":187}},"16":{"start":{"line":89,"column":4},"end":{"line":89,"column":14}},"17":{"start":{"line":94,"column":0},"end":{"line":116,"column":1}},"18":{"start":{"line":96,"column":4},"end":{"line":98,"column":5}},"19":{"start":{"line":97,"column":8},"end":{"line":97,"column":62}},"20":{"start":{"line":101,"column":4},"end":{"line":103,"column":5}},"21":{"start":{"line":102,"column":8},"end":{"line":102,"column":50}},"22":{"start":{"line":106,"column":19},"end":{"line":106,"column":54}},"23":{"start":{"line":109,"column":4},"end":{"line":112,"column":5}},"24":{"start":{"line":111,"column":8},"end":{"line":111,"column":78}},"25":{"start":{"line":115,"column":4},"end":{"line":115,"column":87}},"26":{"start":{"line":118,"column":0},"end":{"line":227,"column":1}},"27":{"start":{"line":120,"column":4},"end":{"line":124,"column":5}},"28":{"start":{"line":122,"column":8},"end":{"line":122,"column":57}},"29":{"start":{"line":128,"column":4},"end":{"line":132,"column":5}},"30":{"start":{"line":130,"column":8},"end":{"line":130,"column":49}},"31":{"start":{"line":136,"column":26},"end":{"line":136,"column":173}},"32":{"start":{"line":138,"column":26},"end":{"line":138,"column":28}},"33":{"start":{"line":144,"column":4},"end":{"line":152,"column":5}},"34":{"start":{"line":146,"column":8},"end":{"line":150,"column":9}},"35":{"start":{"line":148,"column":12},"end":{"line":148,"column":45}},"36":{"start":{"line":156,"column":4},"end":{"line":160,"column":5}},"37":{"start":{"line":158,"column":8},"end":{"line":158,"column":62}},"38":{"start":{"line":166,"column":4},"end":{"line":174,"column":5}},"39":{"start":{"line":168,"column":8},"end":{"line":172,"column":9}},"40":{"start":{"line":170,"column":12},"end":{"line":170,"column":63}},"41":{"start":{"line":177,"column":4},"end":{"line":181,"column":5}},"42":{"start":{"line":178,"column":8},"end":{"line":180,"column":9}},"43":{"start":{"line":179,"column":12},"end":{"line":179,"column":73}},"44":{"start":{"line":184,"column":4},"end":{"line":189,"column":5}},"45":{"start":{"line":185,"column":8},"end":{"line":187,"column":9}},"46":{"start":{"line":186,"column":12},"end":{"line":186,"column":72}},"47":{"start":{"line":188,"column":8},"end":{"line":188,"column":72}},"48":{"start":{"line":195,"column":4},"end":{"line":209,"column":5}},"49":{"start":{"line":197,"column":28},"end":{"line":197,"column":52}},"50":{"start":{"line":199,"column":8},"end":{"line":207,"column":9}},"51":{"start":{"line":205,"column":12},"end":{"line":205,"column":88}},"52":{"start":{"line":213,"column":20},"end":{"line":213,"column":85}},"53":{"start":{"line":217,"column":4},"end":{"line":221,"column":5}},"54":{"start":{"line":219,"column":8},"end":{"line":219,"column":77}},"55":{"start":{"line":225,"column":4},"end":{"line":225,"column":87}},"56":{"start":{"line":232,"column":0},"end":{"line":232,"column":49}}},"fnMap":{"0":{"name":"(anonymous_0)","decl":{"start":{"line":63,"column":30},"end":{"line":63,"column":31}},"loc":{"start":{"line":63,"column":175},"end":{"line":90,"column":1}},"line":63},"1":{"name":"(anonymous_1)","decl":{"start":{"line":94,"column":30},"end":{"line":94,"column":31}},"loc":{"start":{"line":94,"column":52},"end":{"line":116,"column":1}},"line":94},"2":{"name":"(anonymous_2)","decl":{"start":{"line":118,"column":28},"end":{"line":118,"column":29}},"loc":{"start":{"line":118,"column":59},"end":{"line":227,"column":1}},"line":118}},"branchMap":{"0":{"loc":{"start":{"line":63,"column":162},"end":{"line":63,"column":173}},"type":"default-arg","locations":[{"start":{"line":63,"column":171},"end":{"line":63,"column":173}}],"line":63},"1":{"loc":{"start":{"line":66,"column":4},"end":{"line":68,"column":5}},"type":"if","locations":[{"start":{"line":66,"column":4},"end":{"line":68,"column":5}},{"start":{},"end":{}}],"line":66},"2":{"loc":{"start":{"line":66,"column":8},"end":{"line":66,"column":222}},"type":"binary-expr","locations":[{"start":{"line":66,"column":8},"end":{"line":66,"column":14}},{"start":{"line":66,"column":18},"end":{"line":66,"column":24}},{"start":{"line":66,"column":28},"end":{"line":66,"column":33}},{"start":{"line":66,"column":37},"end":{"line":66,"column":56}},{"start":{"line":66,"column":60},"end":{"line":66,"column":74}},{"start":{"line":66,"column":78},"end":{"line":66,"column":94}},{"start":{"line":66,"column":98},"end":{"line":66,"column":126}},{"start":{"line":66,"column":130},"end":{"line":66,"column":153}},{"start":{"line":66,"column":157},"end":{"line":66,"column":172}},{"start":{"line":66,"column":176},"end":{"line":66,"column":187}},{"start":{"line":66,"column":191},"end":{"line":66,"column":208}},{"start":{"line":66,"column":212},"end":{"line":66,"column":222}}],"line":66},"3":{"loc":{"start":{"line":70,"column":4},"end":{"line":72,"column":5}},"type":"if","locations":[{"start":{"line":70,"column":4},"end":{"line":72,"column":5}},{"start":{},"end":{}}],"line":70},"4":{"loc":{"start":{"line":70,"column":8},"end":{"line":70,"column":47}},"type":"binary-expr","locations":[{"start":{"line":70,"column":8},"end":{"line":70,"column":33}},{"start":{"line":70,"column":37},"end":{"line":70,"column":47}}],"line":70},"5":{"loc":{"start":{"line":74,"column":4},"end":{"line":76,"column":5}},"type":"if","locations":[{"start":{"line":74,"column":4},"end":{"line":76,"column":5}},{"start":{},"end":{}}],"line":74},"6":{"loc":{"start":{"line":74,"column":8},"end":{"line":74,"column":65}},"type":"binary-expr","locations":[{"start":{"line":74,"column":8},"end":{"line":74,"column":42}},{"start":{"line":74,"column":46},"end":{"line":74,"column":65}}],"line":74},"7":{"loc":{"start":{"line":78,"column":4},"end":{"line":80,"column":5}},"type":"if","locations":[{"start":{"line":78,"column":4},"end":{"line":80,"column":5}},{"start":{},"end":{}}],"line":78},"8":{"loc":{"start":{"line":83,"column":4},"end":{"line":85,"column":5}},"type":"if","locations":[{"start":{"line":83,"column":4},"end":{"line":85,"column":5}},{"start":{},"end":{}}],"line":83},"9":{"loc":{"start":{"line":83,"column":8},"end":{"line":83,"column":102}},"type":"binary-expr","locations":[{"start":{"line":83,"column":8},"end":{"line":83,"column":43}},{"start":{"line":83,"column":47},"end":{"line":83,"column":76}},{"start":{"line":83,"column":80},"end":{"line":83,"column":102}}],"line":83},"10":{"loc":{"start":{"line":96,"column":4},"end":{"line":98,"column":5}},"type":"if","locations":[{"start":{"line":96,"column":4},"end":{"line":98,"column":5}},{"start":{},"end":{}}],"line":96},"11":{"loc":{"start":{"line":101,"column":4},"end":{"line":103,"column":5}},"type":"if","locations":[{"start":{"line":101,"column":4},"end":{"line":103,"column":5}},{"start":{},"end":{}}],"line":101},"12":{"loc":{"start":{"line":109,"column":4},"end":{"line":112,"column":5}},"type":"if","locations":[{"start":{"line":109,"column":4},"end":{"line":112,"column":5}},{"start":{},"end":{}}],"line":109},"13":{"loc":{"start":{"line":120,"column":4},"end":{"line":124,"column":5}},"type":"if","locations":[{"start":{"line":120,"column":4},"end":{"line":124,"column":5}},{"start":{},"end":{}}],"line":120},"14":{"loc":{"start":{"line":128,"column":4},"end":{"line":132,"column":5}},"type":"if","locations":[{"start":{"line":128,"column":4},"end":{"line":132,"column":5}},{"start":{},"end":{}}],"line":128},"15":{"loc":{"start":{"line":146,"column":8},"end":{"line":150,"column":9}},"type":"if","locations":[{"start":{"line":146,"column":8},"end":{"line":150,"column":9}},{"start":{},"end":{}}],"line":146},"16":{"loc":{"start":{"line":156,"column":4},"end":{"line":160,"column":5}},"type":"if","locations":[{"start":{"line":156,"column":4},"end":{"line":160,"column":5}},{"start":{},"end":{}}],"line":156},"17":{"loc":{"start":{"line":166,"column":4},"end":{"line":174,"column":5}},"type":"if","locations":[{"start":{"line":166,"column":4},"end":{"line":174,"column":5}},{"start":{},"end":{}}],"line":166},"18":{"loc":{"start":{"line":168,"column":8},"end":{"line":172,"column":9}},"type":"if","locations":[{"start":{"line":168,"column":8},"end":{"line":172,"column":9}},{"start":{},"end":{}}],"line":168},"19":{"loc":{"start":{"line":168,"column":12},"end":{"line":168,"column":79}},"type":"binary-expr","locations":[{"start":{"line":168,"column":12},"end":{"line":168,"column":51}},{"start":{"line":168,"column":55},"end":{"line":168,"column":79}}],"line":168},"20":{"loc":{"start":{"line":177,"column":4},"end":{"line":181,"column":5}},"type":"if","locations":[{"start":{"line":177,"column":4},"end":{"line":181,"column":5}},{"start":{},"end":{}}],"line":177},"21":{"loc":{"start":{"line":178,"column":8},"end":{"line":180,"column":9}},"type":"if","locations":[{"start":{"line":178,"column":8},"end":{"line":180,"column":9}},{"start":{},"end":{}}],"line":178},"22":{"loc":{"start":{"line":178,"column":12},"end":{"line":178,"column":97}},"type":"binary-expr","locations":[{"start":{"line":178,"column":12},"end":{"line":178,"column":60}},{"start":{"line":178,"column":64},"end":{"line":178,"column":97}}],"line":178},"23":{"loc":{"start":{"line":184,"column":4},"end":{"line":189,"column":5}},"type":"if","locations":[{"start":{"line":184,"column":4},"end":{"line":189,"column":5}},{"start":{},"end":{}}],"line":184},"24":{"loc":{"start":{"line":185,"column":8},"end":{"line":187,"column":9}},"type":"if","locations":[{"start":{"line":185,"column":8},"end":{"line":187,"column":9}},{"start":{},"end":{}}],"line":185},"25":{"loc":{"start":{"line":195,"column":4},"end":{"line":209,"column":5}},"type":"if","locations":[{"start":{"line":195,"column":4},"end":{"line":209,"column":5}},{"start":{},"end":{}}],"line":195},"26":{"loc":{"start":{"line":199,"column":8},"end":{"line":207,"column":9}},"type":"if","locations":[{"start":{"line":199,"column":8},"end":{"line":207,"column":9}},{"start":{},"end":{}}],"line":199},"27":{"loc":{"start":{"line":199,"column":12},"end":{"line":203,"column":48}},"type":"binary-expr","locations":[{"start":{"line":199,"column":12},"end":{"line":199,"column":61}},{"start":{"line":201,"column":12},"end":{"line":201,"column":55}},{"start":{"line":203,"column":12},"end":{"line":203,"column":48}}],"line":199},"28":{"loc":{"start":{"line":217,"column":4},"end":{"line":221,"column":5}},"type":"if","locations":[{"start":{"line":217,"column":4},"end":{"line":221,"column":5}},{"start":{},"end":{}}],"line":217}},"s":{"0":2,"1":2,"2":2,"3":2,"4":48,"5":3,"6":45,"7":2,"8":43,"9":1,"10":42,"11":1,"12":41,"13":41,"14":2,"15":39,"16":39,"17":2,"18":6,"19":1,"20":5,"21":1,"22":4,"23":4,"24":2,"25":2,"26":2,"27":5,"28":0,"29":5,"30":1,"31":4,"32":4,"33":4,"34":44,"35":6,"36":4,"37":0,"38":4,"39":4,"40":0,"41":4,"42":0,"43":0,"44":4,"45":2,"46":0,"47":2,"48":4,"49":0,"50":0,"51":0,"52":4,"53":4,"54":2,"55":2,"56":2},"f":{"0":48,"1":6,"2":5},"b":{"0":[14],"1":[3,45],"2":[48,47,46,45,45,45,45,45,45,45,45,45],"3":[2,43],"4":[45,45],"5":[1,42],"6":[43,43],"7":[1,41],"8":[2,39],"9":[41,41,40],"10":[1,5],"11":[1,4],"12":[2,2],"13":[0,5],"14":[1,4],"15":[6,38],"16":[0,4],"17":[4,0],"18":[0,4],"19":[4,4],"20":[0,4],"21":[0,0],"22":[0,0],"23":[2,2],"24":[0,2],"25":[0,4],"26":[0,0],"27":[0,0,0],"28":[2,2]},"_coverageSchema":"1a1c01bbd47fc00a2c39e90264f33305004495a9","hash":"32150358c18dee58dc9bfc3a2c5eb6fa0bae363b"}
,"D:\\UNI\\3. YEAR 3\\Fall\\CSCI313 Software Engineering\\Project\\E-Commerce_Website\\backend\\Models\\contactModel.js": {"path":"D:\\UNI\\3. YEAR 3\\Fall\\CSCI313 Software Engineering\\Project\\E-Commerce_Website\\backend\\Models\\contactModel.js","statementMap":{"0":{"start":{"line":1,"column":17},"end":{"line":1,"column":36}},"1":{"start":{"line":3,"column":15},"end":{"line":3,"column":30}},"2":{"start":{"line":5,"column":22},"end":{"line":32,"column":24}},"3":{"start":{"line":34,"column":0},"end":{"line":57,"column":2}},"4":{"start":{"line":35,"column":54},"end":{"line":35,"column":65}},"5":{"start":{"line":37,"column":4},"end":{"line":39,"column":5}},"6":{"start":{"line":38,"column":8},"end":{"line":38,"column":51}},"7":{"start":{"line":42,"column":23},"end":{"line":42,"column":51}},"8":{"start":{"line":43,"column":4},"end":{"line":45,"column":5}},"9":{"start":{"line":44,"column":8},"end":{"line":44,"column":48}},"10":{"start":{"line":47,"column":20},"end":{"line":54,"column":6}},"11":{"start":{"line":56,"column":4},"end":{"line":56,"column":19}},"12":{"start":{"line":59,"column":0},"end":{"line":62,"column":2}},"13":{"start":{"line":60,"column":21},"end":{"line":60,"column":64}},"14":{"start":{"line":61,"column":4},"end":{"line":61,"column":20}},"15":{"start":{"line":64,"column":0},"end":{"line":82,"column":2}},"16":{"start":{"line":65,"column":26},"end":{"line":65,"column":52}},"17":{"start":{"line":67,"column":4},"end":{"line":69,"column":5}},"18":{"start":{"line":68,"column":8},"end":{"line":68,"column":50}},"19":{"start":{"line":71,"column":20},"end":{"line":75,"column":5}},"20":{"start":{"line":77,"column":4},"end":{"line":79,"column":5}},"21":{"start":{"line":78,"column":8},"end":{"line":78,"column":53}},"22":{"start":{"line":81,"column":4},"end":{"line":81,"column":19}},"23":{"start":{"line":84,"column":0},"end":{"line":84,"column":58}}},"fnMap":{"0":{"name":"(anonymous_0)","decl":{"start":{"line":34,"column":38},"end":{"line":34,"column":39}},"loc":{"start":{"line":34,"column":66},"end":{"line":57,"column":1}},"line":34},"1":{"name":"(anonymous_1)","decl":{"start":{"line":59,"column":39},"end":{"line":59,"column":40}},"loc":{"start":{"line":59,"column":56},"end":{"line":62,"column":1}},"line":59},"2":{"name":"(anonymous_2)","decl":{"start":{"line":64,"column":44},"end":{"line":64,"column":45}},"loc":{"start":{"line":64,"column":81},"end":{"line":82,"column":1}},"line":64}},"branchMap":{"0":{"loc":{"start":{"line":37,"column":4},"end":{"line":39,"column":5}},"type":"if","locations":[{"start":{"line":37,"column":4},"end":{"line":39,"column":5}},{"start":{},"end":{}}],"line":37},"1":{"loc":{"start":{"line":37,"column":8},"end":{"line":37,"column":47}},"type":"binary-expr","locations":[{"start":{"line":37,"column":8},"end":{"line":37,"column":13}},{"start":{"line":37,"column":17},"end":{"line":37,"column":23}},{"start":{"line":37,"column":27},"end":{"line":37,"column":35}},{"start":{"line":37,"column":39},"end":{"line":37,"column":47}}],"line":37},"2":{"loc":{"start":{"line":43,"column":4},"end":{"line":45,"column":5}},"type":"if","locations":[{"start":{"line":43,"column":4},"end":{"line":45,"column":5}},{"start":{},"end":{}}],"line":43},"3":{"loc":{"start":{"line":67,"column":4},"end":{"line":69,"column":5}},"type":"if","locations":[{"start":{"line":67,"column":4},"end":{"line":69,"column":5}},{"start":{},"end":{}}],"line":67},"4":{"loc":{"start":{"line":77,"column":4},"end":{"line":79,"column":5}},"type":"if","locations":[{"start":{"line":77,"column":4},"end":{"line":79,"column":5}},{"start":{},"end":{}}],"line":77}},"s":{"0":0,"1":0,"2":0,"3":0,"4":0,"5":0,"6":0,"7":0,"8":0,"9":0,"10":0,"11":0,"12":0,"13":0,"14":0,"15":0,"16":0,"17":0,"18":0,"19":0,"20":0,"21":0,"22":0,"23":0},"f":{"0":0,"1":0,"2":0},"b":{"0":[0,0],"1":[0,0,0,0],"2":[0,0],"3":[0,0],"4":[0,0]}}
,"D:\\UNI\\3. YEAR 3\\Fall\\CSCI313 Software Engineering\\Project\\E-Commerce_Website\\backend\\Models\\orderModel.js": {"path":"D:\\UNI\\3. YEAR 3\\Fall\\CSCI313 Software Engineering\\Project\\E-Commerce_Website\\backend\\Models\\orderModel.js","statementMap":{"0":{"start":{"line":1,"column":17},"end":{"line":1,"column":36}},"1":{"start":{"line":4,"column":15},"end":{"line":4,"column":30}},"2":{"start":{"line":7,"column":20},"end":{"line":65,"column":2}},"3":{"start":{"line":66,"column":0},"end":{"line":69,"column":1}},"4":{"start":{"line":67,"column":19},"end":{"line":67,"column":62}},"5":{"start":{"line":68,"column":4},"end":{"line":68,"column":18}},"6":{"start":{"line":71,"column":0},"end":{"line":95,"column":1}},"7":{"start":{"line":72,"column":60},"end":{"line":72,"column":69}},"8":{"start":{"line":75,"column":4},"end":{"line":77,"column":5}},"9":{"start":{"line":76,"column":8},"end":{"line":76,"column":64}},"10":{"start":{"line":78,"column":4},"end":{"line":80,"column":5}},"11":{"start":{"line":79,"column":8},"end":{"line":79,"column":52}},"12":{"start":{"line":81,"column":4},"end":{"line":83,"column":5}},"13":{"start":{"line":82,"column":8},"end":{"line":82,"column":56}},"14":{"start":{"line":86,"column":18},"end":{"line":92,"column":6}},"15":{"start":{"line":94,"column":4},"end":{"line":94,"column":17}},"16":{"start":{"line":97,"column":0},"end":{"line":103,"column":1}},"17":{"start":{"line":98,"column":18},"end":{"line":98,"column":70}},"18":{"start":{"line":99,"column":4},"end":{"line":101,"column":5}},"19":{"start":{"line":100,"column":8},"end":{"line":100,"column":43}},"20":{"start":{"line":102,"column":4},"end":{"line":102,"column":17}},"21":{"start":{"line":105,"column":0},"end":{"line":123,"column":1}},"22":{"start":{"line":106,"column":26},"end":{"line":106,"column":88}},"23":{"start":{"line":108,"column":4},"end":{"line":110,"column":5}},"24":{"start":{"line":109,"column":8},"end":{"line":109,"column":48}},"25":{"start":{"line":112,"column":18},"end":{"line":116,"column":5}},"26":{"start":{"line":118,"column":4},"end":{"line":120,"column":5}},"27":{"start":{"line":119,"column":8},"end":{"line":119,"column":43}},"28":{"start":{"line":122,"column":4},"end":{"line":122,"column":17}},"29":{"start":{"line":125,"column":0},"end":{"line":128,"column":1}},"30":{"start":{"line":126,"column":19},"end":{"line":126,"column":78}},"31":{"start":{"line":127,"column":4},"end":{"line":127,"column":18}},"32":{"start":{"line":130,"column":0},"end":{"line":153,"column":1}},"33":{"start":{"line":131,"column":18},"end":{"line":131,"column":20}},"34":{"start":{"line":133,"column":4},"end":{"line":135,"column":5}},"35":{"start":{"line":134,"column":8},"end":{"line":134,"column":43}},"36":{"start":{"line":137,"column":4},"end":{"line":139,"column":5}},"37":{"start":{"line":138,"column":8},"end":{"line":138,"column":38}},"38":{"start":{"line":141,"column":4},"end":{"line":149,"column":5}},"39":{"start":{"line":142,"column":8},"end":{"line":142,"column":29}},"40":{"start":{"line":143,"column":8},"end":{"line":145,"column":9}},"41":{"start":{"line":144,"column":12},"end":{"line":144,"column":63}},"42":{"start":{"line":146,"column":8},"end":{"line":148,"column":9}},"43":{"start":{"line":147,"column":12},"end":{"line":147,"column":61}},"44":{"start":{"line":151,"column":19},"end":{"line":151,"column":65}},"45":{"start":{"line":152,"column":4},"end":{"line":152,"column":18}},"46":{"start":{"line":155,"column":0},"end":{"line":155,"column":54}}},"fnMap":{"0":{"name":"(anonymous_0)","decl":{"start":{"line":66,"column":33},"end":{"line":66,"column":34}},"loc":{"start":{"line":66,"column":50},"end":{"line":69,"column":1}},"line":66},"1":{"name":"(anonymous_1)","decl":{"start":{"line":71,"column":34},"end":{"line":71,"column":35}},"loc":{"start":{"line":71,"column":60},"end":{"line":95,"column":1}},"line":71},"2":{"name":"(anonymous_2)","decl":{"start":{"line":97,"column":35},"end":{"line":97,"column":36}},"loc":{"start":{"line":97,"column":59},"end":{"line":103,"column":1}},"line":97},"3":{"name":"(anonymous_3)","decl":{"start":{"line":105,"column":40},"end":{"line":105,"column":41}},"loc":{"start":{"line":105,"column":75},"end":{"line":123,"column":1}},"line":105},"4":{"name":"(anonymous_4)","decl":{"start":{"line":125,"column":36},"end":{"line":125,"column":37}},"loc":{"start":{"line":125,"column":59},"end":{"line":128,"column":1}},"line":125},"5":{"name":"(anonymous_5)","decl":{"start":{"line":130,"column":35},"end":{"line":130,"column":36}},"loc":{"start":{"line":130,"column":59},"end":{"line":153,"column":1}},"line":130}},"branchMap":{"0":{"loc":{"start":{"line":75,"column":4},"end":{"line":77,"column":5}},"type":"if","locations":[{"start":{"line":75,"column":4},"end":{"line":77,"column":5}},{"start":{},"end":{}}],"line":75},"1":{"loc":{"start":{"line":75,"column":8},"end":{"line":75,"column":36}},"type":"binary-expr","locations":[{"start":{"line":75,"column":8},"end":{"line":75,"column":14}},{"start":{"line":75,"column":18},"end":{"line":75,"column":36}}],"line":75},"2":{"loc":{"start":{"line":78,"column":4},"end":{"line":80,"column":5}},"type":"if","locations":[{"start":{"line":78,"column":4},"end":{"line":80,"column":5}},{"start":{},"end":{}}],"line":78},"3":{"loc":{"start":{"line":81,"column":4},"end":{"line":83,"column":5}},"type":"if","locations":[{"start":{"line":81,"column":4},"end":{"line":83,"column":5}},{"start":{},"end":{}}],"line":81},"4":{"loc":{"start":{"line":99,"column":4},"end":{"line":101,"column":5}},"type":"if","locations":[{"start":{"line":99,"column":4},"end":{"line":101,"column":5}},{"start":{},"end":{}}],"line":99},"5":{"loc":{"start":{"line":108,"column":4},"end":{"line":110,"column":5}},"type":"if","locations":[{"start":{"line":108,"column":4},"end":{"line":110,"column":5}},{"start":{},"end":{}}],"line":108},"6":{"loc":{"start":{"line":118,"column":4},"end":{"line":120,"column":5}},"type":"if","locations":[{"start":{"line":118,"column":4},"end":{"line":120,"column":5}},{"start":{},"end":{}}],"line":118},"7":{"loc":{"start":{"line":133,"column":4},"end":{"line":135,"column":5}},"type":"if","locations":[{"start":{"line":133,"column":4},"end":{"line":135,"column":5}},{"start":{},"end":{}}],"line":133},"8":{"loc":{"start":{"line":137,"column":4},"end":{"line":139,"column":5}},"type":"if","locations":[{"start":{"line":137,"column":4},"end":{"line":139,"column":5}},{"start":{},"end":{}}],"line":137},"9":{"loc":{"start":{"line":141,"column":4},"end":{"line":149,"column":5}},"type":"if","locations":[{"start":{"line":141,"column":4},"end":{"line":149,"column":5}},{"start":{},"end":{}}],"line":141},"10":{"loc":{"start":{"line":141,"column":8},"end":{"line":141,"column":44}},"type":"binary-expr","locations":[{"start":{"line":141,"column":8},"end":{"line":141,"column":25}},{"start":{"line":141,"column":29},"end":{"line":141,"column":44}}],"line":141},"11":{"loc":{"start":{"line":143,"column":8},"end":{"line":145,"column":9}},"type":"if","locations":[{"start":{"line":143,"column":8},"end":{"line":145,"column":9}},{"start":{},"end":{}}],"line":143},"12":{"loc":{"start":{"line":146,"column":8},"end":{"line":148,"column":9}},"type":"if","locations":[{"start":{"line":146,"column":8},"end":{"line":148,"column":9}},{"start":{},"end":{}}],"line":146}},"s":{"0":2,"1":2,"2":2,"3":2,"4":8,"5":8,"6":2,"7":33,"8":33,"9":2,"10":31,"11":2,"12":29,"13":2,"14":27,"15":26,"16":2,"17":0,"18":0,"19":0,"20":0,"21":2,"22":0,"23":0,"24":0,"25":0,"26":0,"27":0,"28":0,"29":2,"30":0,"31":0,"32":2,"33":0,"34":0,"35":0,"36":0,"37":0,"38":0,"39":0,"40":0,"41":0,"42":0,"43":0,"44":0,"45":0,"46":2},"f":{"0":8,"1":33,"2":0,"3":0,"4":0,"5":0},"b":{"0":[2,31],"1":[33,31],"2":[2,29],"3":[2,27],"4":[0,0],"5":[0,0],"6":[0,0],"7":[0,0],"8":[0,0],"9":[0,0],"10":[0,0],"11":[0,0],"12":[0,0]},"_coverageSchema":"1a1c01bbd47fc00a2c39e90264f33305004495a9","hash":"c17e1eaf5956645d260f9ffe2fbc2e2e23b9dfb8"}
,"D:\\UNI\\3. YEAR 3\\Fall\\CSCI313 Software Engineering\\Project\\E-Commerce_Website\\backend\\Models\\userModel.js": {"path":"D:\\UNI\\3. YEAR 3\\Fall\\CSCI313 Software Engineering\\Project\\E-Commerce_Website\\backend\\Models\\userModel.js","statementMap":{"0":{"start":{"line":1,"column":17},"end":{"line":1,"column":36}},"1":{"start":{"line":2,"column":15},"end":{"line":2,"column":32}},"2":{"start":{"line":3,"column":18},"end":{"line":3,"column":38}},"3":{"start":{"line":5,"column":15},"end":{"line":5,"column":30}},"4":{"start":{"line":8,"column":19},"end":{"line":30,"column":2}},"5":{"start":{"line":33,"column":0},"end":{"line":62,"column":1}},"6":{"start":{"line":37,"column":4},"end":{"line":39,"column":5}},"7":{"start":{"line":38,"column":8},"end":{"line":38,"column":48}},"8":{"start":{"line":40,"column":4},"end":{"line":42,"column":5}},"9":{"start":{"line":41,"column":8},"end":{"line":41,"column":38}},"10":{"start":{"line":43,"column":4},"end":{"line":45,"column":5}},"11":{"start":{"line":44,"column":8},"end":{"line":44,"column":49}},"12":{"start":{"line":47,"column":19},"end":{"line":47,"column":48}},"13":{"start":{"line":48,"column":4},"end":{"line":50,"column":5}},"14":{"start":{"line":49,"column":8},"end":{"line":49,"column":43}},"15":{"start":{"line":51,"column":27},"end":{"line":51,"column":59}},"16":{"start":{"line":52,"column":4},"end":{"line":54,"column":5}},"17":{"start":{"line":53,"column":8},"end":{"line":53,"column":46}},"18":{"start":{"line":56,"column":17},"end":{"line":56,"column":41}},"19":{"start":{"line":57,"column":17},"end":{"line":57,"column":50}},"20":{"start":{"line":59,"column":17},"end":{"line":59,"column":77}},"21":{"start":{"line":61,"column":4},"end":{"line":61,"column":15}},"22":{"start":{"line":66,"column":0},"end":{"line":85,"column":1}},"23":{"start":{"line":67,"column":4},"end":{"line":69,"column":5}},"24":{"start":{"line":68,"column":8},"end":{"line":68,"column":48}},"25":{"start":{"line":70,"column":4},"end":{"line":72,"column":5}},"26":{"start":{"line":71,"column":8},"end":{"line":71,"column":38}},"27":{"start":{"line":73,"column":17},"end":{"line":73,"column":46}},"28":{"start":{"line":74,"column":4},"end":{"line":76,"column":5}},"29":{"start":{"line":75,"column":8},"end":{"line":75,"column":38}},"30":{"start":{"line":78,"column":18},"end":{"line":78,"column":63}},"31":{"start":{"line":79,"column":4},"end":{"line":81,"column":5}},"32":{"start":{"line":80,"column":8},"end":{"line":80,"column":41}},"33":{"start":{"line":83,"column":4},"end":{"line":83,"column":15}},"34":{"start":{"line":88,"column":0},"end":{"line":94,"column":1}},"35":{"start":{"line":89,"column":17},"end":{"line":89,"column":64}},"36":{"start":{"line":90,"column":4},"end":{"line":92,"column":5}},"37":{"start":{"line":91,"column":8},"end":{"line":91,"column":38}},"38":{"start":{"line":93,"column":4},"end":{"line":93,"column":16}},"39":{"start":{"line":97,"column":0},"end":{"line":132,"column":1}},"40":{"start":{"line":98,"column":32},"end":{"line":98,"column":39}},"41":{"start":{"line":101,"column":4},"end":{"line":103,"column":5}},"42":{"start":{"line":102,"column":8},"end":{"line":102,"column":39}},"43":{"start":{"line":106,"column":4},"end":{"line":111,"column":5}},"44":{"start":{"line":107,"column":28},"end":{"line":107,"column":79}},"45":{"start":{"line":108,"column":8},"end":{"line":110,"column":9}},"46":{"start":{"line":109,"column":12},"end":{"line":109,"column":48}},"47":{"start":{"line":114,"column":4},"end":{"line":119,"column":5}},"48":{"start":{"line":115,"column":31},"end":{"line":115,"column":85}},"49":{"start":{"line":116,"column":8},"end":{"line":118,"column":9}},"50":{"start":{"line":117,"column":12},"end":{"line":117,"column":51}},"51":{"start":{"line":121,"column":17},"end":{"line":125,"column":25}},"52":{"start":{"line":127,"column":4},"end":{"line":129,"column":5}},"53":{"start":{"line":128,"column":8},"end":{"line":128,"column":38}},"54":{"start":{"line":131,"column":4},"end":{"line":131,"column":16}},"55":{"start":{"line":135,"column":0},"end":{"line":163,"column":1}},"56":{"start":{"line":136,"column":4},"end":{"line":138,"column":5}},"57":{"start":{"line":137,"column":8},"end":{"line":137,"column":49}},"58":{"start":{"line":140,"column":4},"end":{"line":142,"column":5}},"59":{"start":{"line":141,"column":8},"end":{"line":141,"column":54}},"60":{"start":{"line":144,"column":17},"end":{"line":144,"column":44}},"61":{"start":{"line":145,"column":4},"end":{"line":147,"column":5}},"62":{"start":{"line":146,"column":8},"end":{"line":146,"column":38}},"63":{"start":{"line":150,"column":18},"end":{"line":150,"column":70}},"64":{"start":{"line":151,"column":4},"end":{"line":153,"column":5}},"65":{"start":{"line":152,"column":8},"end":{"line":152,"column":53}},"66":{"start":{"line":156,"column":17},"end":{"line":156,"column":41}},"67":{"start":{"line":157,"column":17},"end":{"line":157,"column":53}},"68":{"start":{"line":159,"column":4},"end":{"line":159,"column":25}},"69":{"start":{"line":160,"column":4},"end":{"line":160,"column":22}},"70":{"start":{"line":162,"column":4},"end":{"line":162,"column":16}},"71":{"start":{"line":168,"column":0},"end":{"line":168,"column":51}}},"fnMap":{"0":{"name":"(anonymous_0)","decl":{"start":{"line":33,"column":28},"end":{"line":33,"column":29}},"loc":{"start":{"line":33,"column":76},"end":{"line":62,"column":1}},"line":33},"1":{"name":"(anonymous_1)","decl":{"start":{"line":66,"column":27},"end":{"line":66,"column":28}},"loc":{"start":{"line":66,"column":59},"end":{"line":85,"column":1}},"line":66},"2":{"name":"(anonymous_2)","decl":{"start":{"line":88,"column":32},"end":{"line":88,"column":33}},"loc":{"start":{"line":88,"column":55},"end":{"line":94,"column":1}},"line":88},"3":{"name":"(anonymous_3)","decl":{"start":{"line":97,"column":35},"end":{"line":97,"column":36}},"loc":{"start":{"line":97,"column":67},"end":{"line":132,"column":1}},"line":97},"4":{"name":"(anonymous_4)","decl":{"start":{"line":135,"column":36},"end":{"line":135,"column":37}},"loc":{"start":{"line":135,"column":89},"end":{"line":163,"column":1}},"line":135}},"branchMap":{"0":{"loc":{"start":{"line":37,"column":4},"end":{"line":39,"column":5}},"type":"if","locations":[{"start":{"line":37,"column":4},"end":{"line":39,"column":5}},{"start":{},"end":{}}],"line":37},"1":{"loc":{"start":{"line":37,"column":8},"end":{"line":37,"column":40}},"type":"binary-expr","locations":[{"start":{"line":37,"column":8},"end":{"line":37,"column":14}},{"start":{"line":37,"column":18},"end":{"line":37,"column":27}},{"start":{"line":37,"column":31},"end":{"line":37,"column":40}}],"line":37},"2":{"loc":{"start":{"line":40,"column":4},"end":{"line":42,"column":5}},"type":"if","locations":[{"start":{"line":40,"column":4},"end":{"line":42,"column":5}},{"start":{},"end":{}}],"line":40},"3":{"loc":{"start":{"line":43,"column":4},"end":{"line":45,"column":5}},"type":"if","locations":[{"start":{"line":43,"column":4},"end":{"line":45,"column":5}},{"start":{},"end":{}}],"line":43},"4":{"loc":{"start":{"line":48,"column":4},"end":{"line":50,"column":5}},"type":"if","locations":[{"start":{"line":48,"column":4},"end":{"line":50,"column":5}},{"start":{},"end":{}}],"line":48},"5":{"loc":{"start":{"line":52,"column":4},"end":{"line":54,"column":5}},"type":"if","locations":[{"start":{"line":52,"column":4},"end":{"line":54,"column":5}},{"start":{},"end":{}}],"line":52},"6":{"loc":{"start":{"line":67,"column":4},"end":{"line":69,"column":5}},"type":"if","locations":[{"start":{"line":67,"column":4},"end":{"line":69,"column":5}},{"start":{},"end":{}}],"line":67},"7":{"loc":{"start":{"line":67,"column":8},"end":{"line":67,"column":27}},"type":"binary-expr","locations":[{"start":{"line":67,"column":8},"end":{"line":67,"column":14}},{"start":{"line":67,"column":18},"end":{"line":67,"column":27}}],"line":67},"8":{"loc":{"start":{"line":70,"column":4},"end":{"line":72,"column":5}},"type":"if","locations":[{"start":{"line":70,"column":4},"end":{"line":72,"column":5}},{"start":{},"end":{}}],"line":70},"9":{"loc":{"start":{"line":74,"column":4},"end":{"line":76,"column":5}},"type":"if","locations":[{"start":{"line":74,"column":4},"end":{"line":76,"column":5}},{"start":{},"end":{}}],"line":74},"10":{"loc":{"start":{"line":79,"column":4},"end":{"line":81,"column":5}},"type":"if","locations":[{"start":{"line":79,"column":4},"end":{"line":81,"column":5}},{"start":{},"end":{}}],"line":79},"11":{"loc":{"start":{"line":90,"column":4},"end":{"line":92,"column":5}},"type":"if","locations":[{"start":{"line":90,"column":4},"end":{"line":92,"column":5}},{"start":{},"end":{}}],"line":90},"12":{"loc":{"start":{"line":101,"column":4},"end":{"line":103,"column":5}},"type":"if","locations":[{"start":{"line":101,"column":4},"end":{"line":103,"column":5}},{"start":{},"end":{}}],"line":101},"13":{"loc":{"start":{"line":101,"column":8},"end":{"line":101,"column":42}},"type":"binary-expr","locations":[{"start":{"line":101,"column":8},"end":{"line":101,"column":13}},{"start":{"line":101,"column":17},"end":{"line":101,"column":42}}],"line":101},"14":{"loc":{"start":{"line":106,"column":4},"end":{"line":111,"column":5}},"type":"if","locations":[{"start":{"line":106,"column":4},"end":{"line":111,"column":5}},{"start":{},"end":{}}],"line":106},"15":{"loc":{"start":{"line":108,"column":8},"end":{"line":110,"column":9}},"type":"if","locations":[{"start":{"line":108,"column":8},"end":{"line":110,"column":9}},{"start":{},"end":{}}],"line":108},"16":{"loc":{"start":{"line":114,"column":4},"end":{"line":119,"column":5}},"type":"if","locations":[{"start":{"line":114,"column":4},"end":{"line":119,"column":5}},{"start":{},"end":{}}],"line":114},"17":{"loc":{"start":{"line":116,"column":8},"end":{"line":118,"column":9}},"type":"if","locations":[{"start":{"line":116,"column":8},"end":{"line":118,"column":9}},{"start":{},"end":{}}],"line":116},"18":{"loc":{"start":{"line":127,"column":4},"end":{"line":129,"column":5}},"type":"if","locations":[{"start":{"line":127,"column":4},"end":{"line":129,"column":5}},{"start":{},"end":{}}],"line":127},"19":{"loc":{"start":{"line":136,"column":4},"end":{"line":138,"column":5}},"type":"if","locations":[{"start":{"line":136,"column":4},"end":{"line":138,"column":5}},{"start":{},"end":{}}],"line":136},"20":{"loc":{"start":{"line":136,"column":8},"end":{"line":136,"column":40}},"type":"binary-expr","locations":[{"start":{"line":136,"column":8},"end":{"line":136,"column":24}},{"start":{"line":136,"column":28},"end":{"line":136,"column":40}}],"line":136},"21":{"loc":{"start":{"line":140,"column":4},"end":{"line":142,"column":5}},"type":"if","locations":[{"start":{"line":140,"column":4},"end":{"line":142,"column":5}},{"start":{},"end":{}}],"line":140},"22":{"loc":{"start":{"line":145,"column":4},"end":{"line":147,"column":5}},"type":"if","locations":[{"start":{"line":145,"column":4},"end":{"line":147,"column":5}},{"start":{},"end":{}}],"line":145},"23":{"loc":{"start":{"line":151,"column":4},"end":{"line":153,"column":5}},"type":"if","locations":[{"start":{"line":151,"column":4},"end":{"line":153,"column":5}},{"start":{},"end":{}}],"line":151}},"s":{"0":4,"1":4,"2":4,"3":4,"4":4,"5":4,"6":113,"7":6,"8":107,"9":2,"10":105,"11":2,"12":103,"13":103,"14":2,"15":101,"16":101,"17":0,"18":101,"19":101,"20":101,"21":101,"22":4,"23":13,"24":4,"25":9,"26":0,"27":9,"28":9,"29":2,"30":7,"31":7,"32":2,"33":5,"34":4,"35":0,"36":0,"37":0,"38":0,"39":4,"40":0,"41":0,"42":0,"43":0,"44":0,"45":0,"46":0,"47":0,"48":0,"49":0,"50":0,"51":0,"52":0,"53":0,"54":0,"55":4,"56":0,"57":0,"58":0,"59":0,"60":0,"61":0,"62":0,"63":0,"64":0,"65":0,"66":0,"67":0,"68":0,"69":0,"70":0,"71":4},"f":{"0":113,"1":13,"2":0,"3":0,"4":0},"b":{"0":[6,107],"1":[113,111,109],"2":[2,105],"3":[2,103],"4":[2,101],"5":[0,101],"6":[4,9],"7":[13,11],"8":[0,9],"9":[2,7],"10":[2,5],"11":[0,0],"12":[0,0],"13":[0,0],"14":[0,0],"15":[0,0],"16":[0,0],"17":[0,0],"18":[0,0],"19":[0,0],"20":[0,0],"21":[0,0],"22":[0,0],"23":[0,0]},"_coverageSchema":"1a1c01bbd47fc00a2c39e90264f33305004495a9","hash":"205c1c7c289e39f6e25a35a4bf3ba9e085e30f1c"}
,"D:\\UNI\\3. YEAR 3\\Fall\\CSCI313 Software Engineering\\Project\\E-Commerce_Website\\backend\\controllers\\adminController.js": {"path":"D:\\UNI\\3. YEAR 3\\Fall\\CSCI313 Software Engineering\\Project\\E-Commerce_Website\\backend\\controllers\\adminController.js","statementMap":{"0":{"start":{"line":1,"column":14},"end":{"line":1,"column":45}},"1":{"start":{"line":2,"column":12},"end":{"line":2,"column":41}},"2":{"start":{"line":3,"column":13},"end":{"line":3,"column":43}},"3":{"start":{"line":6,"column":26},"end":{"line":57,"column":1}},"4":{"start":{"line":7,"column":4},"end":{"line":56,"column":5}},"5":{"start":{"line":9,"column":26},"end":{"line":9,"column":52}},"6":{"start":{"line":10,"column":28},"end":{"line":10,"column":56}},"7":{"start":{"line":11,"column":27},"end":{"line":11,"column":54}},"8":{"start":{"line":14,"column":30},"end":{"line":21,"column":10}},"9":{"start":{"line":22,"column":29},"end":{"line":22,"column":89}},"10":{"start":{"line":25,"column":31},"end":{"line":32,"column":10}},"11":{"start":{"line":35,"column":29},"end":{"line":38,"column":72}},"12":{"start":{"line":40,"column":8},"end":{"line":50,"column":11}},"13":{"start":{"line":52,"column":8},"end":{"line":55,"column":11}},"14":{"start":{"line":60,"column":22},"end":{"line":116,"column":1}},"15":{"start":{"line":61,"column":4},"end":{"line":115,"column":5}},"16":{"start":{"line":62,"column":57},"end":{"line":62,"column":66}},"17":{"start":{"line":64,"column":25},"end":{"line":64,"column":27}},"18":{"start":{"line":65,"column":8},"end":{"line":69,"column":9}},"19":{"start":{"line":66,"column":12},"end":{"line":66,"column":38}},"20":{"start":{"line":67,"column":12},"end":{"line":67,"column":75}},"21":{"start":{"line":67,"column":27},"end":{"line":67,"column":75}},"22":{"start":{"line":68,"column":12},"end":{"line":68,"column":71}},"23":{"start":{"line":68,"column":25},"end":{"line":68,"column":71}},"24":{"start":{"line":73,"column":8},"end":{"line":92,"column":9}},"25":{"start":{"line":75,"column":16},"end":{"line":78,"column":18}},"26":{"start":{"line":79,"column":16},"end":{"line":79,"column":22}},"27":{"start":{"line":81,"column":16},"end":{"line":84,"column":18}},"28":{"start":{"line":85,"column":16},"end":{"line":85,"column":22}},"29":{"start":{"line":87,"column":16},"end":{"line":91,"column":18}},"30":{"start":{"line":94,"column":30},"end":{"line":104,"column":10}},"31":{"start":{"line":106,"column":8},"end":{"line":109,"column":11}},"32":{"start":{"line":111,"column":8},"end":{"line":114,"column":11}},"33":{"start":{"line":119,"column":26},"end":{"line":180,"column":1}},"34":{"start":{"line":120,"column":4},"end":{"line":179,"column":5}},"35":{"start":{"line":122,"column":27},"end":{"line":129,"column":10}},"36":{"start":{"line":132,"column":32},"end":{"line":139,"column":10}},"37":{"start":{"line":142,"column":28},"end":{"line":151,"column":10}},"38":{"start":{"line":154,"column":31},"end":{"line":163,"column":10}},"39":{"start":{"line":165,"column":8},"end":{"line":173,"column":11}},"40":{"start":{"line":175,"column":8},"end":{"line":178,"column":11}},"41":{"start":{"line":183,"column":26},"end":{"line":203,"column":1}},"42":{"start":{"line":184,"column":4},"end":{"line":202,"column":5}},"43":{"start":{"line":185,"column":22},"end":{"line":185,"column":53}},"44":{"start":{"line":187,"column":29},"end":{"line":191,"column":72}},"45":{"start":{"line":193,"column":8},"end":{"line":196,"column":11}},"46":{"start":{"line":198,"column":8},"end":{"line":201,"column":11}},"47":{"start":{"line":205,"column":0},"end":{"line":210,"column":2}}},"fnMap":{"0":{"name":"(anonymous_0)","decl":{"start":{"line":6,"column":26},"end":{"line":6,"column":27}},"loc":{"start":{"line":6,"column":46},"end":{"line":57,"column":1}},"line":6},"1":{"name":"(anonymous_1)","decl":{"start":{"line":60,"column":22},"end":{"line":60,"column":23}},"loc":{"start":{"line":60,"column":42},"end":{"line":116,"column":1}},"line":60},"2":{"name":"(anonymous_2)","decl":{"start":{"line":119,"column":26},"end":{"line":119,"column":27}},"loc":{"start":{"line":119,"column":46},"end":{"line":180,"column":1}},"line":119},"3":{"name":"(anonymous_3)","decl":{"start":{"line":183,"column":26},"end":{"line":183,"column":27}},"loc":{"start":{"line":183,"column":46},"end":{"line":203,"column":1}},"line":183}},"branchMap":{"0":{"loc":{"start":{"line":22,"column":29},"end":{"line":22,"column":89}},"type":"cond-expr","locations":[{"start":{"line":22,"column":56},"end":{"line":22,"column":85}},{"start":{"line":22,"column":88},"end":{"line":22,"column":89}}],"line":22},"1":{"loc":{"start":{"line":62,"column":36},"end":{"line":62,"column":52}},"type":"default-arg","locations":[{"start":{"line":62,"column":45},"end":{"line":62,"column":52}}],"line":62},"2":{"loc":{"start":{"line":65,"column":8},"end":{"line":69,"column":9}},"type":"if","locations":[{"start":{"line":65,"column":8},"end":{"line":69,"column":9}},{"start":{},"end":{}}],"line":65},"3":{"loc":{"start":{"line":65,"column":12},"end":{"line":65,"column":32}},"type":"binary-expr","locations":[{"start":{"line":65,"column":12},"end":{"line":65,"column":21}},{"start":{"line":65,"column":25},"end":{"line":65,"column":32}}],"line":65},"4":{"loc":{"start":{"line":67,"column":12},"end":{"line":67,"column":75}},"type":"if","locations":[{"start":{"line":67,"column":12},"end":{"line":67,"column":75}},{"start":{},"end":{}}],"line":67},"5":{"loc":{"start":{"line":68,"column":12},"end":{"line":68,"column":71}},"type":"if","locations":[{"start":{"line":68,"column":12},"end":{"line":68,"column":71}},{"start":{},"end":{}}],"line":68},"6":{"loc":{"start":{"line":73,"column":8},"end":{"line":92,"column":9}},"type":"switch","locations":[{"start":{"line":74,"column":12},"end":{"line":79,"column":22}},{"start":{"line":80,"column":12},"end":{"line":85,"column":22}},{"start":{"line":86,"column":12},"end":{"line":91,"column":18}}],"line":73},"7":{"loc":{"start":{"line":185,"column":22},"end":{"line":185,"column":53}},"type":"binary-expr","locations":[{"start":{"line":185,"column":22},"end":{"line":185,"column":47}},{"start":{"line":185,"column":51},"end":{"line":185,"column":53}}],"line":185}},"s":{"0":0,"1":0,"2":0,"3":0,"4":0,"5":0,"6":0,"7":0,"8":0,"9":0,"10":0,"11":0,"12":0,"13":0,"14":0,"15":0,"16":0,"17":0,"18":0,"19":0,"20":0,"21":0,"22":0,"23":0,"24":0,"25":0,"26":0,"27":0,"28":0,"29":0,"30":0,"31":0,"32":0,"33":0,"34":0,"35":0,"36":0,"37":0,"38":0,"39":0,"40":0,"41":0,"42":0,"43":0,"44":0,"45":0,"46":0,"47":0},"f":{"0":0,"1":0,"2":0,"3":0},"b":{"0":[0,0],"1":[0],"2":[0,0],"3":[0,0],"4":[0,0],"5":[0,0],"6":[0,0,0],"7":[0,0]}}
,"D:\\UNI\\3. YEAR 3\\Fall\\CSCI313 Software Engineering\\Project\\E-Commerce_Website\\backend\\controllers\\carController.js": {"path":"D:\\UNI\\3. YEAR 3\\Fall\\CSCI313 Software Engineering\\Project\\E-Commerce_Website\\backend\\controllers\\carController.js","statementMap":{"0":{"start":{"line":1,"column":12},"end":{"line":1,"column":41}},"1":{"start":{"line":2,"column":17},"end":{"line":2,"column":36}},"2":{"start":{"line":4,"column":18},"end":{"line":18,"column":1}},"3":{"start":{"line":5,"column":19},"end":{"line":5,"column":29}},"4":{"start":{"line":7,"column":4},"end":{"line":17,"column":5}},"5":{"start":{"line":8,"column":23},"end":{"line":8,"column":46}},"6":{"start":{"line":10,"column":8},"end":{"line":14,"column":9}},"7":{"start":{"line":11,"column":12},"end":{"line":11,"column":93}},"8":{"start":{"line":13,"column":12},"end":{"line":13,"column":60}},"9":{"start":{"line":16,"column":8},"end":{"line":16,"column":55}},"10":{"start":{"line":20,"column":21},"end":{"line":39,"column":1}},"11":{"start":{"line":21,"column":19},"end":{"line":21,"column":29}},"12":{"start":{"line":23,"column":4},"end":{"line":38,"column":5}},"13":{"start":{"line":25,"column":8},"end":{"line":27,"column":9}},"14":{"start":{"line":26,"column":12},"end":{"line":26,"column":77}},"15":{"start":{"line":29,"column":20},"end":{"line":29,"column":42}},"16":{"start":{"line":31,"column":8},"end":{"line":33,"column":9}},"17":{"start":{"line":32,"column":12},"end":{"line":32,"column":69}},"18":{"start":{"line":35,"column":8},"end":{"line":35,"column":34}},"19":{"start":{"line":37,"column":8},"end":{"line":37,"column":55}},"20":{"start":{"line":41,"column":15},"end":{"line":66,"column":1}},"21":{"start":{"line":42,"column":132},"end":{"line":42,"column":140}},"22":{"start":{"line":44,"column":4},"end":{"line":65,"column":5}},"23":{"start":{"line":46,"column":23},"end":{"line":46,"column":76}},"24":{"start":{"line":46,"column":57},"end":{"line":46,"column":70}},"25":{"start":{"line":48,"column":20},"end":{"line":60,"column":9}},"26":{"start":{"line":62,"column":8},"end":{"line":62,"column":34}},"27":{"start":{"line":64,"column":8},"end":{"line":64,"column":55}},"28":{"start":{"line":68,"column":16},"end":{"line":110,"column":1}},"29":{"start":{"line":69,"column":19},"end":{"line":69,"column":29}},"30":{"start":{"line":70,"column":132},"end":{"line":70,"column":140}},"31":{"start":{"line":72,"column":4},"end":{"line":109,"column":5}},"32":{"start":{"line":73,"column":27},"end":{"line":81,"column":9}},"33":{"start":{"line":84,"column":8},"end":{"line":86,"column":9}},"34":{"start":{"line":85,"column":12},"end":{"line":85,"column":67}},"35":{"start":{"line":87,"column":8},"end":{"line":89,"column":9}},"36":{"start":{"line":88,"column":12},"end":{"line":88,"column":49}},"37":{"start":{"line":90,"column":8},"end":{"line":92,"column":9}},"38":{"start":{"line":91,"column":12},"end":{"line":91,"column":67}},"39":{"start":{"line":95,"column":8},"end":{"line":98,"column":9}},"40":{"start":{"line":96,"column":30},"end":{"line":96,"column":66}},"41":{"start":{"line":96,"column":52},"end":{"line":96,"column":65}},"42":{"start":{"line":97,"column":12},"end":{"line":97,"column":42}},"43":{"start":{"line":100,"column":23},"end":{"line":100,"column":56}},"44":{"start":{"line":102,"column":8},"end":{"line":106,"column":9}},"45":{"start":{"line":103,"column":12},"end":{"line":103,"column":93}},"46":{"start":{"line":105,"column":12},"end":{"line":105,"column":60}},"47":{"start":{"line":108,"column":8},"end":{"line":108,"column":55}},"48":{"start":{"line":112,"column":19},"end":{"line":119,"column":1}},"49":{"start":{"line":113,"column":4},"end":{"line":118,"column":5}},"50":{"start":{"line":114,"column":21},"end":{"line":114,"column":63}},"51":{"start":{"line":115,"column":8},"end":{"line":115,"column":35}},"52":{"start":{"line":117,"column":8},"end":{"line":117,"column":55}},"53":{"start":{"line":121,"column":19},"end":{"line":151,"column":1}},"54":{"start":{"line":122,"column":22},"end":{"line":122,"column":31}},"55":{"start":{"line":124,"column":4},"end":{"line":150,"column":5}},"56":{"start":{"line":126,"column":8},"end":{"line":129,"column":9}},"57":{"start":{"line":127,"column":25},"end":{"line":127,"column":76}},"58":{"start":{"line":128,"column":12},"end":{"line":128,"column":46}},"59":{"start":{"line":132,"column":30},"end":{"line":132,"column":52}},"60":{"start":{"line":135,"column":21},"end":{"line":145,"column":43}},"61":{"start":{"line":147,"column":8},"end":{"line":147,"column":35}},"62":{"start":{"line":149,"column":8},"end":{"line":149,"column":55}},"63":{"start":{"line":153,"column":0},"end":{"line":160,"column":2}}},"fnMap":{"0":{"name":"(anonymous_0)","decl":{"start":{"line":4,"column":18},"end":{"line":4,"column":19}},"loc":{"start":{"line":4,"column":38},"end":{"line":18,"column":1}},"line":4},"1":{"name":"(anonymous_1)","decl":{"start":{"line":20,"column":21},"end":{"line":20,"column":22}},"loc":{"start":{"line":20,"column":41},"end":{"line":39,"column":1}},"line":20},"2":{"name":"(anonymous_2)","decl":{"start":{"line":41,"column":15},"end":{"line":41,"column":16}},"loc":{"start":{"line":41,"column":35},"end":{"line":66,"column":1}},"line":41},"3":{"name":"(anonymous_3)","decl":{"start":{"line":46,"column":49},"end":{"line":46,"column":50}},"loc":{"start":{"line":46,"column":57},"end":{"line":46,"column":70}},"line":46},"4":{"name":"(anonymous_4)","decl":{"start":{"line":68,"column":16},"end":{"line":68,"column":17}},"loc":{"start":{"line":68,"column":36},"end":{"line":110,"column":1}},"line":68},"5":{"name":"(anonymous_5)","decl":{"start":{"line":96,"column":44},"end":{"line":96,"column":45}},"loc":{"start":{"line":96,"column":52},"end":{"line":96,"column":65}},"line":96},"6":{"name":"(anonymous_6)","decl":{"start":{"line":112,"column":19},"end":{"line":112,"column":20}},"loc":{"start":{"line":112,"column":39},"end":{"line":119,"column":1}},"line":112},"7":{"name":"(anonymous_7)","decl":{"start":{"line":121,"column":19},"end":{"line":121,"column":20}},"loc":{"start":{"line":121,"column":39},"end":{"line":151,"column":1}},"line":121}},"branchMap":{"0":{"loc":{"start":{"line":10,"column":8},"end":{"line":14,"column":9}},"type":"if","locations":[{"start":{"line":10,"column":8},"end":{"line":14,"column":9}},{"start":{"line":12,"column":15},"end":{"line":14,"column":9}}],"line":10},"1":{"loc":{"start":{"line":25,"column":8},"end":{"line":27,"column":9}},"type":"if","locations":[{"start":{"line":25,"column":8},"end":{"line":27,"column":9}},{"start":{},"end":{}}],"line":25},"2":{"loc":{"start":{"line":31,"column":8},"end":{"line":33,"column":9}},"type":"if","locations":[{"start":{"line":31,"column":8},"end":{"line":33,"column":9}},{"start":{},"end":{}}],"line":31},"3":{"loc":{"start":{"line":46,"column":23},"end":{"line":46,"column":76}},"type":"cond-expr","locations":[{"start":{"line":46,"column":35},"end":{"line":46,"column":71}},{"start":{"line":46,"column":74},"end":{"line":46,"column":76}}],"line":46},"4":{"loc":{"start":{"line":84,"column":8},"end":{"line":86,"column":9}},"type":"if","locations":[{"start":{"line":84,"column":8},"end":{"line":86,"column":9}},{"start":{},"end":{}}],"line":84},"5":{"loc":{"start":{"line":87,"column":8},"end":{"line":89,"column":9}},"type":"if","locations":[{"start":{"line":87,"column":8},"end":{"line":89,"column":9}},{"start":{},"end":{}}],"line":87},"6":{"loc":{"start":{"line":90,"column":8},"end":{"line":92,"column":9}},"type":"if","locations":[{"start":{"line":90,"column":8},"end":{"line":92,"column":9}},{"start":{},"end":{}}],"line":90},"7":{"loc":{"start":{"line":95,"column":8},"end":{"line":98,"column":9}},"type":"if","locations":[{"start":{"line":95,"column":8},"end":{"line":98,"column":9}},{"start":{},"end":{}}],"line":95},"8":{"loc":{"start":{"line":95,"column":12},"end":{"line":95,"column":45}},"type":"binary-expr","locations":[{"start":{"line":95,"column":12},"end":{"line":95,"column":21}},{"start":{"line":95,"column":25},"end":{"line":95,"column":45}}],"line":95},"9":{"loc":{"start":{"line":102,"column":8},"end":{"line":106,"column":9}},"type":"if","locations":[{"start":{"line":102,"column":8},"end":{"line":106,"column":9}},{"start":{"line":104,"column":15},"end":{"line":106,"column":9}}],"line":102},"10":{"loc":{"start":{"line":126,"column":8},"end":{"line":129,"column":9}},"type":"if","locations":[{"start":{"line":126,"column":8},"end":{"line":129,"column":9}},{"start":{},"end":{}}],"line":126},"11":{"loc":{"start":{"line":126,"column":12},"end":{"line":126,"column":41}},"type":"binary-expr","locations":[{"start":{"line":126,"column":12},"end":{"line":126,"column":18}},{"start":{"line":126,"column":22},"end":{"line":126,"column":41}}],"line":126}},"s":{"0":1,"1":1,"2":1,"3":2,"4":2,"5":2,"6":2,"7":1,"8":1,"9":0,"10":1,"11":4,"12":4,"13":4,"14":1,"15":3,"16":3,"17":2,"18":1,"19":0,"20":1,"21":33,"22":33,"23":33,"24":0,"25":33,"26":32,"27":1,"28":1,"29":2,"30":2,"31":2,"32":2,"33":2,"34":0,"35":2,"36":2,"37":2,"38":0,"39":2,"40":0,"41":0,"42":0,"43":2,"44":2,"45":1,"46":1,"47":0,"48":1,"49":3,"50":3,"51":3,"52":0,"53":1,"54":6,"55":6,"56":6,"57":1,"58":1,"59":5,"60":5,"61":5,"62":0,"63":1},"f":{"0":2,"1":4,"2":33,"3":0,"4":2,"5":0,"6":3,"7":6},"b":{"0":[1,1],"1":[1,3],"2":[2,1],"3":[0,33],"4":[0,2],"5":[2,0],"6":[0,2],"7":[0,2],"8":[2,0],"9":[1,1],"10":[1,5],"11":[6,5]},"_coverageSchema":"1a1c01bbd47fc00a2c39e90264f33305004495a9","hash":"9995468d7e0367430ac6f5a433711267ed620008"}
,"D:\\UNI\\3. YEAR 3\\Fall\\CSCI313 Software Engineering\\Project\\E-Commerce_Website\\backend\\controllers\\contactController.js": {"path":"D:\\UNI\\3. YEAR 3\\Fall\\CSCI313 Software Engineering\\Project\\E-Commerce_Website\\backend\\controllers\\contactController.js","statementMap":{"0":{"start":{"line":1,"column":21},"end":{"line":1,"column":54}},"1":{"start":{"line":2,"column":12},"end":{"line":2,"column":35}},"2":{"start":{"line":4,"column":22},"end":{"line":41,"column":1}},"3":{"start":{"line":5,"column":4},"end":{"line":40,"column":5}},"4":{"start":{"line":6,"column":50},"end":{"line":6,"column":58}},"5":{"start":{"line":9,"column":21},"end":{"line":9,"column":25}},"6":{"start":{"line":10,"column":34},"end":{"line":10,"column":45}},"7":{"start":{"line":12,"column":8},"end":{"line":20,"column":9}},"8":{"start":{"line":13,"column":12},"end":{"line":19,"column":13}},"9":{"start":{"line":14,"column":30},"end":{"line":14,"column":57}},"10":{"start":{"line":15,"column":32},"end":{"line":15,"column":73}},"11":{"start":{"line":16,"column":16},"end":{"line":16,"column":37}},"12":{"start":{"line":18,"column":16},"end":{"line":18,"column":100}},"13":{"start":{"line":22,"column":24},"end":{"line":28,"column":10}},"14":{"start":{"line":30,"column":8},"end":{"line":34,"column":11}},"15":{"start":{"line":36,"column":8},"end":{"line":39,"column":11}},"16":{"start":{"line":43,"column":23},"end":{"line":57,"column":1}},"17":{"start":{"line":44,"column":4},"end":{"line":56,"column":5}},"18":{"start":{"line":45,"column":25},"end":{"line":45,"column":60}},"19":{"start":{"line":47,"column":8},"end":{"line":50,"column":11}},"20":{"start":{"line":52,"column":8},"end":{"line":55,"column":11}},"21":{"start":{"line":59,"column":28},"end":{"line":84,"column":1}},"22":{"start":{"line":60,"column":4},"end":{"line":83,"column":5}},"23":{"start":{"line":61,"column":23},"end":{"line":61,"column":33}},"24":{"start":{"line":62,"column":27},"end":{"line":62,"column":35}},"25":{"start":{"line":64,"column":8},"end":{"line":69,"column":9}},"26":{"start":{"line":65,"column":12},"end":{"line":68,"column":15}},"27":{"start":{"line":71,"column":24},"end":{"line":71,"column":74}},"28":{"start":{"line":73,"column":8},"end":{"line":77,"column":11}},"29":{"start":{"line":79,"column":8},"end":{"line":82,"column":11}},"30":{"start":{"line":86,"column":0},"end":{"line":90,"column":2}}},"fnMap":{"0":{"name":"(anonymous_0)","decl":{"start":{"line":4,"column":22},"end":{"line":4,"column":23}},"loc":{"start":{"line":4,"column":42},"end":{"line":41,"column":1}},"line":4},"1":{"name":"(anonymous_1)","decl":{"start":{"line":43,"column":23},"end":{"line":43,"column":24}},"loc":{"start":{"line":43,"column":43},"end":{"line":57,"column":1}},"line":43},"2":{"name":"(anonymous_2)","decl":{"start":{"line":59,"column":28},"end":{"line":59,"column":29}},"loc":{"start":{"line":59,"column":48},"end":{"line":84,"column":1}},"line":59}},"branchMap":{"0":{"loc":{"start":{"line":12,"column":8},"end":{"line":20,"column":9}},"type":"if","locations":[{"start":{"line":12,"column":8},"end":{"line":20,"column":9}},{"start":{},"end":{}}],"line":12},"1":{"loc":{"start":{"line":64,"column":8},"end":{"line":69,"column":9}},"type":"if","locations":[{"start":{"line":64,"column":8},"end":{"line":69,"column":9}},{"start":{},"end":{}}],"line":64}},"s":{"0":0,"1":0,"2":0,"3":0,"4":0,"5":0,"6":0,"7":0,"8":0,"9":0,"10":0,"11":0,"12":0,"13":0,"14":0,"15":0,"16":0,"17":0,"18":0,"19":0,"20":0,"21":0,"22":0,"23":0,"24":0,"25":0,"26":0,"27":0,"28":0,"29":0,"30":0},"f":{"0":0,"1":0,"2":0},"b":{"0":[0,0],"1":[0,0]}}
,"D:\\UNI\\3. YEAR 3\\Fall\\CSCI313 Software Engineering\\Project\\E-Commerce_Website\\backend\\controllers\\orderController.js": {"path":"D:\\UNI\\3. YEAR 3\\Fall\\CSCI313 Software Engineering\\Project\\E-Commerce_Website\\backend\\controllers\\orderController.js","statementMap":{"0":{"start":{"line":1,"column":19},"end":{"line":1,"column":50}},"1":{"start":{"line":2,"column":12},"end":{"line":2,"column":35}},"2":{"start":{"line":5,"column":19},"end":{"line":18,"column":1}},"3":{"start":{"line":6,"column":4},"end":{"line":17,"column":5}},"4":{"start":{"line":7,"column":23},"end":{"line":7,"column":52}},"5":{"start":{"line":8,"column":8},"end":{"line":11,"column":11}},"6":{"start":{"line":13,"column":8},"end":{"line":16,"column":11}},"7":{"start":{"line":20,"column":20},"end":{"line":56,"column":1}},"8":{"start":{"line":21,"column":4},"end":{"line":55,"column":5}},"9":{"start":{"line":22,"column":56},"end":{"line":22,"column":64}},"10":{"start":{"line":25,"column":21},"end":{"line":25,"column":25}},"11":{"start":{"line":26,"column":34},"end":{"line":26,"column":45}},"12":{"start":{"line":28,"column":8},"end":{"line":36,"column":9}},"13":{"start":{"line":29,"column":12},"end":{"line":35,"column":13}},"14":{"start":{"line":30,"column":30},"end":{"line":30,"column":57}},"15":{"start":{"line":31,"column":32},"end":{"line":31,"column":73}},"16":{"start":{"line":32,"column":16},"end":{"line":32,"column":37}},"17":{"start":{"line":34,"column":16},"end":{"line":34,"column":100}},"18":{"start":{"line":38,"column":22},"end":{"line":43,"column":10}},"19":{"start":{"line":45,"column":8},"end":{"line":49,"column":11}},"20":{"start":{"line":51,"column":8},"end":{"line":54,"column":11}},"21":{"start":{"line":58,"column":21},"end":{"line":81,"column":1}},"22":{"start":{"line":59,"column":4},"end":{"line":80,"column":5}},"23":{"start":{"line":60,"column":23},"end":{"line":60,"column":33}},"24":{"start":{"line":61,"column":22},"end":{"line":61,"column":55}},"25":{"start":{"line":64,"column":8},"end":{"line":69,"column":9}},"26":{"start":{"line":65,"column":12},"end":{"line":68,"column":15}},"27":{"start":{"line":71,"column":8},"end":{"line":74,"column":11}},"28":{"start":{"line":76,"column":8},"end":{"line":79,"column":11}},"29":{"start":{"line":83,"column":26},"end":{"line":108,"column":1}},"30":{"start":{"line":84,"column":4},"end":{"line":107,"column":5}},"31":{"start":{"line":85,"column":23},"end":{"line":85,"column":33}},"32":{"start":{"line":86,"column":27},"end":{"line":86,"column":35}},"33":{"start":{"line":88,"column":8},"end":{"line":93,"column":9}},"34":{"start":{"line":89,"column":12},"end":{"line":92,"column":15}},"35":{"start":{"line":95,"column":22},"end":{"line":95,"column":68}},"36":{"start":{"line":97,"column":8},"end":{"line":101,"column":11}},"37":{"start":{"line":103,"column":8},"end":{"line":106,"column":11}},"38":{"start":{"line":110,"column":22},"end":{"line":125,"column":1}},"39":{"start":{"line":111,"column":4},"end":{"line":124,"column":5}},"40":{"start":{"line":112,"column":23},"end":{"line":112,"column":35}},"41":{"start":{"line":113,"column":23},"end":{"line":113,"column":61}},"42":{"start":{"line":115,"column":8},"end":{"line":118,"column":11}},"43":{"start":{"line":120,"column":8},"end":{"line":123,"column":11}},"44":{"start":{"line":127,"column":0},"end":{"line":133,"column":2}}},"fnMap":{"0":{"name":"(anonymous_0)","decl":{"start":{"line":5,"column":19},"end":{"line":5,"column":20}},"loc":{"start":{"line":5,"column":39},"end":{"line":18,"column":1}},"line":5},"1":{"name":"(anonymous_1)","decl":{"start":{"line":20,"column":20},"end":{"line":20,"column":21}},"loc":{"start":{"line":20,"column":40},"end":{"line":56,"column":1}},"line":20},"2":{"name":"(anonymous_2)","decl":{"start":{"line":58,"column":21},"end":{"line":58,"column":22}},"loc":{"start":{"line":58,"column":41},"end":{"line":81,"column":1}},"line":58},"3":{"name":"(anonymous_3)","decl":{"start":{"line":83,"column":26},"end":{"line":83,"column":27}},"loc":{"start":{"line":83,"column":46},"end":{"line":108,"column":1}},"line":83},"4":{"name":"(anonymous_4)","decl":{"start":{"line":110,"column":22},"end":{"line":110,"column":23}},"loc":{"start":{"line":110,"column":42},"end":{"line":125,"column":1}},"line":110}},"branchMap":{"0":{"loc":{"start":{"line":28,"column":8},"end":{"line":36,"column":9}},"type":"if","locations":[{"start":{"line":28,"column":8},"end":{"line":36,"column":9}},{"start":{},"end":{}}],"line":28},"1":{"loc":{"start":{"line":64,"column":8},"end":{"line":69,"column":9}},"type":"if","locations":[{"start":{"line":64,"column":8},"end":{"line":69,"column":9}},{"start":{},"end":{}}],"line":64},"2":{"loc":{"start":{"line":64,"column":12},"end":{"line":64,"column":108}},"type":"binary-expr","locations":[{"start":{"line":64,"column":12},"end":{"line":64,"column":37}},{"start":{"line":64,"column":41},"end":{"line":64,"column":53}},{"start":{"line":64,"column":57},"end":{"line":64,"column":108}}],"line":64},"3":{"loc":{"start":{"line":88,"column":8},"end":{"line":93,"column":9}},"type":"if","locations":[{"start":{"line":88,"column":8},"end":{"line":93,"column":9}},{"start":{},"end":{}}],"line":88}},"s":{"0":1,"1":1,"2":1,"3":5,"4":5,"5":5,"6":0,"7":1,"8":20,"9":20,"10":20,"11":20,"12":20,"13":6,"14":6,"15":6,"16":5,"17":1,"18":20,"19":16,"20":4,"21":1,"22":0,"23":0,"24":0,"25":0,"26":0,"27":0,"28":0,"29":1,"30":0,"31":0,"32":0,"33":0,"34":0,"35":0,"36":0,"37":0,"38":1,"39":0,"40":0,"41":0,"42":0,"43":0,"44":1},"f":{"0":5,"1":20,"2":0,"3":0,"4":0},"b":{"0":[6,14],"1":[0,0],"2":[0,0,0],"3":[0,0]},"_coverageSchema":"1a1c01bbd47fc00a2c39e90264f33305004495a9","hash":"19d1cb82c914f1aff5c74e7497be742f7362bc97"}
,"D:\\UNI\\3. YEAR 3\\Fall\\CSCI313 Software Engineering\\Project\\E-Commerce_Website\\backend\\controllers\\userController.js": {"path":"D:\\UNI\\3. YEAR 3\\Fall\\CSCI313 Software Engineering\\Project\\E-Commerce_Website\\backend\\controllers\\userController.js","statementMap":{"0":{"start":{"line":1,"column":13},"end":{"line":1,"column":43}},"1":{"start":{"line":2,"column":17},"end":{"line":2,"column":36}},"2":{"start":{"line":3,"column":12},"end":{"line":3,"column":35}},"3":{"start":{"line":7,"column":20},"end":{"line":9,"column":1}},"4":{"start":{"line":8,"column":4},"end":{"line":8,"column":73}},"5":{"start":{"line":12,"column":18},"end":{"line":25,"column":1}},"6":{"start":{"line":13,"column":30},"end":{"line":13,"column":38}},"7":{"start":{"line":14,"column":4},"end":{"line":22,"column":5}},"8":{"start":{"line":15,"column":21},"end":{"line":15,"column":54}},"9":{"start":{"line":18,"column":22},"end":{"line":18,"column":43}},"10":{"start":{"line":19,"column":8},"end":{"line":19,"column":86}},"11":{"start":{"line":21,"column":8},"end":{"line":21,"column":52}},"12":{"start":{"line":30,"column":19},"end":{"line":48,"column":1}},"13":{"start":{"line":31,"column":46},"end":{"line":31,"column":54}},"14":{"start":{"line":33,"column":4},"end":{"line":43,"column":5}},"15":{"start":{"line":34,"column":21},"end":{"line":34,"column":71}},"16":{"start":{"line":37,"column":22},"end":{"line":37,"column":43}},"17":{"start":{"line":40,"column":8},"end":{"line":40,"column":71}},"18":{"start":{"line":42,"column":8},"end":{"line":42,"column":52}},"19":{"start":{"line":51,"column":23},"end":{"line":66,"column":1}},"20":{"start":{"line":52,"column":4},"end":{"line":65,"column":5}},"21":{"start":{"line":53,"column":23},"end":{"line":53,"column":35}},"22":{"start":{"line":54,"column":21},"end":{"line":54,"column":50}},"23":{"start":{"line":56,"column":8},"end":{"line":59,"column":11}},"24":{"start":{"line":61,"column":8},"end":{"line":64,"column":11}},"25":{"start":{"line":69,"column":26},"end":{"line":87,"column":1}},"26":{"start":{"line":70,"column":4},"end":{"line":86,"column":5}},"27":{"start":{"line":71,"column":23},"end":{"line":71,"column":35}},"28":{"start":{"line":72,"column":36},"end":{"line":72,"column":44}},"29":{"start":{"line":74,"column":21},"end":{"line":74,"column":74}},"30":{"start":{"line":76,"column":8},"end":{"line":80,"column":11}},"31":{"start":{"line":82,"column":8},"end":{"line":85,"column":11}},"32":{"start":{"line":90,"column":23},"end":{"line":107,"column":1}},"33":{"start":{"line":91,"column":4},"end":{"line":106,"column":5}},"34":{"start":{"line":92,"column":23},"end":{"line":92,"column":35}},"35":{"start":{"line":93,"column":49},"end":{"line":93,"column":57}},"36":{"start":{"line":95,"column":8},"end":{"line":95,"column":72}},"37":{"start":{"line":97,"column":8},"end":{"line":100,"column":11}},"38":{"start":{"line":102,"column":8},"end":{"line":105,"column":11}},"39":{"start":{"line":111,"column":0},"end":{"line":117,"column":1}}},"fnMap":{"0":{"name":"(anonymous_0)","decl":{"start":{"line":7,"column":20},"end":{"line":7,"column":21}},"loc":{"start":{"line":7,"column":29},"end":{"line":9,"column":1}},"line":7},"1":{"name":"(anonymous_1)","decl":{"start":{"line":12,"column":18},"end":{"line":12,"column":19}},"loc":{"start":{"line":12,"column":38},"end":{"line":25,"column":1}},"line":12},"2":{"name":"(anonymous_2)","decl":{"start":{"line":30,"column":19},"end":{"line":30,"column":20}},"loc":{"start":{"line":30,"column":39},"end":{"line":48,"column":1}},"line":30},"3":{"name":"(anonymous_3)","decl":{"start":{"line":51,"column":23},"end":{"line":51,"column":24}},"loc":{"start":{"line":51,"column":43},"end":{"line":66,"column":1}},"line":51},"4":{"name":"(anonymous_4)","decl":{"start":{"line":69,"column":26},"end":{"line":69,"column":27}},"loc":{"start":{"line":69,"column":46},"end":{"line":87,"column":1}},"line":69},"5":{"name":"(anonymous_5)","decl":{"start":{"line":90,"column":23},"end":{"line":90,"column":24}},"loc":{"start":{"line":90,"column":43},"end":{"line":107,"column":1}},"line":90}},"branchMap":{},"s":{"0":1,"1":1,"2":1,"3":1,"4":16,"5":1,"6":8,"7":8,"8":8,"9":4,"10":4,"11":4,"12":1,"13":18,"14":18,"15":18,"16":12,"17":12,"18":6,"19":1,"20":0,"21":0,"22":0,"23":0,"24":0,"25":1,"26":0,"27":0,"28":0,"29":0,"30":0,"31":0,"32":1,"33":0,"34":0,"35":0,"36":0,"37":0,"38":0,"39":1},"f":{"0":16,"1":8,"2":18,"3":0,"4":0,"5":0},"b":{},"_coverageSchema":"1a1c01bbd47fc00a2c39e90264f33305004495a9","hash":"f2825b946fb33e398c182c496c7b7a04b7cbecfd"}
,"D:\\UNI\\3. YEAR 3\\Fall\\CSCI313 Software Engineering\\Project\\E-Commerce_Website\\backend\\middleware\\requireAuth.js": {"path":"D:\\UNI\\3. YEAR 3\\Fall\\CSCI313 Software Engineering\\Project\\E-Commerce_Website\\backend\\middleware\\requireAuth.js","statementMap":{"0":{"start":{"line":1,"column":12},"end":{"line":1,"column":35}},"1":{"start":{"line":2,"column":13},"end":{"line":2,"column":43}},"2":{"start":{"line":3,"column":20},"end":{"line":24,"column":1}},"3":{"start":{"line":5,"column":30},"end":{"line":5,"column":41}},"4":{"start":{"line":7,"column":4},"end":{"line":9,"column":5}},"5":{"start":{"line":8,"column":8},"end":{"line":8,"column":78}},"6":{"start":{"line":11,"column":18},"end":{"line":11,"column":45}},"7":{"start":{"line":13,"column":4},"end":{"line":22,"column":5}},"8":{"start":{"line":14,"column":22},"end":{"line":14,"column":63}},"9":{"start":{"line":16,"column":8},"end":{"line":16,"column":65}},"10":{"start":{"line":17,"column":8},"end":{"line":17,"column":14}},"11":{"start":{"line":20,"column":8},"end":{"line":20,"column":26}},"12":{"start":{"line":21,"column":8},"end":{"line":21,"column":68}},"13":{"start":{"line":27,"column":21},"end":{"line":32,"column":1}},"14":{"start":{"line":28,"column":4},"end":{"line":30,"column":5}},"15":{"start":{"line":29,"column":8},"end":{"line":29,"column":71}},"16":{"start":{"line":31,"column":4},"end":{"line":31,"column":10}},"17":{"start":{"line":34,"column":0},"end":{"line":34,"column":46}}},"fnMap":{"0":{"name":"(anonymous_0)","decl":{"start":{"line":3,"column":20},"end":{"line":3,"column":21}},"loc":{"start":{"line":3,"column":46},"end":{"line":24,"column":1}},"line":3},"1":{"name":"(anonymous_1)","decl":{"start":{"line":27,"column":21},"end":{"line":27,"column":22}},"loc":{"start":{"line":27,"column":41},"end":{"line":32,"column":1}},"line":27}},"branchMap":{"0":{"loc":{"start":{"line":7,"column":4},"end":{"line":9,"column":5}},"type":"if","locations":[{"start":{"line":7,"column":4},"end":{"line":9,"column":5}},{"start":{},"end":{}}],"line":7},"1":{"loc":{"start":{"line":28,"column":4},"end":{"line":30,"column":5}},"type":"if","locations":[{"start":{"line":28,"column":4},"end":{"line":30,"column":5}},{"start":{},"end":{}}],"line":28}},"s":{"0":3,"1":3,"2":3,"3":48,"4":48,"5":3,"6":45,"7":45,"8":45,"9":45,"10":45,"11":0,"12":0,"13":3,"14":45,"15":3,"16":42,"17":3},"f":{"0":48,"1":45},"b":{"0":[3,45],"1":[3,42]},"_coverageSchema":"1a1c01bbd47fc00a2c39e90264f33305004495a9","hash":"d231d7255e5f864d5ec471375ec2ea61294df099"}
}
