{"D:\\UNI\\3. YEAR 3\\Fall\\CSCI313 Software Engineering\\Project\\E-Commerce_Website\\backend\\Models\\carModel.js": {"path":"D:\\UNI\\3. YEAR 3\\Fall\\CSCI313 Software Engineering\\Project\\E-Commerce_Website\\backend\\Models\\carModel.js","statementMap":{"0":{"start":{"line":1,"column":17},"end":{"line":1,"column":36}},"1":{"start":{"line":4,"column":15},"end":{"line":4,"column":30}},"2":{"start":{"line":7,"column":18},"end":{"line":61,"column":2}},"3":{"start":{"line":63,"column":0},"end":{"line":90,"column":1}},"4":{"start":{"line":66,"column":4},"end":{"line":68,"column":5}},"5":{"start":{"line":67,"column":8},"end":{"line":67,"column":169}},"6":{"start":{"line":70,"column":4},"end":{"line":72,"column":5}},"7":{"start":{"line":71,"column":8},"end":{"line":71,"column":59}},"8":{"start":{"line":74,"column":4},"end":{"line":76,"column":5}},"9":{"start":{"line":75,"column":8},"end":{"line":75,"column":69}},"10":{"start":{"line":78,"column":4},"end":{"line":80,"column":5}},"11":{"start":{"line":79,"column":8},"end":{"line":79,"column":68}},"12":{"start":{"line":82,"column":24},"end":{"line":82,"column":48}},"13":{"start":{"line":83,"column":4},"end":{"line":85,"column":5}},"14":{"start":{"line":84,"column":8},"end":{"line":84,"column":97}},"15":{"start":{"line":87,"column":16},"end":{"line":87,"column":187}},"16":{"start":{"line":89,"column":4},"end":{"line":89,"column":14}},"17":{"start":{"line":94,"column":0},"end":{"line":116,"column":1}},"18":{"start":{"line":96,"column":4},"end":{"line":98,"column":5}},"19":{"start":{"line":97,"column":8},"end":{"line":97,"column":62}},"20":{"start":{"line":101,"column":4},"end":{"line":103,"column":5}},"21":{"start":{"line":102,"column":8},"end":{"line":102,"column":50}},"22":{"start":{"line":106,"column":19},"end":{"line":106,"column":54}},"23":{"start":{"line":109,"column":4},"end":{"line":112,"column":5}},"24":{"start":{"line":111,"column":8},"end":{"line":111,"column":78}},"25":{"start":{"line":115,"column":4},"end":{"line":115,"column":87}},"26":{"start":{"line":118,"column":0},"end":{"line":227,"column":1}},"27":{"start":{"line":120,"column":4},"end":{"line":124,"column":5}},"28":{"start":{"line":122,"column":8},"end":{"line":122,"column":57}},"29":{"start":{"line":128,"column":4},"end":{"line":132,"column":5}},"30":{"start":{"line":130,"column":8},"end":{"line":130,"column":49}},"31":{"start":{"line":136,"column":26},"end":{"line":136,"column":173}},"32":{"start":{"line":138,"column":26},"end":{"line":138,"column":28}},"33":{"start":{"line":144,"column":4},"end":{"line":152,"column":5}},"34":{"start":{"line":146,"column":8},"end":{"line":150,"column":9}},"35":{"start":{"line":148,"column":12},"end":{"line":148,"column":45}},"36":{"start":{"line":156,"column":4},"end":{"line":160,"column":5}},"37":{"start":{"line":158,"column":8},"end":{"line":158,"column":62}},"38":{"start":{"line":166,"column":4},"end":{"line":174,"column":5}},"39":{"start":{"line":168,"column":8},"end":{"line":172,"column":9}},"40":{"start":{"line":170,"column":12},"end":{"line":170,"column":63}},"41":{"start":{"line":177,"column":4},"end":{"line":181,"column":5}},"42":{"start":{"line":178,"column":8},"end":{"line":180,"column":9}},"43":{"start":{"line":179,"column":12},"end":{"line":179,"column":73}},"44":{"start":{"line":184,"column":4},"end":{"line":189,"column":5}},"45":{"start":{"line":185,"column":8},"end":{"line":187,"column":9}},"46":{"start":{"line":186,"column":12},"end":{"line":186,"column":72}},"47":{"start":{"line":188,"column":8},"end":{"line":188,"column":72}},"48":{"start":{"line":195,"column":4},"end":{"line":209,"column":5}},"49":{"start":{"line":197,"column":28},"end":{"line":197,"column":52}},"50":{"start":{"line":199,"column":8},"end":{"line":207,"column":9}},"51":{"start":{"line":205,"column":12},"end":{"line":205,"column":88}},"52":{"start":{"line":213,"column":20},"end":{"line":213,"column":85}},"53":{"start":{"line":217,"column":4},"end":{"line":221,"column":5}},"54":{"start":{"line":219,"column":8},"end":{"line":219,"column":77}},"55":{"start":{"line":225,"column":4},"end":{"line":225,"column":87}},"56":{"start":{"line":232,"column":0},"end":{"line":232,"column":49}}},"fnMap":{"0":{"name":"(anonymous_0)","decl":{"start":{"line":63,"column":30},"end":{"line":63,"column":31}},"loc":{"start":{"line":63,"column":175},"end":{"line":90,"column":1}},"line":63},"1":{"name":"(anonymous_1)","decl":{"start":{"line":94,"column":30},"end":{"line":94,"column":31}},"loc":{"start":{"line":94,"column":52},"end":{"line":116,"column":1}},"line":94},"2":{"name":"(anonymous_2)","decl":{"start":{"line":118,"column":28},"end":{"line":118,"column":29}},"loc":{"start":{"line":118,"column":59},"end":{"line":227,"column":1}},"line":118}},"branchMap":{"0":{"loc":{"start":{"line":63,"column":162},"end":{"line":63,"column":173}},"type":"default-arg","locations":[{"start":{"line":63,"column":171},"end":{"line":63,"column":173}}],"line":63},"1":{"loc":{"start":{"line":66,"column":4},"end":{"line":68,"column":5}},"type":"if","locations":[{"start":{"line":66,"column":4},"end":{"line":68,"column":5}},{"start":{},"end":{}}],"line":66},"2":{"loc":{"start":{"line":66,"column":8},"end":{"line":66,"column":222}},"type":"binary-expr","locations":[{"start":{"line":66,"column":8},"end":{"line":66,"column":14}},{"start":{"line":66,"column":18},"end":{"line":66,"column":24}},{"start":{"line":66,"column":28},"end":{"line":66,"column":33}},{"start":{"line":66,"column":37},"end":{"line":66,"column":56}},{"start":{"line":66,"column":60},"end":{"line":66,"column":74}},{"start":{"line":66,"column":78},"end":{"line":66,"column":94}},{"start":{"line":66,"column":98},"end":{"line":66,"column":126}},{"start":{"line":66,"column":130},"end":{"line":66,"column":153}},{"start":{"line":66,"column":157},"end":{"line":66,"column":172}},{"start":{"line":66,"column":176},"end":{"line":66,"column":187}},{"start":{"line":66,"column":191},"end":{"line":66,"column":208}},{"start":{"line":66,"column":212},"end":{"line":66,"column":222}}],"line":66},"3":{"loc":{"start":{"line":70,"column":4},"end":{"line":72,"column":5}},"type":"if","locations":[{"start":{"line":70,"column":4},"end":{"line":72,"column":5}},{"start":{},"end":{}}],"line":70},"4":{"loc":{"start":{"line":70,"column":8},"end":{"line":70,"column":47}},"type":"binary-expr","locations":[{"start":{"line":70,"column":8},"end":{"line":70,"column":33}},{"start":{"line":70,"column":37},"end":{"line":70,"column":47}}],"line":70},"5":{"loc":{"start":{"line":74,"column":4},"end":{"line":76,"column":5}},"type":"if","locations":[{"start":{"line":74,"column":4},"end":{"line":76,"column":5}},{"start":{},"end":{}}],"line":74},"6":{"loc":{"start":{"line":74,"column":8},"end":{"line":74,"column":65}},"type":"binary-expr","locations":[{"start":{"line":74,"column":8},"end":{"line":74,"column":42}},{"start":{"line":74,"column":46},"end":{"line":74,"column":65}}],"line":74},"7":{"loc":{"start":{"line":78,"column":4},"end":{"line":80,"column":5}},"type":"if","locations":[{"start":{"line":78,"column":4},"end":{"line":80,"column":5}},{"start":{},"end":{}}],"line":78},"8":{"loc":{"start":{"line":83,"column":4},"end":{"line":85,"column":5}},"type":"if","locations":[{"start":{"line":83,"column":4},"end":{"line":85,"column":5}},{"start":{},"end":{}}],"line":83},"9":{"loc":{"start":{"line":83,"column":8},"end":{"line":83,"column":102}},"type":"binary-expr","locations":[{"start":{"line":83,"column":8},"end":{"line":83,"column":43}},{"start":{"line":83,"column":47},"end":{"line":83,"column":76}},{"start":{"line":83,"column":80},"end":{"line":83,"column":102}}],"line":83},"10":{"loc":{"start":{"line":96,"column":4},"end":{"line":98,"column":5}},"type":"if","locations":[{"start":{"line":96,"column":4},"end":{"line":98,"column":5}},{"start":{},"end":{}}],"line":96},"11":{"loc":{"start":{"line":101,"column":4},"end":{"line":103,"column":5}},"type":"if","locations":[{"start":{"line":101,"column":4},"end":{"line":103,"column":5}},{"start":{},"end":{}}],"line":101},"12":{"loc":{"start":{"line":109,"column":4},"end":{"line":112,"column":5}},"type":"if","locations":[{"start":{"line":109,"column":4},"end":{"line":112,"column":5}},{"start":{},"end":{}}],"line":109},"13":{"loc":{"start":{"line":120,"column":4},"end":{"line":124,"column":5}},"type":"if","locations":[{"start":{"line":120,"column":4},"end":{"line":124,"column":5}},{"start":{},"end":{}}],"line":120},"14":{"loc":{"start":{"line":128,"column":4},"end":{"line":132,"column":5}},"type":"if","locations":[{"start":{"line":128,"column":4},"end":{"line":132,"column":5}},{"start":{},"end":{}}],"line":128},"15":{"loc":{"start":{"line":146,"column":8},"end":{"line":150,"column":9}},"type":"if","locations":[{"start":{"line":146,"column":8},"end":{"line":150,"column":9}},{"start":{},"end":{}}],"line":146},"16":{"loc":{"start":{"line":156,"column":4},"end":{"line":160,"column":5}},"type":"if","locations":[{"start":{"line":156,"column":4},"end":{"line":160,"column":5}},{"start":{},"end":{}}],"line":156},"17":{"loc":{"start":{"line":166,"column":4},"end":{"line":174,"column":5}},"type":"if","locations":[{"start":{"line":166,"column":4},"end":{"line":174,"column":5}},{"start":{},"end":{}}],"line":166},"18":{"loc":{"start":{"line":168,"column":8},"end":{"line":172,"column":9}},"type":"if","locations":[{"start":{"line":168,"column":8},"end":{"line":172,"column":9}},{"start":{},"end":{}}],"line":168},"19":{"loc":{"start":{"line":168,"column":12},"end":{"line":168,"column":79}},"type":"binary-expr","locations":[{"start":{"line":168,"column":12},"end":{"line":168,"column":51}},{"start":{"line":168,"column":55},"end":{"line":168,"column":79}}],"line":168},"20":{"loc":{"start":{"line":177,"column":4},"end":{"line":181,"column":5}},"type":"if","locations":[{"start":{"line":177,"column":4},"end":{"line":181,"column":5}},{"start":{},"end":{}}],"line":177},"21":{"loc":{"start":{"line":178,"column":8},"end":{"line":180,"column":9}},"type":"if","locations":[{"start":{"line":178,"column":8},"end":{"line":180,"column":9}},{"start":{},"end":{}}],"line":178},"22":{"loc":{"start":{"line":178,"column":12},"end":{"line":178,"column":97}},"type":"binary-expr","locations":[{"start":{"line":178,"column":12},"end":{"line":178,"column":60}},{"start":{"line":178,"column":64},"end":{"line":178,"column":97}}],"line":178},"23":{"loc":{"start":{"line":184,"column":4},"end":{"line":189,"column":5}},"type":"if","locations":[{"start":{"line":184,"column":4},"end":{"line":189,"column":5}},{"start":{},"end":{}}],"line":184},"24":{"loc":{"start":{"line":185,"column":8},"end":{"line":187,"column":9}},"type":"if","locations":[{"start":{"line":185,"column":8},"end":{"line":187,"column":9}},{"start":{},"end":{}}],"line":185},"25":{"loc":{"start":{"line":195,"column":4},"end":{"line":209,"column":5}},"type":"if","locations":[{"start":{"line":195,"column":4},"end":{"line":209,"column":5}},{"start":{},"end":{}}],"line":195},"26":{"loc":{"start":{"line":199,"column":8},"end":{"line":207,"column":9}},"type":"if","locations":[{"start":{"line":199,"column":8},"end":{"line":207,"column":9}},{"start":{},"end":{}}],"line":199},"27":{"loc":{"start":{"line":199,"column":12},"end":{"line":203,"column":48}},"type":"binary-expr","locations":[{"start":{"line":199,"column":12},"end":{"line":199,"column":61}},{"start":{"line":201,"column":12},"end":{"line":201,"column":55}},{"start":{"line":203,"column":12},"end":{"line":203,"column":48}}],"line":199},"28":{"loc":{"start":{"line":217,"column":4},"end":{"line":221,"column":5}},"type":"if","locations":[{"start":{"line":217,"column":4},"end":{"line":221,"column":5}},{"start":{},"end":{}}],"line":217}},"s":{"0":2,"1":2,"2":2,"3":2,"4":48,"5":3,"6":45,"7":2,"8":43,"9":1,"10":42,"11":1,"12":41,"13":41,"14":2,"15":39,"16":39,"17":2,"18":6,"19":1,"20":5,"21":1,"22":4,"23":4,"24":2,"25":2,"26":2,"27":5,"28":0,"29":5,"30":1,"31":4,"32":4,"33":4,"34":44,"35":6,"36":4,"37":0,"38":4,"39":4,"40":0,"41":4,"42":0,"43":0,"44":4,"45":2,"46":0,"47":2,"48":4,"49":0,"50":0,"51":0,"52":4,"53":4,"54":2,"55":2,"56":2},"f":{"0":48,"1":6,"2":5},"b":{"0":[14],"1":[3,45],"2":[48,47,46,45,45,45,45,45,45,45,45,45],"3":[2,43],"4":[45,45],"5":[1,42],"6":[43,43],"7":[1,41],"8":[2,39],"9":[41,41,40],"10":[1,5],"11":[1,4],"12":[2,2],"13":[0,5],"14":[1,4],"15":[6,38],"16":[0,4],"17":[4,0],"18":[0,4],"19":[4,4],"20":[0,4],"21":[0,0],"22":[0,0],"23":[2,2],"24":[0,2],"25":[0,4],"26":[0,0],"27":[0,0,0],"28":[2,2]},"_coverageSchema":"1a1c01bbd47fc00a2c39e90264f33305004495a9","hash":"32150358c18dee58dc9bfc3a2c5eb6fa0bae363b"}
,"D:\\UNI\\3. YEAR 3\\Fall\\CSCI313 Software Engineering\\Project\\E-Commerce_Website\\backend\\Models\\orderModel.js": {"path":"D:\\UNI\\3. YEAR 3\\Fall\\CSCI313 Software Engineering\\Project\\E-Commerce_Website\\backend\\Models\\orderModel.js","statementMap":{"0":{"start":{"line":1,"column":17},"end":{"line":1,"column":36}},"1":{"start":{"line":4,"column":15},"end":{"line":4,"column":30}},"2":{"start":{"line":7,"column":20},"end":{"line":65,"column":2}},"3":{"start":{"line":66,"column":0},"end":{"line":69,"column":1}},"4":{"start":{"line":67,"column":19},"end":{"line":67,"column":62}},"5":{"start":{"line":68,"column":4},"end":{"line":68,"column":18}},"6":{"start":{"line":71,"column":0},"end":{"line":95,"column":1}},"7":{"start":{"line":72,"column":60},"end":{"line":72,"column":69}},"8":{"start":{"line":75,"column":4},"end":{"line":77,"column":5}},"9":{"start":{"line":76,"column":8},"end":{"line":76,"column":64}},"10":{"start":{"line":78,"column":4},"end":{"line":80,"column":5}},"11":{"start":{"line":79,"column":8},"end":{"line":79,"column":52}},"12":{"start":{"line":81,"column":4},"end":{"line":83,"column":5}},"13":{"start":{"line":82,"column":8},"end":{"line":82,"column":56}},"14":{"start":{"line":86,"column":18},"end":{"line":92,"column":6}},"15":{"start":{"line":94,"column":4},"end":{"line":94,"column":17}},"16":{"start":{"line":97,"column":0},"end":{"line":97,"column":54}}},"fnMap":{"0":{"name":"(anonymous_0)","decl":{"start":{"line":66,"column":33},"end":{"line":66,"column":34}},"loc":{"start":{"line":66,"column":50},"end":{"line":69,"column":1}},"line":66},"1":{"name":"(anonymous_1)","decl":{"start":{"line":71,"column":34},"end":{"line":71,"column":35}},"loc":{"start":{"line":71,"column":60},"end":{"line":95,"column":1}},"line":71}},"branchMap":{"0":{"loc":{"start":{"line":75,"column":4},"end":{"line":77,"column":5}},"type":"if","locations":[{"start":{"line":75,"column":4},"end":{"line":77,"column":5}},{"start":{},"end":{}}],"line":75},"1":{"loc":{"start":{"line":75,"column":8},"end":{"line":75,"column":36}},"type":"binary-expr","locations":[{"start":{"line":75,"column":8},"end":{"line":75,"column":14}},{"start":{"line":75,"column":18},"end":{"line":75,"column":36}}],"line":75},"2":{"loc":{"start":{"line":78,"column":4},"end":{"line":80,"column":5}},"type":"if","locations":[{"start":{"line":78,"column":4},"end":{"line":80,"column":5}},{"start":{},"end":{}}],"line":78},"3":{"loc":{"start":{"line":81,"column":4},"end":{"line":83,"column":5}},"type":"if","locations":[{"start":{"line":81,"column":4},"end":{"line":83,"column":5}},{"start":{},"end":{}}],"line":81}},"s":{"0":2,"1":2,"2":2,"3":2,"4":8,"5":8,"6":2,"7":33,"8":33,"9":2,"10":31,"11":2,"12":29,"13":2,"14":27,"15":26,"16":2},"f":{"0":8,"1":33},"b":{"0":[2,31],"1":[33,31],"2":[2,29],"3":[2,27]},"_coverageSchema":"1a1c01bbd47fc00a2c39e90264f33305004495a9","hash":"ecd1cb258da49f557e721148d1bf6880d7c04d06"}
,"D:\\UNI\\3. YEAR 3\\Fall\\CSCI313 Software Engineering\\Project\\E-Commerce_Website\\backend\\Models\\userModel.js": {"path":"D:\\UNI\\3. YEAR 3\\Fall\\CSCI313 Software Engineering\\Project\\E-Commerce_Website\\backend\\Models\\userModel.js","statementMap":{"0":{"start":{"line":1,"column":17},"end":{"line":1,"column":36}},"1":{"start":{"line":2,"column":15},"end":{"line":2,"column":32}},"2":{"start":{"line":3,"column":18},"end":{"line":3,"column":38}},"3":{"start":{"line":5,"column":15},"end":{"line":5,"column":30}},"4":{"start":{"line":8,"column":19},"end":{"line":30,"column":2}},"5":{"start":{"line":33,"column":0},"end":{"line":62,"column":1}},"6":{"start":{"line":37,"column":4},"end":{"line":39,"column":5}},"7":{"start":{"line":38,"column":8},"end":{"line":38,"column":48}},"8":{"start":{"line":40,"column":4},"end":{"line":42,"column":5}},"9":{"start":{"line":41,"column":8},"end":{"line":41,"column":38}},"10":{"start":{"line":43,"column":4},"end":{"line":45,"column":5}},"11":{"start":{"line":44,"column":8},"end":{"line":44,"column":49}},"12":{"start":{"line":47,"column":19},"end":{"line":47,"column":48}},"13":{"start":{"line":48,"column":4},"end":{"line":50,"column":5}},"14":{"start":{"line":49,"column":8},"end":{"line":49,"column":43}},"15":{"start":{"line":51,"column":27},"end":{"line":51,"column":59}},"16":{"start":{"line":52,"column":4},"end":{"line":54,"column":5}},"17":{"start":{"line":53,"column":8},"end":{"line":53,"column":46}},"18":{"start":{"line":56,"column":17},"end":{"line":56,"column":41}},"19":{"start":{"line":57,"column":17},"end":{"line":57,"column":50}},"20":{"start":{"line":59,"column":17},"end":{"line":59,"column":77}},"21":{"start":{"line":61,"column":4},"end":{"line":61,"column":15}},"22":{"start":{"line":66,"column":0},"end":{"line":85,"column":1}},"23":{"start":{"line":67,"column":4},"end":{"line":69,"column":5}},"24":{"start":{"line":68,"column":8},"end":{"line":68,"column":48}},"25":{"start":{"line":70,"column":4},"end":{"line":72,"column":5}},"26":{"start":{"line":71,"column":8},"end":{"line":71,"column":38}},"27":{"start":{"line":73,"column":17},"end":{"line":73,"column":46}},"28":{"start":{"line":74,"column":4},"end":{"line":76,"column":5}},"29":{"start":{"line":75,"column":8},"end":{"line":75,"column":38}},"30":{"start":{"line":78,"column":18},"end":{"line":78,"column":63}},"31":{"start":{"line":79,"column":4},"end":{"line":81,"column":5}},"32":{"start":{"line":80,"column":8},"end":{"line":80,"column":41}},"33":{"start":{"line":83,"column":4},"end":{"line":83,"column":15}},"34":{"start":{"line":90,"column":0},"end":{"line":90,"column":51}}},"fnMap":{"0":{"name":"(anonymous_0)","decl":{"start":{"line":33,"column":28},"end":{"line":33,"column":29}},"loc":{"start":{"line":33,"column":76},"end":{"line":62,"column":1}},"line":33},"1":{"name":"(anonymous_1)","decl":{"start":{"line":66,"column":27},"end":{"line":66,"column":28}},"loc":{"start":{"line":66,"column":59},"end":{"line":85,"column":1}},"line":66}},"branchMap":{"0":{"loc":{"start":{"line":37,"column":4},"end":{"line":39,"column":5}},"type":"if","locations":[{"start":{"line":37,"column":4},"end":{"line":39,"column":5}},{"start":{},"end":{}}],"line":37},"1":{"loc":{"start":{"line":37,"column":8},"end":{"line":37,"column":40}},"type":"binary-expr","locations":[{"start":{"line":37,"column":8},"end":{"line":37,"column":14}},{"start":{"line":37,"column":18},"end":{"line":37,"column":27}},{"start":{"line":37,"column":31},"end":{"line":37,"column":40}}],"line":37},"2":{"loc":{"start":{"line":40,"column":4},"end":{"line":42,"column":5}},"type":"if","locations":[{"start":{"line":40,"column":4},"end":{"line":42,"column":5}},{"start":{},"end":{}}],"line":40},"3":{"loc":{"start":{"line":43,"column":4},"end":{"line":45,"column":5}},"type":"if","locations":[{"start":{"line":43,"column":4},"end":{"line":45,"column":5}},{"start":{},"end":{}}],"line":43},"4":{"loc":{"start":{"line":48,"column":4},"end":{"line":50,"column":5}},"type":"if","locations":[{"start":{"line":48,"column":4},"end":{"line":50,"column":5}},{"start":{},"end":{}}],"line":48},"5":{"loc":{"start":{"line":52,"column":4},"end":{"line":54,"column":5}},"type":"if","locations":[{"start":{"line":52,"column":4},"end":{"line":54,"column":5}},{"start":{},"end":{}}],"line":52},"6":{"loc":{"start":{"line":67,"column":4},"end":{"line":69,"column":5}},"type":"if","locations":[{"start":{"line":67,"column":4},"end":{"line":69,"column":5}},{"start":{},"end":{}}],"line":67},"7":{"loc":{"start":{"line":67,"column":8},"end":{"line":67,"column":27}},"type":"binary-expr","locations":[{"start":{"line":67,"column":8},"end":{"line":67,"column":14}},{"start":{"line":67,"column":18},"end":{"line":67,"column":27}}],"line":67},"8":{"loc":{"start":{"line":70,"column":4},"end":{"line":72,"column":5}},"type":"if","locations":[{"start":{"line":70,"column":4},"end":{"line":72,"column":5}},{"start":{},"end":{}}],"line":70},"9":{"loc":{"start":{"line":74,"column":4},"end":{"line":76,"column":5}},"type":"if","locations":[{"start":{"line":74,"column":4},"end":{"line":76,"column":5}},{"start":{},"end":{}}],"line":74},"10":{"loc":{"start":{"line":79,"column":4},"end":{"line":81,"column":5}},"type":"if","locations":[{"start":{"line":79,"column":4},"end":{"line":81,"column":5}},{"start":{},"end":{}}],"line":79}},"s":{"0":4,"1":4,"2":4,"3":4,"4":4,"5":4,"6":98,"7":6,"8":92,"9":2,"10":90,"11":2,"12":88,"13":88,"14":2,"15":86,"16":86,"17":0,"18":86,"19":86,"20":86,"21":86,"22":4,"23":13,"24":4,"25":9,"26":0,"27":9,"28":9,"29":2,"30":7,"31":7,"32":2,"33":5,"34":4},"f":{"0":98,"1":13},"b":{"0":[6,92],"1":[98,96,94],"2":[2,90],"3":[2,88],"4":[2,86],"5":[0,86],"6":[4,9],"7":[13,11],"8":[0,9],"9":[2,7],"10":[2,5]},"_coverageSchema":"1a1c01bbd47fc00a2c39e90264f33305004495a9","hash":"a008fd31268d49472433163be70da085acf38b88"}
,"D:\\UNI\\3. YEAR 3\\Fall\\CSCI313 Software Engineering\\Project\\E-Commerce_Website\\backend\\controllers\\carController.js": {"path":"D:\\UNI\\3. YEAR 3\\Fall\\CSCI313 Software Engineering\\Project\\E-Commerce_Website\\backend\\controllers\\carController.js","statementMap":{"0":{"start":{"line":1,"column":12},"end":{"line":1,"column":41}},"1":{"start":{"line":2,"column":17},"end":{"line":2,"column":36}},"2":{"start":{"line":4,"column":18},"end":{"line":18,"column":1}},"3":{"start":{"line":5,"column":19},"end":{"line":5,"column":29}},"4":{"start":{"line":7,"column":4},"end":{"line":17,"column":5}},"5":{"start":{"line":8,"column":23},"end":{"line":8,"column":46}},"6":{"start":{"line":10,"column":8},"end":{"line":14,"column":9}},"7":{"start":{"line":11,"column":12},"end":{"line":11,"column":93}},"8":{"start":{"line":13,"column":12},"end":{"line":13,"column":60}},"9":{"start":{"line":16,"column":8},"end":{"line":16,"column":55}},"10":{"start":{"line":20,"column":21},"end":{"line":39,"column":1}},"11":{"start":{"line":21,"column":19},"end":{"line":21,"column":29}},"12":{"start":{"line":23,"column":4},"end":{"line":38,"column":5}},"13":{"start":{"line":25,"column":8},"end":{"line":27,"column":9}},"14":{"start":{"line":26,"column":12},"end":{"line":26,"column":77}},"15":{"start":{"line":29,"column":20},"end":{"line":29,"column":42}},"16":{"start":{"line":31,"column":8},"end":{"line":33,"column":9}},"17":{"start":{"line":32,"column":12},"end":{"line":32,"column":69}},"18":{"start":{"line":35,"column":8},"end":{"line":35,"column":34}},"19":{"start":{"line":37,"column":8},"end":{"line":37,"column":55}},"20":{"start":{"line":41,"column":15},"end":{"line":66,"column":1}},"21":{"start":{"line":42,"column":132},"end":{"line":42,"column":140}},"22":{"start":{"line":44,"column":4},"end":{"line":65,"column":5}},"23":{"start":{"line":46,"column":23},"end":{"line":46,"column":76}},"24":{"start":{"line":46,"column":57},"end":{"line":46,"column":70}},"25":{"start":{"line":48,"column":20},"end":{"line":60,"column":9}},"26":{"start":{"line":62,"column":8},"end":{"line":62,"column":34}},"27":{"start":{"line":64,"column":8},"end":{"line":64,"column":55}},"28":{"start":{"line":68,"column":16},"end":{"line":91,"column":1}},"29":{"start":{"line":69,"column":19},"end":{"line":69,"column":29}},"30":{"start":{"line":70,"column":132},"end":{"line":70,"column":140}},"31":{"start":{"line":72,"column":4},"end":{"line":90,"column":5}},"32":{"start":{"line":73,"column":27},"end":{"line":73,"column":146}},"33":{"start":{"line":76,"column":8},"end":{"line":79,"column":9}},"34":{"start":{"line":77,"column":30},"end":{"line":77,"column":66}},"35":{"start":{"line":77,"column":52},"end":{"line":77,"column":65}},"36":{"start":{"line":78,"column":12},"end":{"line":78,"column":42}},"37":{"start":{"line":81,"column":23},"end":{"line":81,"column":56}},"38":{"start":{"line":83,"column":8},"end":{"line":87,"column":9}},"39":{"start":{"line":84,"column":12},"end":{"line":84,"column":93}},"40":{"start":{"line":86,"column":12},"end":{"line":86,"column":60}},"41":{"start":{"line":89,"column":8},"end":{"line":89,"column":55}},"42":{"start":{"line":93,"column":19},"end":{"line":100,"column":1}},"43":{"start":{"line":94,"column":4},"end":{"line":99,"column":5}},"44":{"start":{"line":95,"column":21},"end":{"line":95,"column":63}},"45":{"start":{"line":96,"column":8},"end":{"line":96,"column":35}},"46":{"start":{"line":98,"column":8},"end":{"line":98,"column":55}},"47":{"start":{"line":102,"column":19},"end":{"line":132,"column":1}},"48":{"start":{"line":103,"column":22},"end":{"line":103,"column":31}},"49":{"start":{"line":105,"column":4},"end":{"line":131,"column":5}},"50":{"start":{"line":107,"column":8},"end":{"line":110,"column":9}},"51":{"start":{"line":108,"column":25},"end":{"line":108,"column":76}},"52":{"start":{"line":109,"column":12},"end":{"line":109,"column":46}},"53":{"start":{"line":113,"column":30},"end":{"line":113,"column":52}},"54":{"start":{"line":116,"column":21},"end":{"line":126,"column":43}},"55":{"start":{"line":128,"column":8},"end":{"line":128,"column":35}},"56":{"start":{"line":130,"column":8},"end":{"line":130,"column":55}},"57":{"start":{"line":134,"column":0},"end":{"line":141,"column":2}}},"fnMap":{"0":{"name":"(anonymous_0)","decl":{"start":{"line":4,"column":18},"end":{"line":4,"column":19}},"loc":{"start":{"line":4,"column":38},"end":{"line":18,"column":1}},"line":4},"1":{"name":"(anonymous_1)","decl":{"start":{"line":20,"column":21},"end":{"line":20,"column":22}},"loc":{"start":{"line":20,"column":41},"end":{"line":39,"column":1}},"line":20},"2":{"name":"(anonymous_2)","decl":{"start":{"line":41,"column":15},"end":{"line":41,"column":16}},"loc":{"start":{"line":41,"column":35},"end":{"line":66,"column":1}},"line":41},"3":{"name":"(anonymous_3)","decl":{"start":{"line":46,"column":49},"end":{"line":46,"column":50}},"loc":{"start":{"line":46,"column":57},"end":{"line":46,"column":70}},"line":46},"4":{"name":"(anonymous_4)","decl":{"start":{"line":68,"column":16},"end":{"line":68,"column":17}},"loc":{"start":{"line":68,"column":36},"end":{"line":91,"column":1}},"line":68},"5":{"name":"(anonymous_5)","decl":{"start":{"line":77,"column":44},"end":{"line":77,"column":45}},"loc":{"start":{"line":77,"column":52},"end":{"line":77,"column":65}},"line":77},"6":{"name":"(anonymous_6)","decl":{"start":{"line":93,"column":19},"end":{"line":93,"column":20}},"loc":{"start":{"line":93,"column":39},"end":{"line":100,"column":1}},"line":93},"7":{"name":"(anonymous_7)","decl":{"start":{"line":102,"column":19},"end":{"line":102,"column":20}},"loc":{"start":{"line":102,"column":39},"end":{"line":132,"column":1}},"line":102}},"branchMap":{"0":{"loc":{"start":{"line":10,"column":8},"end":{"line":14,"column":9}},"type":"if","locations":[{"start":{"line":10,"column":8},"end":{"line":14,"column":9}},{"start":{"line":12,"column":15},"end":{"line":14,"column":9}}],"line":10},"1":{"loc":{"start":{"line":25,"column":8},"end":{"line":27,"column":9}},"type":"if","locations":[{"start":{"line":25,"column":8},"end":{"line":27,"column":9}},{"start":{},"end":{}}],"line":25},"2":{"loc":{"start":{"line":31,"column":8},"end":{"line":33,"column":9}},"type":"if","locations":[{"start":{"line":31,"column":8},"end":{"line":33,"column":9}},{"start":{},"end":{}}],"line":31},"3":{"loc":{"start":{"line":46,"column":23},"end":{"line":46,"column":76}},"type":"cond-expr","locations":[{"start":{"line":46,"column":35},"end":{"line":46,"column":71}},{"start":{"line":46,"column":74},"end":{"line":46,"column":76}}],"line":46},"4":{"loc":{"start":{"line":76,"column":8},"end":{"line":79,"column":9}},"type":"if","locations":[{"start":{"line":76,"column":8},"end":{"line":79,"column":9}},{"start":{},"end":{}}],"line":76},"5":{"loc":{"start":{"line":76,"column":12},"end":{"line":76,"column":45}},"type":"binary-expr","locations":[{"start":{"line":76,"column":12},"end":{"line":76,"column":21}},{"start":{"line":76,"column":25},"end":{"line":76,"column":45}}],"line":76},"6":{"loc":{"start":{"line":83,"column":8},"end":{"line":87,"column":9}},"type":"if","locations":[{"start":{"line":83,"column":8},"end":{"line":87,"column":9}},{"start":{"line":85,"column":15},"end":{"line":87,"column":9}}],"line":83},"7":{"loc":{"start":{"line":107,"column":8},"end":{"line":110,"column":9}},"type":"if","locations":[{"start":{"line":107,"column":8},"end":{"line":110,"column":9}},{"start":{},"end":{}}],"line":107},"8":{"loc":{"start":{"line":107,"column":12},"end":{"line":107,"column":41}},"type":"binary-expr","locations":[{"start":{"line":107,"column":12},"end":{"line":107,"column":18}},{"start":{"line":107,"column":22},"end":{"line":107,"column":41}}],"line":107}},"s":{"0":1,"1":1,"2":1,"3":2,"4":2,"5":2,"6":2,"7":1,"8":1,"9":0,"10":1,"11":4,"12":4,"13":4,"14":1,"15":3,"16":3,"17":2,"18":1,"19":0,"20":1,"21":33,"22":33,"23":33,"24":0,"25":33,"26":32,"27":1,"28":1,"29":2,"30":2,"31":2,"32":2,"33":2,"34":0,"35":0,"36":0,"37":2,"38":2,"39":1,"40":1,"41":0,"42":1,"43":3,"44":3,"45":3,"46":0,"47":1,"48":6,"49":6,"50":6,"51":1,"52":1,"53":5,"54":5,"55":5,"56":0,"57":1},"f":{"0":2,"1":4,"2":33,"3":0,"4":2,"5":0,"6":3,"7":6},"b":{"0":[1,1],"1":[1,3],"2":[2,1],"3":[0,33],"4":[0,2],"5":[2,0],"6":[1,1],"7":[1,5],"8":[6,5]},"_coverageSchema":"1a1c01bbd47fc00a2c39e90264f33305004495a9","hash":"5027f8dbb612424a7d3d1fdcfc5c7eda2d037b5f"}
,"D:\\UNI\\3. YEAR 3\\Fall\\CSCI313 Software Engineering\\Project\\E-Commerce_Website\\backend\\controllers\\chatbot.js": {"path":"D:\\UNI\\3. YEAR 3\\Fall\\CSCI313 Software Engineering\\Project\\E-Commerce_Website\\backend\\controllers\\chatbot.js","statementMap":{"0":{"start":{"line":1,"column":16},"end":{"line":1,"column":34}},"1":{"start":{"line":2,"column":42},"end":{"line":2,"column":85}},"2":{"start":{"line":4,"column":15},"end":{"line":4,"column":31}},"3":{"start":{"line":7,"column":0},"end":{"line":7,"column":34}},"4":{"start":{"line":10,"column":0},"end":{"line":10,"column":38}},"5":{"start":{"line":12,"column":0},"end":{"line":12,"column":24}}},"fnMap":{},"branchMap":{},"s":{"0":0,"1":0,"2":0,"3":0,"4":0,"5":0},"f":{},"b":{}}
,"D:\\UNI\\3. YEAR 3\\Fall\\CSCI313 Software Engineering\\Project\\E-Commerce_Website\\backend\\controllers\\chatbotController.js": {"path":"D:\\UNI\\3. YEAR 3\\Fall\\CSCI313 Software Engineering\\Project\\E-Commerce_Website\\backend\\controllers\\chatbotController.js","statementMap":{"0":{"start":{"line":1,"column":12},"end":{"line":1,"column":41}},"1":{"start":{"line":4,"column":23},"end":{"line":18,"column":1}},"2":{"start":{"line":21,"column":29},"end":{"line":31,"column":1}},"3":{"start":{"line":22,"column":2},"end":{"line":30,"column":3}},"4":{"start":{"line":23,"column":17},"end":{"line":25,"column":16}},"5":{"start":{"line":26,"column":4},"end":{"line":26,"column":51}},"6":{"start":{"line":28,"column":4},"end":{"line":28,"column":65}},"7":{"start":{"line":29,"column":4},"end":{"line":29,"column":26}},"8":{"start":{"line":34,"column":23},"end":{"line":62,"column":1}},"9":{"start":{"line":35,"column":23},"end":{"line":35,"column":44}},"10":{"start":{"line":38,"column":25},"end":{"line":44,"column":3}},"11":{"start":{"line":47,"column":19},"end":{"line":52,"column":3}},"12":{"start":{"line":54,"column":27},"end":{"line":54,"column":89}},"13":{"start":{"line":54,"column":58},"end":{"line":54,"column":88}},"14":{"start":{"line":55,"column":21},"end":{"line":55,"column":71}},"15":{"start":{"line":55,"column":43},"end":{"line":55,"column":70}},"16":{"start":{"line":58,"column":28},"end":{"line":58,"column":99}},"17":{"start":{"line":59,"column":27},"end":{"line":59,"column":92}},"18":{"start":{"line":59,"column":61},"end":{"line":59,"column":91}},"19":{"start":{"line":61,"column":2},"end":{"line":61,"column":61}},"20":{"start":{"line":65,"column":25},"end":{"line":97,"column":1}},"21":{"start":{"line":66,"column":2},"end":{"line":96,"column":3}},"22":{"start":{"line":67,"column":4},"end":{"line":70,"column":5}},"23":{"start":{"line":68,"column":6},"end":{"line":68,"column":75}},"24":{"start":{"line":69,"column":6},"end":{"line":69,"column":18}},"25":{"start":{"line":72,"column":24},"end":{"line":72,"column":39}},"26":{"start":{"line":73,"column":16},"end":{"line":73,"column":186}},"27":{"start":{"line":75,"column":21},"end":{"line":75,"column":37}},"28":{"start":{"line":76,"column":4},"end":{"line":78,"column":5}},"29":{"start":{"line":77,"column":6},"end":{"line":77,"column":62}},"30":{"start":{"line":80,"column":17},"end":{"line":80,"column":38}},"31":{"start":{"line":82,"column":4},"end":{"line":90,"column":5}},"32":{"start":{"line":83,"column":28},"end":{"line":87,"column":9}},"33":{"start":{"line":83,"column":52},"end":{"line":87,"column":7}},"34":{"start":{"line":89,"column":6},"end":{"line":89,"column":27}},"35":{"start":{"line":92,"column":4},"end":{"line":92,"column":16}},"36":{"start":{"line":94,"column":4},"end":{"line":94,"column":46}},"37":{"start":{"line":95,"column":4},"end":{"line":95,"column":16}},"38":{"start":{"line":100,"column":24},"end":{"line":154,"column":1}},"39":{"start":{"line":101,"column":19},"end":{"line":103,"column":14}},"40":{"start":{"line":102,"column":4},"end":{"line":102,"column":151}},"41":{"start":{"line":105,"column":22},"end":{"line":105,"column":24}},"42":{"start":{"line":106,"column":2},"end":{"line":111,"column":3}},"43":{"start":{"line":107,"column":4},"end":{"line":110,"column":21}},"44":{"start":{"line":109,"column":8},"end":{"line":109,"column":84}},"45":{"start":{"line":113,"column":18},"end":{"line":151,"column":3}},"46":{"start":{"line":153,"column":2},"end":{"line":153,"column":46}},"47":{"start":{"line":157,"column":20},"end":{"line":334,"column":1}},"48":{"start":{"line":158,"column":2},"end":{"line":333,"column":3}},"49":{"start":{"line":159,"column":72},"end":{"line":159,"column":80}},"50":{"start":{"line":161,"column":4},"end":{"line":163,"column":5}},"51":{"start":{"line":162,"column":6},"end":{"line":162,"column":68}},"52":{"start":{"line":166,"column":27},"end":{"line":166,"column":48}},"53":{"start":{"line":167,"column":29},"end":{"line":167,"column":85}},"54":{"start":{"line":170,"column":26},"end":{"line":170,"column":54}},"55":{"start":{"line":173,"column":30},"end":{"line":173,"column":53}},"56":{"start":{"line":174,"column":24},"end":{"line":174,"column":28}},"57":{"start":{"line":175,"column":22},"end":{"line":175,"column":27}},"58":{"start":{"line":177,"column":4},"end":{"line":182,"column":5}},"59":{"start":{"line":178,"column":6},"end":{"line":178,"column":54}},"60":{"start":{"line":179,"column":6},"end":{"line":181,"column":7}},"61":{"start":{"line":180,"column":8},"end":{"line":180,"column":27}},"62":{"start":{"line":185,"column":21},"end":{"line":194,"column":5}},"63":{"start":{"line":186,"column":41},"end":{"line":189,"column":7}},"64":{"start":{"line":198,"column":4},"end":{"line":305,"column":5}},"65":{"start":{"line":199,"column":23},"end":{"line":212,"column":8}},"66":{"start":{"line":214,"column":6},"end":{"line":216,"column":7}},"67":{"start":{"line":215,"column":8},"end":{"line":215,"column":68}},"68":{"start":{"line":218,"column":19},"end":{"line":218,"column":40}},"69":{"start":{"line":219,"column":6},"end":{"line":219,"column":41}},"70":{"start":{"line":222,"column":27},"end":{"line":222,"column":48}},"71":{"start":{"line":223,"column":21},"end":{"line":223,"column":23}},"72":{"start":{"line":225,"column":6},"end":{"line":302,"column":7}},"73":{"start":{"line":226,"column":8},"end":{"line":235,"column":9}},"74":{"start":{"line":227,"column":27},"end":{"line":227,"column":133}},"75":{"start":{"line":227,"column":64},"end":{"line":227,"column":121}},"76":{"start":{"line":228,"column":10},"end":{"line":230,"column":87}},"77":{"start":{"line":232,"column":10},"end":{"line":234,"column":78}},"78":{"start":{"line":236,"column":13},"end":{"line":302,"column":7}},"79":{"start":{"line":237,"column":21},"end":{"line":237,"column":84}},"80":{"start":{"line":237,"column":49},"end":{"line":237,"column":71}},"81":{"start":{"line":238,"column":8},"end":{"line":246,"column":9}},"82":{"start":{"line":239,"column":10},"end":{"line":241,"column":166}},"83":{"start":{"line":240,"column":80},"end":{"line":240,"column":125}},"84":{"start":{"line":241,"column":77},"end":{"line":241,"column":123}},"85":{"start":{"line":243,"column":10},"end":{"line":245,"column":98}},"86":{"start":{"line":247,"column":13},"end":{"line":302,"column":7}},"87":{"start":{"line":248,"column":23},"end":{"line":248,"column":88}},"88":{"start":{"line":248,"column":51},"end":{"line":248,"column":75}},"89":{"start":{"line":249,"column":8},"end":{"line":257,"column":9}},"90":{"start":{"line":250,"column":10},"end":{"line":252,"column":173}},"91":{"start":{"line":251,"column":98},"end":{"line":251,"column":143}},"92":{"start":{"line":252,"column":85},"end":{"line":252,"column":131}},"93":{"start":{"line":254,"column":10},"end":{"line":256,"column":71}},"94":{"start":{"line":258,"column":13},"end":{"line":302,"column":7}},"95":{"start":{"line":259,"column":23},"end":{"line":259,"column":81}},"96":{"start":{"line":259,"column":51},"end":{"line":259,"column":68}},"97":{"start":{"line":260,"column":8},"end":{"line":268,"column":9}},"98":{"start":{"line":261,"column":10},"end":{"line":263,"column":146}},"99":{"start":{"line":262,"column":90},"end":{"line":262,"column":135}},"100":{"start":{"line":263,"column":72},"end":{"line":263,"column":118}},"101":{"start":{"line":265,"column":10},"end":{"line":267,"column":76}},"102":{"start":{"line":269,"column":13},"end":{"line":302,"column":7}},"103":{"start":{"line":270,"column":8},"end":{"line":272,"column":96}},"104":{"start":{"line":273,"column":13},"end":{"line":302,"column":7}},"105":{"start":{"line":274,"column":27},"end":{"line":274,"column":85}},"106":{"start":{"line":274,"column":55},"end":{"line":274,"column":72}},"107":{"start":{"line":275,"column":8},"end":{"line":283,"column":9}},"108":{"start":{"line":276,"column":10},"end":{"line":278,"column":169}},"109":{"start":{"line":277,"column":79},"end":{"line":277,"column":124}},"110":{"start":{"line":278,"column":82},"end":{"line":278,"column":128}},"111":{"start":{"line":280,"column":10},"end":{"line":282,"column":60}},"112":{"start":{"line":284,"column":13},"end":{"line":302,"column":7}},"113":{"start":{"line":285,"column":8},"end":{"line":287,"column":164}},"114":{"start":{"line":290,"column":33},"end":{"line":300,"column":9}},"115":{"start":{"line":301,"column":8},"end":{"line":301,"column":89}},"116":{"start":{"line":304,"column":6},"end":{"line":304,"column":29}},"117":{"start":{"line":308,"column":28},"end":{"line":311,"column":18}},"118":{"start":{"line":309,"column":28},"end":{"line":309,"column":69}},"119":{"start":{"line":310,"column":6},"end":{"line":310,"column":63}},"120":{"start":{"line":313,"column":4},"end":{"line":325,"column":7}},"121":{"start":{"line":315,"column":51},"end":{"line":322,"column":7}},"122":{"start":{"line":328,"column":4},"end":{"line":328,"column":43}},"123":{"start":{"line":329,"column":4},"end":{"line":332,"column":7}},"124":{"start":{"line":337,"column":25},"end":{"line":345,"column":1}},"125":{"start":{"line":338,"column":2},"end":{"line":344,"column":3}},"126":{"start":{"line":339,"column":17},"end":{"line":339,"column":45}},"127":{"start":{"line":340,"column":4},"end":{"line":340,"column":35}},"128":{"start":{"line":342,"column":4},"end":{"line":342,"column":49}},"129":{"start":{"line":343,"column":4},"end":{"line":343,"column":60}},"130":{"start":{"line":347,"column":0},"end":{"line":353,"column":2}}},"fnMap":{"0":{"name":"(anonymous_0)","decl":{"start":{"line":21,"column":29},"end":{"line":21,"column":30}},"loc":{"start":{"line":21,"column":41},"end":{"line":31,"column":1}},"line":21},"1":{"name":"(anonymous_1)","decl":{"start":{"line":34,"column":23},"end":{"line":34,"column":24}},"loc":{"start":{"line":34,"column":36},"end":{"line":62,"column":1}},"line":34},"2":{"name":"(anonymous_2)","decl":{"start":{"line":54,"column":47},"end":{"line":54,"column":48}},"loc":{"start":{"line":54,"column":58},"end":{"line":54,"column":88}},"line":54},"3":{"name":"(anonymous_3)","decl":{"start":{"line":55,"column":35},"end":{"line":55,"column":36}},"loc":{"start":{"line":55,"column":43},"end":{"line":55,"column":70}},"line":55},"4":{"name":"(anonymous_4)","decl":{"start":{"line":59,"column":50},"end":{"line":59,"column":51}},"loc":{"start":{"line":59,"column":61},"end":{"line":59,"column":91}},"line":59},"5":{"name":"(anonymous_5)","decl":{"start":{"line":65,"column":25},"end":{"line":65,"column":26}},"loc":{"start":{"line":65,"column":42},"end":{"line":97,"column":1}},"line":65},"6":{"name":"(anonymous_6)","decl":{"start":{"line":83,"column":43},"end":{"line":83,"column":44}},"loc":{"start":{"line":83,"column":52},"end":{"line":87,"column":7}},"line":83},"7":{"name":"(anonymous_7)","decl":{"start":{"line":100,"column":24},"end":{"line":100,"column":25}},"loc":{"start":{"line":100,"column":75},"end":{"line":154,"column":1}},"line":100},"8":{"name":"(anonymous_8)","decl":{"start":{"line":101,"column":37},"end":{"line":101,"column":38}},"loc":{"start":{"line":102,"column":4},"end":{"line":102,"column":151}},"line":102},"9":{"name":"(anonymous_9)","decl":{"start":{"line":108,"column":24},"end":{"line":108,"column":25}},"loc":{"start":{"line":109,"column":8},"end":{"line":109,"column":84}},"line":109},"10":{"name":"(anonymous_10)","decl":{"start":{"line":157,"column":20},"end":{"line":157,"column":21}},"loc":{"start":{"line":157,"column":40},"end":{"line":334,"column":1}},"line":157},"11":{"name":"(anonymous_11)","decl":{"start":{"line":186,"column":33},"end":{"line":186,"column":34}},"loc":{"start":{"line":186,"column":41},"end":{"line":189,"column":7}},"line":186},"12":{"name":"(anonymous_12)","decl":{"start":{"line":227,"column":57},"end":{"line":227,"column":58}},"loc":{"start":{"line":227,"column":64},"end":{"line":227,"column":121}},"line":227},"13":{"name":"(anonymous_13)","decl":{"start":{"line":237,"column":42},"end":{"line":237,"column":43}},"loc":{"start":{"line":237,"column":49},"end":{"line":237,"column":71}},"line":237},"14":{"name":"(anonymous_14)","decl":{"start":{"line":240,"column":73},"end":{"line":240,"column":74}},"loc":{"start":{"line":240,"column":80},"end":{"line":240,"column":125}},"line":240},"15":{"name":"(anonymous_15)","decl":{"start":{"line":241,"column":70},"end":{"line":241,"column":71}},"loc":{"start":{"line":241,"column":77},"end":{"line":241,"column":123}},"line":241},"16":{"name":"(anonymous_16)","decl":{"start":{"line":248,"column":44},"end":{"line":248,"column":45}},"loc":{"start":{"line":248,"column":51},"end":{"line":248,"column":75}},"line":248},"17":{"name":"(anonymous_17)","decl":{"start":{"line":251,"column":91},"end":{"line":251,"column":92}},"loc":{"start":{"line":251,"column":98},"end":{"line":251,"column":143}},"line":251},"18":{"name":"(anonymous_18)","decl":{"start":{"line":252,"column":78},"end":{"line":252,"column":79}},"loc":{"start":{"line":252,"column":85},"end":{"line":252,"column":131}},"line":252},"19":{"name":"(anonymous_19)","decl":{"start":{"line":259,"column":44},"end":{"line":259,"column":45}},"loc":{"start":{"line":259,"column":51},"end":{"line":259,"column":68}},"line":259},"20":{"name":"(anonymous_20)","decl":{"start":{"line":262,"column":83},"end":{"line":262,"column":84}},"loc":{"start":{"line":262,"column":90},"end":{"line":262,"column":135}},"line":262},"21":{"name":"(anonymous_21)","decl":{"start":{"line":263,"column":65},"end":{"line":263,"column":66}},"loc":{"start":{"line":263,"column":72},"end":{"line":263,"column":118}},"line":263},"22":{"name":"(anonymous_22)","decl":{"start":{"line":274,"column":48},"end":{"line":274,"column":49}},"loc":{"start":{"line":274,"column":55},"end":{"line":274,"column":72}},"line":274},"23":{"name":"(anonymous_23)","decl":{"start":{"line":277,"column":72},"end":{"line":277,"column":73}},"loc":{"start":{"line":277,"column":79},"end":{"line":277,"column":124}},"line":277},"24":{"name":"(anonymous_24)","decl":{"start":{"line":278,"column":75},"end":{"line":278,"column":76}},"loc":{"start":{"line":278,"column":82},"end":{"line":278,"column":128}},"line":278},"25":{"name":"(anonymous_25)","decl":{"start":{"line":308,"column":49},"end":{"line":308,"column":50}},"loc":{"start":{"line":308,"column":56},"end":{"line":311,"column":5}},"line":308},"26":{"name":"(anonymous_26)","decl":{"start":{"line":315,"column":43},"end":{"line":315,"column":44}},"loc":{"start":{"line":315,"column":51},"end":{"line":322,"column":7}},"line":315},"27":{"name":"(anonymous_27)","decl":{"start":{"line":337,"column":25},"end":{"line":337,"column":26}},"loc":{"start":{"line":337,"column":45},"end":{"line":345,"column":1}},"line":337}},"branchMap":{"0":{"loc":{"start":{"line":26,"column":11},"end":{"line":26,"column":50}},"type":"cond-expr","locations":[{"start":{"line":26,"column":29},"end":{"line":26,"column":33}},{"start":{"line":26,"column":36},"end":{"line":26,"column":50}}],"line":26},"1":{"loc":{"start":{"line":61,"column":9},"end":{"line":61,"column":60}},"type":"binary-expr","locations":[{"start":{"line":61,"column":9},"end":{"line":61,"column":25}},{"start":{"line":61,"column":29},"end":{"line":61,"column":39}},{"start":{"line":61,"column":43},"end":{"line":61,"column":60}}],"line":61},"2":{"loc":{"start":{"line":67,"column":4},"end":{"line":70,"column":5}},"type":"if","locations":[{"start":{"line":67,"column":4},"end":{"line":70,"column":5}},{"start":{},"end":{}}],"line":67},"3":{"loc":{"start":{"line":67,"column":8},"end":{"line":67,"column":82}},"type":"binary-expr","locations":[{"start":{"line":67,"column":8},"end":{"line":67,"column":42}},{"start":{"line":67,"column":46},"end":{"line":67,"column":82}}],"line":67},"4":{"loc":{"start":{"line":76,"column":4},"end":{"line":78,"column":5}},"type":"if","locations":[{"start":{"line":76,"column":4},"end":{"line":78,"column":5}},{"start":{},"end":{}}],"line":76},"5":{"loc":{"start":{"line":82,"column":4},"end":{"line":90,"column":5}},"type":"if","locations":[{"start":{"line":82,"column":4},"end":{"line":90,"column":5}},{"start":{},"end":{}}],"line":82},"6":{"loc":{"start":{"line":82,"column":8},"end":{"line":82,"column":43}},"type":"binary-expr","locations":[{"start":{"line":82,"column":8},"end":{"line":82,"column":18}},{"start":{"line":82,"column":22},"end":{"line":82,"column":43}}],"line":82},"7":{"loc":{"start":{"line":100,"column":50},"end":{"line":100,"column":70}},"type":"default-arg","locations":[{"start":{"line":100,"column":66},"end":{"line":100,"column":70}}],"line":100},"8":{"loc":{"start":{"line":106,"column":2},"end":{"line":111,"column":3}},"type":"if","locations":[{"start":{"line":106,"column":2},"end":{"line":111,"column":3}},{"start":{},"end":{}}],"line":106},"9":{"loc":{"start":{"line":153,"column":9},"end":{"line":153,"column":45}},"type":"binary-expr","locations":[{"start":{"line":153,"column":9},"end":{"line":153,"column":26}},{"start":{"line":153,"column":30},"end":{"line":153,"column":45}}],"line":153},"10":{"loc":{"start":{"line":159,"column":21},"end":{"line":159,"column":41}},"type":"default-arg","locations":[{"start":{"line":159,"column":32},"end":{"line":159,"column":41}}],"line":159},"11":{"loc":{"start":{"line":159,"column":43},"end":{"line":159,"column":67}},"type":"default-arg","locations":[{"start":{"line":159,"column":65},"end":{"line":159,"column":67}}],"line":159},"12":{"loc":{"start":{"line":161,"column":4},"end":{"line":163,"column":5}},"type":"if","locations":[{"start":{"line":161,"column":4},"end":{"line":163,"column":5}},{"start":{},"end":{}}],"line":161},"13":{"loc":{"start":{"line":167,"column":29},"end":{"line":167,"column":85}},"type":"cond-expr","locations":[{"start":{"line":167,"column":65},"end":{"line":167,"column":73}},{"start":{"line":167,"column":76},"end":{"line":167,"column":85}}],"line":167},"14":{"loc":{"start":{"line":177,"column":4},"end":{"line":182,"column":5}},"type":"if","locations":[{"start":{"line":177,"column":4},"end":{"line":182,"column":5}},{"start":{},"end":{}}],"line":177},"15":{"loc":{"start":{"line":179,"column":6},"end":{"line":181,"column":7}},"type":"if","locations":[{"start":{"line":179,"column":6},"end":{"line":181,"column":7}},{"start":{},"end":{}}],"line":179},"16":{"loc":{"start":{"line":198,"column":4},"end":{"line":305,"column":5}},"type":"if","locations":[{"start":{"line":198,"column":4},"end":{"line":305,"column":5}},{"start":{"line":220,"column":11},"end":{"line":305,"column":5}}],"line":198},"17":{"loc":{"start":{"line":214,"column":6},"end":{"line":216,"column":7}},"type":"if","locations":[{"start":{"line":214,"column":6},"end":{"line":216,"column":7}},{"start":{},"end":{}}],"line":214},"18":{"loc":{"start":{"line":225,"column":6},"end":{"line":302,"column":7}},"type":"if","locations":[{"start":{"line":225,"column":6},"end":{"line":302,"column":7}},{"start":{"line":236,"column":13},"end":{"line":302,"column":7}}],"line":225},"19":{"loc":{"start":{"line":225,"column":10},"end":{"line":225,"column":76}},"type":"binary-expr","locations":[{"start":{"line":225,"column":10},"end":{"line":225,"column":44}},{"start":{"line":225,"column":48},"end":{"line":225,"column":76}}],"line":225},"20":{"loc":{"start":{"line":226,"column":8},"end":{"line":235,"column":9}},"type":"if","locations":[{"start":{"line":226,"column":8},"end":{"line":235,"column":9}},{"start":{"line":231,"column":15},"end":{"line":235,"column":9}}],"line":226},"21":{"loc":{"start":{"line":228,"column":21},"end":{"line":230,"column":86}},"type":"cond-expr","locations":[{"start":{"line":229,"column":14},"end":{"line":229,"column":93}},{"start":{"line":230,"column":14},"end":{"line":230,"column":86}}],"line":228},"22":{"loc":{"start":{"line":232,"column":21},"end":{"line":234,"column":77}},"type":"cond-expr","locations":[{"start":{"line":233,"column":14},"end":{"line":233,"column":95}},{"start":{"line":234,"column":14},"end":{"line":234,"column":77}}],"line":232},"23":{"loc":{"start":{"line":236,"column":13},"end":{"line":302,"column":7}},"type":"if","locations":[{"start":{"line":236,"column":13},"end":{"line":302,"column":7}},{"start":{"line":247,"column":13},"end":{"line":302,"column":7}}],"line":236},"24":{"loc":{"start":{"line":236,"column":17},"end":{"line":236,"column":114}},"type":"binary-expr","locations":[{"start":{"line":236,"column":17},"end":{"line":236,"column":45}},{"start":{"line":236,"column":49},"end":{"line":236,"column":80}},{"start":{"line":236,"column":84},"end":{"line":236,"column":114}}],"line":236},"25":{"loc":{"start":{"line":238,"column":8},"end":{"line":246,"column":9}},"type":"if","locations":[{"start":{"line":238,"column":8},"end":{"line":246,"column":9}},{"start":{"line":242,"column":15},"end":{"line":246,"column":9}}],"line":238},"26":{"loc":{"start":{"line":239,"column":21},"end":{"line":241,"column":165}},"type":"cond-expr","locations":[{"start":{"line":240,"column":14},"end":{"line":240,"column":186}},{"start":{"line":241,"column":14},"end":{"line":241,"column":165}}],"line":239},"27":{"loc":{"start":{"line":243,"column":21},"end":{"line":245,"column":97}},"type":"cond-expr","locations":[{"start":{"line":244,"column":14},"end":{"line":244,"column":120}},{"start":{"line":245,"column":14},"end":{"line":245,"column":97}}],"line":243},"28":{"loc":{"start":{"line":247,"column":13},"end":{"line":302,"column":7}},"type":"if","locations":[{"start":{"line":247,"column":13},"end":{"line":302,"column":7}},{"start":{"line":258,"column":13},"end":{"line":302,"column":7}}],"line":247},"29":{"loc":{"start":{"line":247,"column":17},"end":{"line":247,"column":119}},"type":"binary-expr","locations":[{"start":{"line":247,"column":17},"end":{"line":247,"column":47}},{"start":{"line":247,"column":51},"end":{"line":247,"column":83}},{"start":{"line":247,"column":87},"end":{"line":247,"column":119}}],"line":247},"30":{"loc":{"start":{"line":249,"column":8},"end":{"line":257,"column":9}},"type":"if","locations":[{"start":{"line":249,"column":8},"end":{"line":257,"column":9}},{"start":{"line":253,"column":15},"end":{"line":257,"column":9}}],"line":249},"31":{"loc":{"start":{"line":250,"column":21},"end":{"line":252,"column":172}},"type":"cond-expr","locations":[{"start":{"line":251,"column":14},"end":{"line":251,"column":182}},{"start":{"line":252,"column":14},"end":{"line":252,"column":172}}],"line":250},"32":{"loc":{"start":{"line":254,"column":21},"end":{"line":256,"column":70}},"type":"cond-expr","locations":[{"start":{"line":255,"column":14},"end":{"line":255,"column":88}},{"start":{"line":256,"column":14},"end":{"line":256,"column":70}}],"line":254},"33":{"loc":{"start":{"line":258,"column":13},"end":{"line":302,"column":7}},"type":"if","locations":[{"start":{"line":258,"column":13},"end":{"line":302,"column":7}},{"start":{"line":269,"column":13},"end":{"line":302,"column":7}}],"line":258},"34":{"loc":{"start":{"line":258,"column":17},"end":{"line":258,"column":119}},"type":"binary-expr","locations":[{"start":{"line":258,"column":17},"end":{"line":258,"column":48}},{"start":{"line":258,"column":52},"end":{"line":258,"column":86}},{"start":{"line":258,"column":90},"end":{"line":258,"column":119}}],"line":258},"35":{"loc":{"start":{"line":260,"column":8},"end":{"line":268,"column":9}},"type":"if","locations":[{"start":{"line":260,"column":8},"end":{"line":268,"column":9}},{"start":{"line":264,"column":15},"end":{"line":268,"column":9}}],"line":260},"36":{"loc":{"start":{"line":261,"column":21},"end":{"line":263,"column":145}},"type":"cond-expr","locations":[{"start":{"line":262,"column":14},"end":{"line":262,"column":171}},{"start":{"line":263,"column":14},"end":{"line":263,"column":145}}],"line":261},"37":{"loc":{"start":{"line":265,"column":21},"end":{"line":267,"column":75}},"type":"cond-expr","locations":[{"start":{"line":266,"column":14},"end":{"line":266,"column":85}},{"start":{"line":267,"column":14},"end":{"line":267,"column":75}}],"line":265},"38":{"loc":{"start":{"line":269,"column":13},"end":{"line":302,"column":7}},"type":"if","locations":[{"start":{"line":269,"column":13},"end":{"line":302,"column":7}},{"start":{"line":273,"column":13},"end":{"line":302,"column":7}}],"line":269},"39":{"loc":{"start":{"line":269,"column":17},"end":{"line":269,"column":112}},"type":"binary-expr","locations":[{"start":{"line":269,"column":17},"end":{"line":269,"column":47}},{"start":{"line":269,"column":51},"end":{"line":269,"column":78}},{"start":{"line":269,"column":82},"end":{"line":269,"column":112}}],"line":269},"40":{"loc":{"start":{"line":270,"column":19},"end":{"line":272,"column":95}},"type":"cond-expr","locations":[{"start":{"line":271,"column":12},"end":{"line":271,"column":111}},{"start":{"line":272,"column":12},"end":{"line":272,"column":95}}],"line":270},"41":{"loc":{"start":{"line":273,"column":13},"end":{"line":302,"column":7}},"type":"if","locations":[{"start":{"line":273,"column":13},"end":{"line":302,"column":7}},{"start":{"line":284,"column":13},"end":{"line":302,"column":7}}],"line":273},"42":{"loc":{"start":{"line":273,"column":17},"end":{"line":273,"column":112}},"type":"binary-expr","locations":[{"start":{"line":273,"column":17},"end":{"line":273,"column":47}},{"start":{"line":273,"column":51},"end":{"line":273,"column":80}},{"start":{"line":273,"column":84},"end":{"line":273,"column":112}}],"line":273},"43":{"loc":{"start":{"line":275,"column":8},"end":{"line":283,"column":9}},"type":"if","locations":[{"start":{"line":275,"column":8},"end":{"line":283,"column":9}},{"start":{"line":279,"column":15},"end":{"line":283,"column":9}}],"line":275},"44":{"loc":{"start":{"line":276,"column":21},"end":{"line":278,"column":168}},"type":"cond-expr","locations":[{"start":{"line":277,"column":14},"end":{"line":277,"column":164}},{"start":{"line":278,"column":14},"end":{"line":278,"column":168}}],"line":276},"45":{"loc":{"start":{"line":280,"column":21},"end":{"line":282,"column":59}},"type":"cond-expr","locations":[{"start":{"line":281,"column":14},"end":{"line":281,"column":74}},{"start":{"line":282,"column":14},"end":{"line":282,"column":59}}],"line":280},"46":{"loc":{"start":{"line":284,"column":13},"end":{"line":302,"column":7}},"type":"if","locations":[{"start":{"line":284,"column":13},"end":{"line":302,"column":7}},{"start":{"line":288,"column":13},"end":{"line":302,"column":7}}],"line":284},"47":{"loc":{"start":{"line":284,"column":17},"end":{"line":284,"column":146}},"type":"binary-expr","locations":[{"start":{"line":284,"column":17},"end":{"line":284,"column":45}},{"start":{"line":284,"column":49},"end":{"line":284,"column":78}},{"start":{"line":284,"column":82},"end":{"line":284,"column":111}},{"start":{"line":284,"column":115},"end":{"line":284,"column":146}}],"line":284},"48":{"loc":{"start":{"line":285,"column":19},"end":{"line":287,"column":163}},"type":"cond-expr","locations":[{"start":{"line":286,"column":12},"end":{"line":286,"column":189}},{"start":{"line":287,"column":12},"end":{"line":287,"column":163}}],"line":285},"49":{"loc":{"start":{"line":290,"column":33},"end":{"line":300,"column":9}},"type":"cond-expr","locations":[{"start":{"line":290,"column":66},"end":{"line":295,"column":9}},{"start":{"line":295,"column":12},"end":{"line":300,"column":9}}],"line":290},"50":{"loc":{"start":{"line":321,"column":15},"end":{"line":321,"column":36}},"type":"binary-expr","locations":[{"start":{"line":321,"column":15},"end":{"line":321,"column":30}},{"start":{"line":321,"column":34},"end":{"line":321,"column":36}}],"line":321}},"s":{"0":0,"1":0,"2":0,"3":0,"4":0,"5":0,"6":0,"7":0,"8":0,"9":0,"10":0,"11":0,"12":0,"13":0,"14":0,"15":0,"16":0,"17":0,"18":0,"19":0,"20":0,"21":0,"22":0,"23":0,"24":0,"25":0,"26":0,"27":0,"28":0,"29":0,"30":0,"31":0,"32":0,"33":0,"34":0,"35":0,"36":0,"37":0,"38":0,"39":0,"40":0,"41":0,"42":0,"43":0,"44":0,"45":0,"46":0,"47":0,"48":0,"49":0,"50":0,"51":0,"52":0,"53":0,"54":0,"55":0,"56":0,"57":0,"58":0,"59":0,"60":0,"61":0,"62":0,"63":0,"64":0,"65":0,"66":0,"67":0,"68":0,"69":0,"70":0,"71":0,"72":0,"73":0,"74":0,"75":0,"76":0,"77":0,"78":0,"79":0,"80":0,"81":0,"82":0,"83":0,"84":0,"85":0,"86":0,"87":0,"88":0,"89":0,"90":0,"91":0,"92":0,"93":0,"94":0,"95":0,"96":0,"97":0,"98":0,"99":0,"100":0,"101":0,"102":0,"103":0,"104":0,"105":0,"106":0,"107":0,"108":0,"109":0,"110":0,"111":0,"112":0,"113":0,"114":0,"115":0,"116":0,"117":0,"118":0,"119":0,"120":0,"121":0,"122":0,"123":0,"124":0,"125":0,"126":0,"127":0,"128":0,"129":0,"130":0},"f":{"0":0,"1":0,"2":0,"3":0,"4":0,"5":0,"6":0,"7":0,"8":0,"9":0,"10":0,"11":0,"12":0,"13":0,"14":0,"15":0,"16":0,"17":0,"18":0,"19":0,"20":0,"21":0,"22":0,"23":0,"24":0,"25":0,"26":0,"27":0},"b":{"0":[0,0],"1":[0,0,0],"2":[0,0],"3":[0,0],"4":[0,0],"5":[0,0],"6":[0,0],"7":[0],"8":[0,0],"9":[0,0],"10":[0],"11":[0],"12":[0,0],"13":[0,0],"14":[0,0],"15":[0,0],"16":[0,0],"17":[0,0],"18":[0,0],"19":[0,0],"20":[0,0],"21":[0,0],"22":[0,0],"23":[0,0],"24":[0,0,0],"25":[0,0],"26":[0,0],"27":[0,0],"28":[0,0],"29":[0,0,0],"30":[0,0],"31":[0,0],"32":[0,0],"33":[0,0],"34":[0,0,0],"35":[0,0],"36":[0,0],"37":[0,0],"38":[0,0],"39":[0,0,0],"40":[0,0],"41":[0,0],"42":[0,0,0],"43":[0,0],"44":[0,0],"45":[0,0],"46":[0,0],"47":[0,0,0,0],"48":[0,0],"49":[0,0],"50":[0,0]}}
,"D:\\UNI\\3. YEAR 3\\Fall\\CSCI313 Software Engineering\\Project\\E-Commerce_Website\\backend\\controllers\\chatbotCotroller.js": {"path":"D:\\UNI\\3. YEAR 3\\Fall\\CSCI313 Software Engineering\\Project\\E-Commerce_Website\\backend\\controllers\\chatbotCotroller.js","statementMap":{"0":{"start":{"line":1,"column":12},"end":{"line":1,"column":41}},"1":{"start":{"line":4,"column":18},"end":{"line":37,"column":1}},"2":{"start":{"line":5,"column":2},"end":{"line":36,"column":3}},"3":{"start":{"line":6,"column":22},"end":{"line":6,"column":120}},"4":{"start":{"line":7,"column":21},"end":{"line":7,"column":43}},"5":{"start":{"line":8,"column":17},"end":{"line":8,"column":38}},"6":{"start":{"line":10,"column":17},"end":{"line":10,"column":19}},"7":{"start":{"line":13,"column":4},"end":{"line":15,"column":5}},"8":{"start":{"line":14,"column":6},"end":{"line":14,"column":45}},"9":{"start":{"line":18,"column":4},"end":{"line":20,"column":5}},"10":{"start":{"line":19,"column":6},"end":{"line":19,"column":48}},"11":{"start":{"line":23,"column":4},"end":{"line":30,"column":5}},"12":{"start":{"line":24,"column":6},"end":{"line":24,"column":41}},"13":{"start":{"line":25,"column":6},"end":{"line":29,"column":9}},"14":{"start":{"line":26,"column":8},"end":{"line":28,"column":9}},"15":{"start":{"line":27,"column":10},"end":{"line":27,"column":40}},"16":{"start":{"line":32,"column":4},"end":{"line":32,"column":128}},"17":{"start":{"line":34,"column":4},"end":{"line":34,"column":46}},"18":{"start":{"line":35,"column":4},"end":{"line":35,"column":86}},"19":{"start":{"line":40,"column":21},"end":{"line":54,"column":1}},"20":{"start":{"line":41,"column":22},"end":{"line":41,"column":128}},"21":{"start":{"line":42,"column":23},"end":{"line":42,"column":44}},"22":{"start":{"line":45,"column":25},"end":{"line":45,"column":84}},"23":{"start":{"line":45,"column":53},"end":{"line":45,"column":83}},"24":{"start":{"line":48,"column":30},"end":{"line":51,"column":3}},"25":{"start":{"line":49,"column":4},"end":{"line":50,"column":50}},"26":{"start":{"line":53,"column":2},"end":{"line":53,"column":47}},"27":{"start":{"line":56,"column":24},"end":{"line":124,"column":1}},"28":{"start":{"line":57,"column":19},"end":{"line":59,"column":14}},"29":{"start":{"line":58,"column":4},"end":{"line":58,"column":151}},"30":{"start":{"line":61,"column":18},"end":{"line":121,"column":3}},"31":{"start":{"line":123,"column":2},"end":{"line":123,"column":46}},"32":{"start":{"line":127,"column":20},"end":{"line":219,"column":1}},"33":{"start":{"line":128,"column":2},"end":{"line":218,"column":3}},"34":{"start":{"line":129,"column":72},"end":{"line":129,"column":80}},"35":{"start":{"line":131,"column":4},"end":{"line":133,"column":5}},"36":{"start":{"line":132,"column":6},"end":{"line":132,"column":68}},"37":{"start":{"line":136,"column":27},"end":{"line":136,"column":48}},"38":{"start":{"line":137,"column":29},"end":{"line":137,"column":85}},"39":{"start":{"line":140,"column":26},"end":{"line":142,"column":16}},"40":{"start":{"line":145,"column":23},"end":{"line":145,"column":59}},"41":{"start":{"line":146,"column":25},"end":{"line":146,"column":36}},"42":{"start":{"line":148,"column":23},"end":{"line":148,"column":85}},"43":{"start":{"line":149,"column":22},"end":{"line":149,"column":29}},"44":{"start":{"line":152,"column":4},"end":{"line":155,"column":5}},"45":{"start":{"line":153,"column":25},"end":{"line":153,"column":49}},"46":{"start":{"line":154,"column":6},"end":{"line":154,"column":71}},"47":{"start":{"line":158,"column":21},"end":{"line":167,"column":5}},"48":{"start":{"line":159,"column":41},"end":{"line":162,"column":7}},"49":{"start":{"line":170,"column":21},"end":{"line":183,"column":6}},"50":{"start":{"line":185,"column":4},"end":{"line":187,"column":5}},"51":{"start":{"line":186,"column":6},"end":{"line":186,"column":66}},"52":{"start":{"line":189,"column":17},"end":{"line":189,"column":38}},"53":{"start":{"line":190,"column":24},"end":{"line":190,"column":44}},"54":{"start":{"line":193,"column":28},"end":{"line":196,"column":23}},"55":{"start":{"line":194,"column":28},"end":{"line":194,"column":69}},"56":{"start":{"line":195,"column":6},"end":{"line":195,"column":63}},"57":{"start":{"line":198,"column":4},"end":{"line":210,"column":7}},"58":{"start":{"line":200,"column":51},"end":{"line":207,"column":7}},"59":{"start":{"line":213,"column":4},"end":{"line":213,"column":43}},"60":{"start":{"line":214,"column":4},"end":{"line":217,"column":7}},"61":{"start":{"line":222,"column":25},"end":{"line":233,"column":1}},"62":{"start":{"line":223,"column":2},"end":{"line":232,"column":3}},"63":{"start":{"line":224,"column":17},"end":{"line":226,"column":16}},"64":{"start":{"line":228,"column":4},"end":{"line":228,"column":35}},"65":{"start":{"line":230,"column":4},"end":{"line":230,"column":49}},"66":{"start":{"line":231,"column":4},"end":{"line":231,"column":60}},"67":{"start":{"line":235,"column":0},"end":{"line":238,"column":2}}},"fnMap":{"0":{"name":"(anonymous_0)","decl":{"start":{"line":4,"column":18},"end":{"line":4,"column":19}},"loc":{"start":{"line":4,"column":35},"end":{"line":37,"column":1}},"line":4},"1":{"name":"(anonymous_1)","decl":{"start":{"line":25,"column":45},"end":{"line":25,"column":46}},"loc":{"start":{"line":25,"column":54},"end":{"line":29,"column":7}},"line":25},"2":{"name":"(anonymous_2)","decl":{"start":{"line":40,"column":21},"end":{"line":40,"column":22}},"loc":{"start":{"line":40,"column":49},"end":{"line":54,"column":1}},"line":40},"3":{"name":"(anonymous_3)","decl":{"start":{"line":45,"column":42},"end":{"line":45,"column":43}},"loc":{"start":{"line":45,"column":53},"end":{"line":45,"column":83}},"line":45},"4":{"name":"(anonymous_4)","decl":{"start":{"line":48,"column":49},"end":{"line":48,"column":50}},"loc":{"start":{"line":49,"column":4},"end":{"line":50,"column":50}},"line":49},"5":{"name":"(anonymous_5)","decl":{"start":{"line":56,"column":24},"end":{"line":56,"column":25}},"loc":{"start":{"line":56,"column":74},"end":{"line":124,"column":1}},"line":56},"6":{"name":"(anonymous_6)","decl":{"start":{"line":57,"column":37},"end":{"line":57,"column":38}},"loc":{"start":{"line":58,"column":4},"end":{"line":58,"column":151}},"line":58},"7":{"name":"(anonymous_7)","decl":{"start":{"line":127,"column":20},"end":{"line":127,"column":21}},"loc":{"start":{"line":127,"column":40},"end":{"line":219,"column":1}},"line":127},"8":{"name":"(anonymous_8)","decl":{"start":{"line":159,"column":33},"end":{"line":159,"column":34}},"loc":{"start":{"line":159,"column":41},"end":{"line":162,"column":7}},"line":159},"9":{"name":"(anonymous_9)","decl":{"start":{"line":193,"column":62},"end":{"line":193,"column":63}},"loc":{"start":{"line":193,"column":69},"end":{"line":196,"column":5}},"line":193},"10":{"name":"(anonymous_10)","decl":{"start":{"line":200,"column":43},"end":{"line":200,"column":44}},"loc":{"start":{"line":200,"column":51},"end":{"line":207,"column":7}},"line":200},"11":{"name":"(anonymous_11)","decl":{"start":{"line":222,"column":25},"end":{"line":222,"column":26}},"loc":{"start":{"line":222,"column":45},"end":{"line":233,"column":1}},"line":222}},"branchMap":{"0":{"loc":{"start":{"line":13,"column":4},"end":{"line":15,"column":5}},"type":"if","locations":[{"start":{"line":13,"column":4},"end":{"line":15,"column":5}},{"start":{},"end":{}}],"line":13},"1":{"loc":{"start":{"line":18,"column":4},"end":{"line":20,"column":5}},"type":"if","locations":[{"start":{"line":18,"column":4},"end":{"line":20,"column":5}},{"start":{},"end":{}}],"line":18},"2":{"loc":{"start":{"line":23,"column":4},"end":{"line":30,"column":5}},"type":"if","locations":[{"start":{"line":23,"column":4},"end":{"line":30,"column":5}},{"start":{},"end":{}}],"line":23},"3":{"loc":{"start":{"line":23,"column":8},"end":{"line":23,"column":59}},"type":"binary-expr","locations":[{"start":{"line":23,"column":8},"end":{"line":23,"column":26}},{"start":{"line":23,"column":30},"end":{"line":23,"column":59}}],"line":23},"4":{"loc":{"start":{"line":26,"column":8},"end":{"line":28,"column":9}},"type":"if","locations":[{"start":{"line":26,"column":8},"end":{"line":28,"column":9}},{"start":{},"end":{}}],"line":26},"5":{"loc":{"start":{"line":32,"column":11},"end":{"line":32,"column":127}},"type":"binary-expr","locations":[{"start":{"line":32,"column":11},"end":{"line":32,"column":17}},{"start":{"line":32,"column":21},"end":{"line":32,"column":127}}],"line":32},"6":{"loc":{"start":{"line":49,"column":4},"end":{"line":50,"column":50}},"type":"binary-expr","locations":[{"start":{"line":49,"column":4},"end":{"line":49,"column":50}},{"start":{"line":50,"column":4},"end":{"line":50,"column":50}}],"line":49},"7":{"loc":{"start":{"line":53,"column":9},"end":{"line":53,"column":46}},"type":"binary-expr","locations":[{"start":{"line":53,"column":9},"end":{"line":53,"column":23}},{"start":{"line":53,"column":27},"end":{"line":53,"column":46}}],"line":53},"8":{"loc":{"start":{"line":56,"column":50},"end":{"line":56,"column":69}},"type":"default-arg","locations":[{"start":{"line":56,"column":64},"end":{"line":56,"column":69}}],"line":56},"9":{"loc":{"start":{"line":62,"column":13},"end":{"line":90,"column":81}},"type":"cond-expr","locations":[{"start":{"line":62,"column":27},"end":{"line":73,"column":50}},{"start":{"line":75,"column":0},"end":{"line":90,"column":81}}],"line":62},"10":{"loc":{"start":{"line":92,"column":12},"end":{"line":120,"column":84}},"type":"cond-expr","locations":[{"start":{"line":92,"column":26},"end":{"line":103,"column":40}},{"start":{"line":105,"column":0},"end":{"line":120,"column":84}}],"line":92},"11":{"loc":{"start":{"line":123,"column":9},"end":{"line":123,"column":45}},"type":"binary-expr","locations":[{"start":{"line":123,"column":9},"end":{"line":123,"column":26}},{"start":{"line":123,"column":30},"end":{"line":123,"column":45}}],"line":123},"12":{"loc":{"start":{"line":129,"column":21},"end":{"line":129,"column":41}},"type":"default-arg","locations":[{"start":{"line":129,"column":32},"end":{"line":129,"column":41}}],"line":129},"13":{"loc":{"start":{"line":129,"column":43},"end":{"line":129,"column":67}},"type":"default-arg","locations":[{"start":{"line":129,"column":65},"end":{"line":129,"column":67}}],"line":129},"14":{"loc":{"start":{"line":131,"column":4},"end":{"line":133,"column":5}},"type":"if","locations":[{"start":{"line":131,"column":4},"end":{"line":133,"column":5}},{"start":{},"end":{}}],"line":131},"15":{"loc":{"start":{"line":137,"column":29},"end":{"line":137,"column":85}},"type":"cond-expr","locations":[{"start":{"line":137,"column":65},"end":{"line":137,"column":73}},{"start":{"line":137,"column":76},"end":{"line":137,"column":85}}],"line":137},"16":{"loc":{"start":{"line":152,"column":4},"end":{"line":155,"column":5}},"type":"if","locations":[{"start":{"line":152,"column":4},"end":{"line":155,"column":5}},{"start":{},"end":{}}],"line":152},"17":{"loc":{"start":{"line":185,"column":4},"end":{"line":187,"column":5}},"type":"if","locations":[{"start":{"line":185,"column":4},"end":{"line":187,"column":5}},{"start":{},"end":{}}],"line":185},"18":{"loc":{"start":{"line":193,"column":28},"end":{"line":196,"column":23}},"type":"cond-expr","locations":[{"start":{"line":193,"column":41},"end":{"line":196,"column":18}},{"start":{"line":196,"column":21},"end":{"line":196,"column":23}}],"line":193},"19":{"loc":{"start":{"line":206,"column":15},"end":{"line":206,"column":36}},"type":"binary-expr","locations":[{"start":{"line":206,"column":15},"end":{"line":206,"column":30}},{"start":{"line":206,"column":34},"end":{"line":206,"column":36}}],"line":206}},"s":{"0":0,"1":0,"2":0,"3":0,"4":0,"5":0,"6":0,"7":0,"8":0,"9":0,"10":0,"11":0,"12":0,"13":0,"14":0,"15":0,"16":0,"17":0,"18":0,"19":0,"20":0,"21":0,"22":0,"23":0,"24":0,"25":0,"26":0,"27":0,"28":0,"29":0,"30":0,"31":0,"32":0,"33":0,"34":0,"35":0,"36":0,"37":0,"38":0,"39":0,"40":0,"41":0,"42":0,"43":0,"44":0,"45":0,"46":0,"47":0,"48":0,"49":0,"50":0,"51":0,"52":0,"53":0,"54":0,"55":0,"56":0,"57":0,"58":0,"59":0,"60":0,"61":0,"62":0,"63":0,"64":0,"65":0,"66":0,"67":0},"f":{"0":0,"1":0,"2":0,"3":0,"4":0,"5":0,"6":0,"7":0,"8":0,"9":0,"10":0,"11":0},"b":{"0":[0,0],"1":[0,0],"2":[0,0],"3":[0,0],"4":[0,0],"5":[0,0],"6":[0,0],"7":[0,0],"8":[0],"9":[0,0],"10":[0,0],"11":[0,0],"12":[0],"13":[0],"14":[0,0],"15":[0,0],"16":[0,0],"17":[0,0],"18":[0,0],"19":[0,0]}}
,"D:\\UNI\\3. YEAR 3\\Fall\\CSCI313 Software Engineering\\Project\\E-Commerce_Website\\backend\\controllers\\orderController.js": {"path":"D:\\UNI\\3. YEAR 3\\Fall\\CSCI313 Software Engineering\\Project\\E-Commerce_Website\\backend\\controllers\\orderController.js","statementMap":{"0":{"start":{"line":1,"column":19},"end":{"line":1,"column":50}},"1":{"start":{"line":2,"column":12},"end":{"line":2,"column":35}},"2":{"start":{"line":5,"column":19},"end":{"line":18,"column":1}},"3":{"start":{"line":6,"column":4},"end":{"line":17,"column":5}},"4":{"start":{"line":7,"column":23},"end":{"line":7,"column":52}},"5":{"start":{"line":8,"column":8},"end":{"line":11,"column":11}},"6":{"start":{"line":13,"column":8},"end":{"line":16,"column":11}},"7":{"start":{"line":20,"column":20},"end":{"line":56,"column":1}},"8":{"start":{"line":21,"column":4},"end":{"line":55,"column":5}},"9":{"start":{"line":22,"column":56},"end":{"line":22,"column":64}},"10":{"start":{"line":25,"column":21},"end":{"line":25,"column":25}},"11":{"start":{"line":26,"column":34},"end":{"line":26,"column":45}},"12":{"start":{"line":28,"column":8},"end":{"line":36,"column":9}},"13":{"start":{"line":29,"column":12},"end":{"line":35,"column":13}},"14":{"start":{"line":30,"column":30},"end":{"line":30,"column":57}},"15":{"start":{"line":31,"column":32},"end":{"line":31,"column":73}},"16":{"start":{"line":32,"column":16},"end":{"line":32,"column":37}},"17":{"start":{"line":34,"column":16},"end":{"line":34,"column":100}},"18":{"start":{"line":38,"column":22},"end":{"line":43,"column":10}},"19":{"start":{"line":45,"column":8},"end":{"line":49,"column":11}},"20":{"start":{"line":51,"column":8},"end":{"line":54,"column":11}},"21":{"start":{"line":58,"column":0},"end":{"line":61,"column":2}}},"fnMap":{"0":{"name":"(anonymous_0)","decl":{"start":{"line":5,"column":19},"end":{"line":5,"column":20}},"loc":{"start":{"line":5,"column":39},"end":{"line":18,"column":1}},"line":5},"1":{"name":"(anonymous_1)","decl":{"start":{"line":20,"column":20},"end":{"line":20,"column":21}},"loc":{"start":{"line":20,"column":40},"end":{"line":56,"column":1}},"line":20}},"branchMap":{"0":{"loc":{"start":{"line":28,"column":8},"end":{"line":36,"column":9}},"type":"if","locations":[{"start":{"line":28,"column":8},"end":{"line":36,"column":9}},{"start":{},"end":{}}],"line":28}},"s":{"0":1,"1":1,"2":1,"3":5,"4":5,"5":5,"6":0,"7":1,"8":20,"9":20,"10":20,"11":20,"12":20,"13":6,"14":6,"15":6,"16":5,"17":1,"18":20,"19":16,"20":4,"21":1},"f":{"0":5,"1":20},"b":{"0":[6,14]},"_coverageSchema":"1a1c01bbd47fc00a2c39e90264f33305004495a9","hash":"97f0af63d019476769292f14ed5ddf571f36e532"}
,"D:\\UNI\\3. YEAR 3\\Fall\\CSCI313 Software Engineering\\Project\\E-Commerce_Website\\backend\\controllers\\userController.js": {"path":"D:\\UNI\\3. YEAR 3\\Fall\\CSCI313 Software Engineering\\Project\\E-Commerce_Website\\backend\\controllers\\userController.js","statementMap":{"0":{"start":{"line":1,"column":13},"end":{"line":1,"column":43}},"1":{"start":{"line":2,"column":17},"end":{"line":2,"column":36}},"2":{"start":{"line":3,"column":12},"end":{"line":3,"column":35}},"3":{"start":{"line":7,"column":20},"end":{"line":9,"column":1}},"4":{"start":{"line":8,"column":4},"end":{"line":8,"column":73}},"5":{"start":{"line":12,"column":18},"end":{"line":25,"column":1}},"6":{"start":{"line":13,"column":30},"end":{"line":13,"column":38}},"7":{"start":{"line":14,"column":4},"end":{"line":22,"column":5}},"8":{"start":{"line":15,"column":21},"end":{"line":15,"column":54}},"9":{"start":{"line":18,"column":22},"end":{"line":18,"column":43}},"10":{"start":{"line":19,"column":8},"end":{"line":19,"column":86}},"11":{"start":{"line":21,"column":8},"end":{"line":21,"column":52}},"12":{"start":{"line":30,"column":19},"end":{"line":48,"column":1}},"13":{"start":{"line":31,"column":46},"end":{"line":31,"column":54}},"14":{"start":{"line":33,"column":4},"end":{"line":43,"column":5}},"15":{"start":{"line":34,"column":21},"end":{"line":34,"column":71}},"16":{"start":{"line":37,"column":22},"end":{"line":37,"column":43}},"17":{"start":{"line":40,"column":8},"end":{"line":40,"column":71}},"18":{"start":{"line":42,"column":8},"end":{"line":42,"column":52}},"19":{"start":{"line":52,"column":0},"end":{"line":55,"column":1}}},"fnMap":{"0":{"name":"(anonymous_0)","decl":{"start":{"line":7,"column":20},"end":{"line":7,"column":21}},"loc":{"start":{"line":7,"column":29},"end":{"line":9,"column":1}},"line":7},"1":{"name":"(anonymous_1)","decl":{"start":{"line":12,"column":18},"end":{"line":12,"column":19}},"loc":{"start":{"line":12,"column":38},"end":{"line":25,"column":1}},"line":12},"2":{"name":"(anonymous_2)","decl":{"start":{"line":30,"column":19},"end":{"line":30,"column":20}},"loc":{"start":{"line":30,"column":39},"end":{"line":48,"column":1}},"line":30}},"branchMap":{},"s":{"0":1,"1":1,"2":1,"3":1,"4":16,"5":1,"6":8,"7":8,"8":8,"9":4,"10":4,"11":4,"12":1,"13":18,"14":18,"15":18,"16":12,"17":12,"18":6,"19":1},"f":{"0":16,"1":8,"2":18},"b":{},"_coverageSchema":"1a1c01bbd47fc00a2c39e90264f33305004495a9","hash":"b38d95725eb4bcb214c5fcbed8b00f4f59518804"}
,"D:\\UNI\\3. YEAR 3\\Fall\\CSCI313 Software Engineering\\Project\\E-Commerce_Website\\backend\\middleware\\requireAuth.js": {"path":"D:\\UNI\\3. YEAR 3\\Fall\\CSCI313 Software Engineering\\Project\\E-Commerce_Website\\backend\\middleware\\requireAuth.js","statementMap":{"0":{"start":{"line":1,"column":12},"end":{"line":1,"column":35}},"1":{"start":{"line":2,"column":13},"end":{"line":2,"column":43}},"2":{"start":{"line":3,"column":20},"end":{"line":24,"column":1}},"3":{"start":{"line":5,"column":30},"end":{"line":5,"column":41}},"4":{"start":{"line":7,"column":4},"end":{"line":9,"column":5}},"5":{"start":{"line":8,"column":8},"end":{"line":8,"column":78}},"6":{"start":{"line":11,"column":18},"end":{"line":11,"column":45}},"7":{"start":{"line":13,"column":4},"end":{"line":22,"column":5}},"8":{"start":{"line":14,"column":22},"end":{"line":14,"column":63}},"9":{"start":{"line":16,"column":8},"end":{"line":16,"column":65}},"10":{"start":{"line":17,"column":8},"end":{"line":17,"column":14}},"11":{"start":{"line":20,"column":8},"end":{"line":20,"column":26}},"12":{"start":{"line":21,"column":8},"end":{"line":21,"column":68}},"13":{"start":{"line":27,"column":21},"end":{"line":32,"column":1}},"14":{"start":{"line":28,"column":4},"end":{"line":30,"column":5}},"15":{"start":{"line":29,"column":8},"end":{"line":29,"column":71}},"16":{"start":{"line":31,"column":4},"end":{"line":31,"column":10}},"17":{"start":{"line":34,"column":0},"end":{"line":34,"column":46}}},"fnMap":{"0":{"name":"(anonymous_0)","decl":{"start":{"line":3,"column":20},"end":{"line":3,"column":21}},"loc":{"start":{"line":3,"column":46},"end":{"line":24,"column":1}},"line":3},"1":{"name":"(anonymous_1)","decl":{"start":{"line":27,"column":21},"end":{"line":27,"column":22}},"loc":{"start":{"line":27,"column":41},"end":{"line":32,"column":1}},"line":27}},"branchMap":{"0":{"loc":{"start":{"line":7,"column":4},"end":{"line":9,"column":5}},"type":"if","locations":[{"start":{"line":7,"column":4},"end":{"line":9,"column":5}},{"start":{},"end":{}}],"line":7},"1":{"loc":{"start":{"line":28,"column":4},"end":{"line":30,"column":5}},"type":"if","locations":[{"start":{"line":28,"column":4},"end":{"line":30,"column":5}},{"start":{},"end":{}}],"line":28}},"s":{"0":1,"1":1,"2":1,"3":43,"4":43,"5":3,"6":40,"7":40,"8":40,"9":40,"10":40,"11":0,"12":0,"13":1,"14":40,"15":3,"16":37,"17":1},"f":{"0":43,"1":40},"b":{"0":[3,40],"1":[3,37]},"_coverageSchema":"1a1c01bbd47fc00a2c39e90264f33305004495a9","hash":"d231d7255e5f864d5ec471375ec2ea61294df099"}
}
