TN:
SF:Models\carModel.js
FN:63,(anonymous_0)
FN:94,(anonymous_1)
FN:118,(anonymous_2)
FNF:3
FNH:3
FNDA:48,(anonymous_0)
FNDA:6,(anonymous_1)
FNDA:5,(anonymous_2)
DA:1,2
DA:4,2
DA:7,2
DA:63,2
DA:66,48
DA:67,3
DA:70,45
DA:71,2
DA:74,43
DA:75,1
DA:78,42
DA:79,1
DA:82,41
DA:83,41
DA:84,2
DA:87,39
DA:89,39
DA:94,2
DA:96,6
DA:97,1
DA:101,5
DA:102,1
DA:106,4
DA:109,4
DA:111,2
DA:115,2
DA:118,2
DA:120,5
DA:122,0
DA:128,5
DA:130,1
DA:136,4
DA:138,4
DA:144,4
DA:146,44
DA:148,6
DA:156,4
DA:158,0
DA:166,4
DA:168,4
DA:170,0
DA:177,4
DA:178,0
DA:179,0
DA:184,4
DA:185,2
DA:186,0
DA:188,2
DA:195,4
DA:197,0
DA:199,0
DA:205,0
DA:213,4
DA:217,4
DA:219,2
DA:225,2
DA:232,2
LF:57
LH:48
BRDA:63,0,0,14
BRDA:66,1,0,3
BRDA:66,1,1,45
BRDA:66,2,0,48
BRDA:66,2,1,47
BRDA:66,2,2,46
BRDA:66,2,3,45
BRDA:66,2,4,45
BRDA:66,2,5,45
BRDA:66,2,6,45
BRDA:66,2,7,45
BRDA:66,2,8,45
BRDA:66,2,9,45
BRDA:66,2,10,45
BRDA:66,2,11,45
BRDA:70,3,0,2
BRDA:70,3,1,43
BRDA:70,4,0,45
BRDA:70,4,1,45
BRDA:74,5,0,1
BRDA:74,5,1,42
BRDA:74,6,0,43
BRDA:74,6,1,43
BRDA:78,7,0,1
BRDA:78,7,1,41
BRDA:83,8,0,2
BRDA:83,8,1,39
BRDA:83,9,0,41
BRDA:83,9,1,41
BRDA:83,9,2,40
BRDA:96,10,0,1
BRDA:96,10,1,5
BRDA:101,11,0,1
BRDA:101,11,1,4
BRDA:109,12,0,2
BRDA:109,12,1,2
BRDA:120,13,0,0
BRDA:120,13,1,5
BRDA:128,14,0,1
BRDA:128,14,1,4
BRDA:146,15,0,6
BRDA:146,15,1,38
BRDA:156,16,0,0
BRDA:156,16,1,4
BRDA:166,17,0,4
BRDA:166,17,1,0
BRDA:168,18,0,0
BRDA:168,18,1,4
BRDA:168,19,0,4
BRDA:168,19,1,4
BRDA:177,20,0,0
BRDA:177,20,1,4
BRDA:178,21,0,0
BRDA:178,21,1,0
BRDA:178,22,0,0
BRDA:178,22,1,0
BRDA:184,23,0,2
BRDA:184,23,1,2
BRDA:185,24,0,0
BRDA:185,24,1,2
BRDA:195,25,0,0
BRDA:195,25,1,4
BRDA:199,26,0,0
BRDA:199,26,1,0
BRDA:199,27,0,0
BRDA:199,27,1,0
BRDA:199,27,2,0
BRDA:217,28,0,2
BRDA:217,28,1,2
BRF:69
BRH:53
end_of_record
TN:
SF:Models\contactModel.js
FN:34,(anonymous_0)
FN:59,(anonymous_1)
FN:64,(anonymous_2)
FNF:3
FNH:0
FNDA:0,(anonymous_0)
FNDA:0,(anonymous_1)
FNDA:0,(anonymous_2)
DA:1,0
DA:3,0
DA:5,0
DA:34,0
DA:35,0
DA:37,0
DA:38,0
DA:42,0
DA:43,0
DA:44,0
DA:47,0
DA:56,0
DA:59,0
DA:60,0
DA:61,0
DA:64,0
DA:65,0
DA:67,0
DA:68,0
DA:71,0
DA:77,0
DA:78,0
DA:81,0
DA:84,0
LF:24
LH:0
BRDA:37,0,0,0
BRDA:37,0,1,0
BRDA:37,1,0,0
BRDA:37,1,1,0
BRDA:37,1,2,0
BRDA:37,1,3,0
BRDA:43,2,0,0
BRDA:43,2,1,0
BRDA:67,3,0,0
BRDA:67,3,1,0
BRDA:77,4,0,0
BRDA:77,4,1,0
BRF:12
BRH:0
end_of_record
TN:
SF:Models\orderModel.js
FN:66,(anonymous_0)
FN:71,(anonymous_1)
FN:97,(anonymous_2)
FN:105,(anonymous_3)
FN:125,(anonymous_4)
FN:130,(anonymous_5)
FNF:6
FNH:2
FNDA:8,(anonymous_0)
FNDA:33,(anonymous_1)
FNDA:0,(anonymous_2)
FNDA:0,(anonymous_3)
FNDA:0,(anonymous_4)
FNDA:0,(anonymous_5)
DA:1,2
DA:4,2
DA:7,2
DA:66,2
DA:67,8
DA:68,8
DA:71,2
DA:72,33
DA:75,33
DA:76,2
DA:78,31
DA:79,2
DA:81,29
DA:82,2
DA:86,27
DA:94,26
DA:97,2
DA:98,0
DA:99,0
DA:100,0
DA:102,0
DA:105,2
DA:106,0
DA:108,0
DA:109,0
DA:112,0
DA:118,0
DA:119,0
DA:122,0
DA:125,2
DA:126,0
DA:127,0
DA:130,2
DA:131,0
DA:133,0
DA:134,0
DA:137,0
DA:138,0
DA:141,0
DA:142,0
DA:143,0
DA:144,0
DA:146,0
DA:147,0
DA:151,0
DA:152,0
DA:155,2
LF:47
LH:21
BRDA:75,0,0,2
BRDA:75,0,1,31
BRDA:75,1,0,33
BRDA:75,1,1,31
BRDA:78,2,0,2
BRDA:78,2,1,29
BRDA:81,3,0,2
BRDA:81,3,1,27
BRDA:99,4,0,0
BRDA:99,4,1,0
BRDA:108,5,0,0
BRDA:108,5,1,0
BRDA:118,6,0,0
BRDA:118,6,1,0
BRDA:133,7,0,0
BRDA:133,7,1,0
BRDA:137,8,0,0
BRDA:137,8,1,0
BRDA:141,9,0,0
BRDA:141,9,1,0
BRDA:141,10,0,0
BRDA:141,10,1,0
BRDA:143,11,0,0
BRDA:143,11,1,0
BRDA:146,12,0,0
BRDA:146,12,1,0
BRF:26
BRH:8
end_of_record
TN:
SF:Models\userModel.js
FN:33,(anonymous_0)
FN:66,(anonymous_1)
FN:88,(anonymous_2)
FN:97,(anonymous_3)
FN:135,(anonymous_4)
FNF:5
FNH:2
FNDA:113,(anonymous_0)
FNDA:13,(anonymous_1)
FNDA:0,(anonymous_2)
FNDA:0,(anonymous_3)
FNDA:0,(anonymous_4)
DA:1,4
DA:2,4
DA:3,4
DA:5,4
DA:8,4
DA:33,4
DA:37,113
DA:38,6
DA:40,107
DA:41,2
DA:43,105
DA:44,2
DA:47,103
DA:48,103
DA:49,2
DA:51,101
DA:52,101
DA:53,0
DA:56,101
DA:57,101
DA:59,101
DA:61,101
DA:66,4
DA:67,13
DA:68,4
DA:70,9
DA:71,0
DA:73,9
DA:74,9
DA:75,2
DA:78,7
DA:79,7
DA:80,2
DA:83,5
DA:88,4
DA:89,0
DA:90,0
DA:91,0
DA:93,0
DA:97,4
DA:98,0
DA:101,0
DA:102,0
DA:106,0
DA:107,0
DA:108,0
DA:109,0
DA:114,0
DA:115,0
DA:116,0
DA:117,0
DA:121,0
DA:127,0
DA:128,0
DA:131,0
DA:135,4
DA:136,0
DA:137,0
DA:140,0
DA:141,0
DA:144,0
DA:145,0
DA:146,0
DA:150,0
DA:151,0
DA:152,0
DA:156,0
DA:157,0
DA:159,0
DA:160,0
DA:162,0
DA:168,4
LF:72
LH:36
BRDA:37,0,0,6
BRDA:37,0,1,107
BRDA:37,1,0,113
BRDA:37,1,1,111
BRDA:37,1,2,109
BRDA:40,2,0,2
BRDA:40,2,1,105
BRDA:43,3,0,2
BRDA:43,3,1,103
BRDA:48,4,0,2
BRDA:48,4,1,101
BRDA:52,5,0,0
BRDA:52,5,1,101
BRDA:67,6,0,4
BRDA:67,6,1,9
BRDA:67,7,0,13
BRDA:67,7,1,11
BRDA:70,8,0,0
BRDA:70,8,1,9
BRDA:74,9,0,2
BRDA:74,9,1,7
BRDA:79,10,0,2
BRDA:79,10,1,5
BRDA:90,11,0,0
BRDA:90,11,1,0
BRDA:101,12,0,0
BRDA:101,12,1,0
BRDA:101,13,0,0
BRDA:101,13,1,0
BRDA:106,14,0,0
BRDA:106,14,1,0
BRDA:108,15,0,0
BRDA:108,15,1,0
BRDA:114,16,0,0
BRDA:114,16,1,0
BRDA:116,17,0,0
BRDA:116,17,1,0
BRDA:127,18,0,0
BRDA:127,18,1,0
BRDA:136,19,0,0
BRDA:136,19,1,0
BRDA:136,20,0,0
BRDA:136,20,1,0
BRDA:140,21,0,0
BRDA:140,21,1,0
BRDA:145,22,0,0
BRDA:145,22,1,0
BRDA:151,23,0,0
BRDA:151,23,1,0
BRF:49
BRH:21
end_of_record
TN:
SF:controllers\adminController.js
FN:6,(anonymous_0)
FN:60,(anonymous_1)
FN:119,(anonymous_2)
FN:183,(anonymous_3)
FNF:4
FNH:0
FNDA:0,(anonymous_0)
FNDA:0,(anonymous_1)
FNDA:0,(anonymous_2)
FNDA:0,(anonymous_3)
DA:1,0
DA:2,0
DA:3,0
DA:6,0
DA:7,0
DA:9,0
DA:10,0
DA:11,0
DA:14,0
DA:22,0
DA:25,0
DA:35,0
DA:40,0
DA:52,0
DA:60,0
DA:61,0
DA:62,0
DA:64,0
DA:65,0
DA:66,0
DA:67,0
DA:68,0
DA:73,0
DA:75,0
DA:79,0
DA:81,0
DA:85,0
DA:87,0
DA:94,0
DA:106,0
DA:111,0
DA:119,0
DA:120,0
DA:122,0
DA:132,0
DA:142,0
DA:154,0
DA:165,0
DA:175,0
DA:183,0
DA:184,0
DA:185,0
DA:187,0
DA:193,0
DA:198,0
DA:205,0
LF:46
LH:0
BRDA:22,0,0,0
BRDA:22,0,1,0
BRDA:62,1,0,0
BRDA:65,2,0,0
BRDA:65,2,1,0
BRDA:65,3,0,0
BRDA:65,3,1,0
BRDA:67,4,0,0
BRDA:67,4,1,0
BRDA:68,5,0,0
BRDA:68,5,1,0
BRDA:73,6,0,0
BRDA:73,6,1,0
BRDA:73,6,2,0
BRDA:185,7,0,0
BRDA:185,7,1,0
BRF:16
BRH:0
end_of_record
TN:
SF:controllers\carController.js
FN:4,(anonymous_0)
FN:20,(anonymous_1)
FN:41,(anonymous_2)
FN:46,(anonymous_3)
FN:68,(anonymous_4)
FN:96,(anonymous_5)
FN:112,(anonymous_6)
FN:121,(anonymous_7)
FNF:8
FNH:6
FNDA:2,(anonymous_0)
FNDA:4,(anonymous_1)
FNDA:33,(anonymous_2)
FNDA:0,(anonymous_3)
FNDA:2,(anonymous_4)
FNDA:0,(anonymous_5)
FNDA:3,(anonymous_6)
FNDA:6,(anonymous_7)
DA:1,1
DA:2,1
DA:4,1
DA:5,2
DA:7,2
DA:8,2
DA:10,2
DA:11,1
DA:13,1
DA:16,0
DA:20,1
DA:21,4
DA:23,4
DA:25,4
DA:26,1
DA:29,3
DA:31,3
DA:32,2
DA:35,1
DA:37,0
DA:41,1
DA:42,33
DA:44,33
DA:46,33
DA:48,33
DA:62,32
DA:64,1
DA:68,1
DA:69,2
DA:70,2
DA:72,2
DA:73,2
DA:84,2
DA:85,0
DA:87,2
DA:88,2
DA:90,2
DA:91,0
DA:95,2
DA:96,0
DA:97,0
DA:100,2
DA:102,2
DA:103,1
DA:105,1
DA:108,0
DA:112,1
DA:113,3
DA:114,3
DA:115,3
DA:117,0
DA:121,1
DA:122,6
DA:124,6
DA:126,6
DA:127,1
DA:128,1
DA:132,5
DA:135,5
DA:147,5
DA:149,0
DA:153,1
LF:62
LH:53
BRDA:10,0,0,1
BRDA:10,0,1,1
BRDA:25,1,0,1
BRDA:25,1,1,3
BRDA:31,2,0,2
BRDA:31,2,1,1
BRDA:46,3,0,0
BRDA:46,3,1,33
BRDA:84,4,0,0
BRDA:84,4,1,2
BRDA:87,5,0,2
BRDA:87,5,1,0
BRDA:90,6,0,0
BRDA:90,6,1,2
BRDA:95,7,0,0
BRDA:95,7,1,2
BRDA:95,8,0,2
BRDA:95,8,1,0
BRDA:102,9,0,1
BRDA:102,9,1,1
BRDA:126,10,0,1
BRDA:126,10,1,5
BRDA:126,11,0,6
BRDA:126,11,1,5
BRF:24
BRH:18
end_of_record
TN:
SF:controllers\contactController.js
FN:4,(anonymous_0)
FN:43,(anonymous_1)
FN:59,(anonymous_2)
FNF:3
FNH:0
FNDA:0,(anonymous_0)
FNDA:0,(anonymous_1)
FNDA:0,(anonymous_2)
DA:1,0
DA:2,0
DA:4,0
DA:5,0
DA:6,0
DA:9,0
DA:10,0
DA:12,0
DA:13,0
DA:14,0
DA:15,0
DA:16,0
DA:18,0
DA:22,0
DA:30,0
DA:36,0
DA:43,0
DA:44,0
DA:45,0
DA:47,0
DA:52,0
DA:59,0
DA:60,0
DA:61,0
DA:62,0
DA:64,0
DA:65,0
DA:71,0
DA:73,0
DA:79,0
DA:86,0
LF:31
LH:0
BRDA:12,0,0,0
BRDA:12,0,1,0
BRDA:64,1,0,0
BRDA:64,1,1,0
BRF:4
BRH:0
end_of_record
TN:
SF:controllers\orderController.js
FN:5,(anonymous_0)
FN:20,(anonymous_1)
FN:58,(anonymous_2)
FN:83,(anonymous_3)
FN:110,(anonymous_4)
FNF:5
FNH:2
FNDA:5,(anonymous_0)
FNDA:20,(anonymous_1)
FNDA:0,(anonymous_2)
FNDA:0,(anonymous_3)
FNDA:0,(anonymous_4)
DA:1,1
DA:2,1
DA:5,1
DA:6,5
DA:7,5
DA:8,5
DA:13,0
DA:20,1
DA:21,20
DA:22,20
DA:25,20
DA:26,20
DA:28,20
DA:29,6
DA:30,6
DA:31,6
DA:32,5
DA:34,1
DA:38,20
DA:45,16
DA:51,4
DA:58,1
DA:59,0
DA:60,0
DA:61,0
DA:64,0
DA:65,0
DA:71,0
DA:76,0
DA:83,1
DA:84,0
DA:85,0
DA:86,0
DA:88,0
DA:89,0
DA:95,0
DA:97,0
DA:103,0
DA:110,1
DA:111,0
DA:112,0
DA:113,0
DA:115,0
DA:120,0
DA:127,1
LF:45
LH:24
BRDA:28,0,0,6
BRDA:28,0,1,14
BRDA:64,1,0,0
BRDA:64,1,1,0
BRDA:64,2,0,0
BRDA:64,2,1,0
BRDA:64,2,2,0
BRDA:88,3,0,0
BRDA:88,3,1,0
BRF:9
BRH:2
end_of_record
TN:
SF:controllers\userController.js
FN:7,(anonymous_0)
FN:12,(anonymous_1)
FN:30,(anonymous_2)
FN:51,(anonymous_3)
FN:69,(anonymous_4)
FN:90,(anonymous_5)
FNF:6
FNH:3
FNDA:16,(anonymous_0)
FNDA:8,(anonymous_1)
FNDA:18,(anonymous_2)
FNDA:0,(anonymous_3)
FNDA:0,(anonymous_4)
FNDA:0,(anonymous_5)
DA:1,1
DA:2,1
DA:3,1
DA:7,1
DA:8,16
DA:12,1
DA:13,8
DA:14,8
DA:15,8
DA:18,4
DA:19,4
DA:21,4
DA:30,1
DA:31,18
DA:33,18
DA:34,18
DA:37,12
DA:40,12
DA:42,6
DA:51,1
DA:52,0
DA:53,0
DA:54,0
DA:56,0
DA:61,0
DA:69,1
DA:70,0
DA:71,0
DA:72,0
DA:74,0
DA:76,0
DA:82,0
DA:90,1
DA:91,0
DA:92,0
DA:93,0
DA:95,0
DA:97,0
DA:102,0
DA:111,1
LF:40
LH:23
BRF:0
BRH:0
end_of_record
TN:
SF:middleware\requireAuth.js
FN:3,(anonymous_0)
FN:27,(anonymous_1)
FNF:2
FNH:2
FNDA:48,(anonymous_0)
FNDA:45,(anonymous_1)
DA:1,3
DA:2,3
DA:3,3
DA:5,48
DA:7,48
DA:8,3
DA:11,45
DA:13,45
DA:14,45
DA:16,45
DA:17,45
DA:20,0
DA:21,0
DA:27,3
DA:28,45
DA:29,3
DA:31,42
DA:34,3
LF:18
LH:16
BRDA:7,0,0,3
BRDA:7,0,1,45
BRDA:28,1,0,3
BRDA:28,1,1,42
BRF:4
BRH:4
end_of_record
