TN:
SF:Models\carModel.js
FN:63,(anonymous_0)
FN:94,(anonymous_1)
FN:118,(anonymous_2)
FNF:3
FNH:3
FNDA:48,(anonymous_0)
FNDA:6,(anonymous_1)
FNDA:5,(anonymous_2)
DA:1,2
DA:4,2
DA:7,2
DA:63,2
DA:66,48
DA:67,3
DA:70,45
DA:71,2
DA:74,43
DA:75,1
DA:78,42
DA:79,1
DA:82,41
DA:83,41
DA:84,2
DA:87,39
DA:89,39
DA:94,2
DA:96,6
DA:97,1
DA:101,5
DA:102,1
DA:106,4
DA:109,4
DA:111,2
DA:115,2
DA:118,2
DA:120,5
DA:122,0
DA:128,5
DA:130,1
DA:136,4
DA:138,4
DA:144,4
DA:146,44
DA:148,6
DA:156,4
DA:158,0
DA:166,4
DA:168,4
DA:170,0
DA:177,4
DA:178,0
DA:179,0
DA:184,4
DA:185,2
DA:186,0
DA:188,2
DA:195,4
DA:197,0
DA:199,0
DA:205,0
DA:213,4
DA:217,4
DA:219,2
DA:225,2
DA:232,2
LF:57
LH:48
BRDA:63,0,0,14
BRDA:66,1,0,3
BRDA:66,1,1,45
BRDA:66,2,0,48
BRDA:66,2,1,47
BRDA:66,2,2,46
BRDA:66,2,3,45
BRDA:66,2,4,45
BRDA:66,2,5,45
BRDA:66,2,6,45
BRDA:66,2,7,45
BRDA:66,2,8,45
BRDA:66,2,9,45
BRDA:66,2,10,45
BRDA:66,2,11,45
BRDA:70,3,0,2
BRDA:70,3,1,43
BRDA:70,4,0,45
BRDA:70,4,1,45
BRDA:74,5,0,1
BRDA:74,5,1,42
BRDA:74,6,0,43
BRDA:74,6,1,43
BRDA:78,7,0,1
BRDA:78,7,1,41
BRDA:83,8,0,2
BRDA:83,8,1,39
BRDA:83,9,0,41
BRDA:83,9,1,41
BRDA:83,9,2,40
BRDA:96,10,0,1
BRDA:96,10,1,5
BRDA:101,11,0,1
BRDA:101,11,1,4
BRDA:109,12,0,2
BRDA:109,12,1,2
BRDA:120,13,0,0
BRDA:120,13,1,5
BRDA:128,14,0,1
BRDA:128,14,1,4
BRDA:146,15,0,6
BRDA:146,15,1,38
BRDA:156,16,0,0
BRDA:156,16,1,4
BRDA:166,17,0,4
BRDA:166,17,1,0
BRDA:168,18,0,0
BRDA:168,18,1,4
BRDA:168,19,0,4
BRDA:168,19,1,4
BRDA:177,20,0,0
BRDA:177,20,1,4
BRDA:178,21,0,0
BRDA:178,21,1,0
BRDA:178,22,0,0
BRDA:178,22,1,0
BRDA:184,23,0,2
BRDA:184,23,1,2
BRDA:185,24,0,0
BRDA:185,24,1,2
BRDA:195,25,0,0
BRDA:195,25,1,4
BRDA:199,26,0,0
BRDA:199,26,1,0
BRDA:199,27,0,0
BRDA:199,27,1,0
BRDA:199,27,2,0
BRDA:217,28,0,2
BRDA:217,28,1,2
BRF:69
BRH:53
end_of_record
TN:
SF:Models\orderModel.js
FN:66,(anonymous_0)
FN:71,(anonymous_1)
FNF:2
FNH:2
FNDA:8,(anonymous_0)
FNDA:33,(anonymous_1)
DA:1,2
DA:4,2
DA:7,2
DA:66,2
DA:67,8
DA:68,8
DA:71,2
DA:72,33
DA:75,33
DA:76,2
DA:78,31
DA:79,2
DA:81,29
DA:82,2
DA:86,27
DA:94,26
DA:97,2
LF:17
LH:17
BRDA:75,0,0,2
BRDA:75,0,1,31
BRDA:75,1,0,33
BRDA:75,1,1,31
BRDA:78,2,0,2
BRDA:78,2,1,29
BRDA:81,3,0,2
BRDA:81,3,1,27
BRF:8
BRH:8
end_of_record
TN:
SF:Models\userModel.js
FN:33,(anonymous_0)
FN:66,(anonymous_1)
FNF:2
FNH:2
FNDA:98,(anonymous_0)
FNDA:13,(anonymous_1)
DA:1,4
DA:2,4
DA:3,4
DA:5,4
DA:8,4
DA:33,4
DA:37,98
DA:38,6
DA:40,92
DA:41,2
DA:43,90
DA:44,2
DA:47,88
DA:48,88
DA:49,2
DA:51,86
DA:52,86
DA:53,0
DA:56,86
DA:57,86
DA:59,86
DA:61,86
DA:66,4
DA:67,13
DA:68,4
DA:70,9
DA:71,0
DA:73,9
DA:74,9
DA:75,2
DA:78,7
DA:79,7
DA:80,2
DA:83,5
DA:90,4
LF:35
LH:33
BRDA:37,0,0,6
BRDA:37,0,1,92
BRDA:37,1,0,98
BRDA:37,1,1,96
BRDA:37,1,2,94
BRDA:40,2,0,2
BRDA:40,2,1,90
BRDA:43,3,0,2
BRDA:43,3,1,88
BRDA:48,4,0,2
BRDA:48,4,1,86
BRDA:52,5,0,0
BRDA:52,5,1,86
BRDA:67,6,0,4
BRDA:67,6,1,9
BRDA:67,7,0,13
BRDA:67,7,1,11
BRDA:70,8,0,0
BRDA:70,8,1,9
BRDA:74,9,0,2
BRDA:74,9,1,7
BRDA:79,10,0,2
BRDA:79,10,1,5
BRF:23
BRH:21
end_of_record
TN:
SF:controllers\carController.js
FN:4,(anonymous_0)
FN:20,(anonymous_1)
FN:41,(anonymous_2)
FN:46,(anonymous_3)
FN:68,(anonymous_4)
FN:77,(anonymous_5)
FN:93,(anonymous_6)
FN:102,(anonymous_7)
FNF:8
FNH:6
FNDA:2,(anonymous_0)
FNDA:4,(anonymous_1)
FNDA:33,(anonymous_2)
FNDA:0,(anonymous_3)
FNDA:2,(anonymous_4)
FNDA:0,(anonymous_5)
FNDA:3,(anonymous_6)
FNDA:6,(anonymous_7)
DA:1,1
DA:2,1
DA:4,1
DA:5,2
DA:7,2
DA:8,2
DA:10,2
DA:11,1
DA:13,1
DA:16,0
DA:20,1
DA:21,4
DA:23,4
DA:25,4
DA:26,1
DA:29,3
DA:31,3
DA:32,2
DA:35,1
DA:37,0
DA:41,1
DA:42,33
DA:44,33
DA:46,33
DA:48,33
DA:62,32
DA:64,1
DA:68,1
DA:69,2
DA:70,2
DA:72,2
DA:73,2
DA:76,2
DA:77,0
DA:78,0
DA:81,2
DA:83,2
DA:84,1
DA:86,1
DA:89,0
DA:93,1
DA:94,3
DA:95,3
DA:96,3
DA:98,0
DA:102,1
DA:103,6
DA:105,6
DA:107,6
DA:108,1
DA:109,1
DA:113,5
DA:116,5
DA:128,5
DA:130,0
DA:134,1
LF:56
LH:49
BRDA:10,0,0,1
BRDA:10,0,1,1
BRDA:25,1,0,1
BRDA:25,1,1,3
BRDA:31,2,0,2
BRDA:31,2,1,1
BRDA:46,3,0,0
BRDA:46,3,1,33
BRDA:76,4,0,0
BRDA:76,4,1,2
BRDA:76,5,0,2
BRDA:76,5,1,0
BRDA:83,6,0,1
BRDA:83,6,1,1
BRDA:107,7,0,1
BRDA:107,7,1,5
BRDA:107,8,0,6
BRDA:107,8,1,5
BRF:18
BRH:15
end_of_record
TN:
SF:controllers\orderController.js
FN:5,(anonymous_0)
FN:20,(anonymous_1)
FNF:2
FNH:2
FNDA:5,(anonymous_0)
FNDA:20,(anonymous_1)
DA:1,1
DA:2,1
DA:5,1
DA:6,5
DA:7,5
DA:8,5
DA:13,0
DA:20,1
DA:21,20
DA:22,20
DA:25,20
DA:26,20
DA:28,20
DA:29,6
DA:30,6
DA:31,6
DA:32,5
DA:34,1
DA:38,20
DA:45,16
DA:51,4
DA:58,1
LF:22
LH:21
BRDA:28,0,0,6
BRDA:28,0,1,14
BRF:2
BRH:2
end_of_record
TN:
SF:controllers\userController.js
FN:7,(anonymous_0)
FN:12,(anonymous_1)
FN:30,(anonymous_2)
FNF:3
FNH:3
FNDA:16,(anonymous_0)
FNDA:8,(anonymous_1)
FNDA:18,(anonymous_2)
DA:1,1
DA:2,1
DA:3,1
DA:7,1
DA:8,16
DA:12,1
DA:13,8
DA:14,8
DA:15,8
DA:18,4
DA:19,4
DA:21,4
DA:30,1
DA:31,18
DA:33,18
DA:34,18
DA:37,12
DA:40,12
DA:42,6
DA:52,1
LF:20
LH:20
BRF:0
BRH:0
end_of_record
TN:
SF:middleware\requireAuth.js
FN:3,(anonymous_0)
FN:27,(anonymous_1)
FNF:2
FNH:2
FNDA:43,(anonymous_0)
FNDA:40,(anonymous_1)
DA:1,1
DA:2,1
DA:3,1
DA:5,43
DA:7,43
DA:8,3
DA:11,40
DA:13,40
DA:14,40
DA:16,40
DA:17,40
DA:20,0
DA:21,0
DA:27,1
DA:28,40
DA:29,3
DA:31,37
DA:34,1
LF:18
LH:16
BRDA:7,0,0,3
BRDA:7,0,1,40
BRDA:28,1,0,3
BRDA:28,1,1,37
BRF:4
BRH:4
end_of_record
